#
# There is insufficient memory for the Java Runtime Environment to continue.
# Native memory allocation (mmap) failed to map 140509184 bytes for committing reserved memory.
# Possible reasons:
#   The system is out of physical RAM or swap space
#   In 32 bit mode, the process size limit was hit
# Possible solutions:
#   Reduce memory load on the system
#   Increase physical memory or swap space
#   Check if swap backing store is full
#   Use 64 bit Java on a 64 bit OS
#   Decrease Java heap size (-Xmx/-Xms)
#   Decrease number of Java threads
#   Decrease Java thread stack sizes (-Xss)
#   Set larger code cache with -XX:ReservedCodeCacheSize=
# This output file may be truncated or incomplete.
#
#  Out of Memory Error (os_linux.cpp:2673), pid=4518, tid=140208686606080
#
# JRE version: Java(TM) SE Runtime Environment (8.0_45-b14) (build 1.8.0_45-b14)
# Java VM: Java HotSpot(TM) 64-Bit Server VM (25.45-b02 mixed mode linux-amd64 compressed oops)
# Failed to write core dump. Core dumps have been disabled. To enable core dumping, try "ulimit -c unlimited" before starting Java again
#

---------------  T H R E A D  ---------------

Current thread (0x00007f84f4078000):  VMThread [stack: 0x00007f84e0e5a000,0x00007f84e0f5b000] [id=4546]

Stack: [0x00007f84e0e5a000,0x00007f84e0f5b000],  sp=0x00007f84e0f591e0,  free space=1020k
Native frames: (J=compiled Java code, j=interpreted, Vv=VM code, C=native code)
V  [libjvm.so+0xaac99a]  VMError::report_and_die()+0x2ba
V  [libjvm.so+0x4f333b]  report_vm_out_of_memory(char const*, int, unsigned long, VMErrorType, char const*)+0x8b
V  [libjvm.so+0x90e7c3]  os::Linux::commit_memory_impl(char*, unsigned long, bool)+0x103
V  [libjvm.so+0x90ed19]  os::pd_commit_memory(char*, unsigned long, unsigned long, bool)+0x29
V  [libjvm.so+0x90867a]  os::commit_memory(char*, unsigned long, unsigned long, bool)+0x2a
V  [libjvm.so+0x97bac3]  PSVirtualSpace::expand_by(unsigned long)+0x53
V  [libjvm.so+0x97cec8]  PSYoungGen::resize_generation(unsigned long, unsigned long)+0xf8
V  [libjvm.so+0x97c022]  PSYoungGen::resize(unsigned long, unsigned long)+0x22
V  [libjvm.so+0x9792fb]  PSScavenge::invoke_no_policy()+0xf7b
V  [libjvm.so+0x979a81]  PSScavenge::invoke()+0x41
V  [libjvm.so+0x932050]  ParallelScavengeHeap::failed_mem_allocate(unsigned long)+0x70
V  [libjvm.so+0xaae1d7]  VM_ParallelGCFailedAllocation::doit()+0x97
V  [libjvm.so+0xab59c5]  VM_Operation::evaluate()+0x55
V  [libjvm.so+0xab3d9a]  VMThread::evaluate_operation(VM_Operation*)+0xba
V  [libjvm.so+0xab411e]  VMThread::loop()+0x1ce
V  [libjvm.so+0xab4590]  VMThread::run()+0x70
V  [libjvm.so+0x910de8]  java_start(Thread*)+0x108

VM_Operation (0x00007f84fb5e8130): ParallelGCFailedAllocation, mode: safepoint, requested by thread 0x00007f84f400a000


---------------  P R O C E S S  ---------------

Java Threads: ( => current thread )
  0x00007f84f40c2800 JavaThread "Service Thread" daemon [_thread_blocked, id=4574, stack(0x00007f84e0071000,0x00007f84e0172000)]
  0x00007f84f40bd800 JavaThread "C1 CompilerThread2" daemon [_thread_blocked, id=4563, stack(0x00007f84e0172000,0x00007f84e0273000)]
  0x00007f84f40bb800 JavaThread "C2 CompilerThread1" daemon [_thread_blocked, id=4561, stack(0x00007f84e0273000,0x00007f84e0374000)]
  0x00007f84f40b8800 JavaThread "C2 CompilerThread0" daemon [_thread_blocked, id=4560, stack(0x00007f84e0374000,0x00007f84e0475000)]
  0x00007f84f40b7000 JavaThread "Signal Dispatcher" daemon [_thread_blocked, id=4559, stack(0x00007f84e0475000,0x00007f84e0576000)]
  0x00007f84f407f800 JavaThread "Finalizer" daemon [_thread_blocked, id=4555, stack(0x00007f84e0c58000,0x00007f84e0d59000)]
  0x00007f84f407d000 JavaThread "Reference Handler" daemon [_thread_blocked, id=4553, stack(0x00007f84e0d59000,0x00007f84e0e5a000)]
  0x00007f84f400a000 JavaThread "main" [_thread_blocked, id=4526, stack(0x00007f84fb4e9000,0x00007f84fb5ea000)]

Other Threads:
=>0x00007f84f4078000 VMThread [stack: 0x00007f84e0e5a000,0x00007f84e0f5b000] [id=4546]
  0x00007f84f40c5000 WatcherThread [stack: 0x00007f84b3eff000,0x00007f84b4000000] [id=4579]

VM state:at safepoint (normal execution)

VM Mutex/Monitor currently owned by a thread:  ([mutex/lock_event])
[0x00007f84f4006380] Threads_lock - owner thread: 0x00007f84f4078000
[0x00007f84f4006880] Heap_lock - owner thread: 0x00007f84f400a000

Heap:
 PSYoungGen      total 136192K, used 14836K [0x00000000eab00000, 0x00000000f4000000, 0x0000000100000000)
  eden space 121344K, 0% used [0x00000000eab00000,0x00000000eab00000,0x00000000f2180000)
  from space 14848K, 99% used [0x00000000f2180000,0x00000000f2ffd1a8,0x00000000f3000000)
  to   space 13312K, 0% used [0x00000000f3000000,0x00000000f3000000,0x00000000f3d00000)
 ParOldGen       total 40960K, used 34746K [0x00000000c0000000, 0x00000000c2800000, 0x00000000eab00000)
  object space 40960K, 84% used [0x00000000c0000000,0x00000000c21ee8b0,0x00000000c2800000)
 Metaspace       used 6427K, capacity 7256K, committed 7424K, reserved 1056768K
  class space    used 616K, capacity 656K, committed 768K, reserved 1048576K

Card table byte_map: [0x00007f84f80d0000,0x00007f84f82d1000] byte_map_base: 0x00007f84f7ad0000

Marking Bits: (ParMarkBitMap*) 0x00007f84fa9ce760
 Begin Bits: [0x00007f84e2aa6000, 0x00007f84e3aa6000)
 End Bits:   [0x00007f84e3aa6000, 0x00007f84e4aa6000)

Polling page: 0x00007f84fb614000

CodeCache: size=245760Kb used=7533Kb max_used=7533Kb free=238226Kb
 bounds [0x00007f84e5000000, 0x00007f84e5760000, 0x00007f84f4000000]
 total_blobs=2195 nmethods=1927 adapters=182
 compilation: enabled

Compilation events (10 events):
Event: 9.882 Thread 0x00007f84f40bd800 2321       3       java.util.TreeMap::fixAfterInsertion (267 bytes)
Event: 9.885 Thread 0x00007f84f40bd800 nmethod 2321 0x00007f84e575a190 code [0x00007f84e575a620, 0x00007f84e575cd38]
Event: 9.889 Thread 0x00007f84f40bd800 2322       2       com.android.dx.dex.file.TypeIdItem::addContents (16 bytes)
Event: 9.890 Thread 0x00007f84f40bd800 nmethod 2322 0x00007f84e575ded0 code [0x00007f84e575e060, 0x00007f84e575e408]
Event: 9.890 Thread 0x00007f84f40bd800 2323       2       com.android.dx.rop.cst.CstType::getDescriptor (30 bytes)
Event: 9.890 Thread 0x00007f84f40bd800 nmethod 2323 0x00007f84e575e690 code [0x00007f84e575e800, 0x00007f84e575ea08]
Event: 9.910 Thread 0x00007f84f40bd800 2324       1       com.android.dx.dex.file.DexFile::getStringData (5 bytes)
Event: 9.911 Thread 0x00007f84f40bd800 nmethod 2324 0x00007f84e575eb10 code [0x00007f84e575ec60, 0x00007f84e575ed70]
Event: 9.913 Thread 0x00007f84f40bd800 2325       2       com.android.dx.dex.file.StringIdItem::addContents (36 bytes)
Event: 9.914 Thread 0x00007f84f40bd800 nmethod 2325 0x00007f84e575edd0 code [0x00007f84e575ef60, 0x00007f84e575f278]

GC Heap History (10 events):
Event: 2.233 GC heap after
Heap after GC invocations=2 (full 0):
 PSYoungGen      total 33280K, used 2542K [0x00000000eab00000, 0x00000000ece00000, 0x0000000100000000)
  eden space 30720K, 0% used [0x00000000eab00000,0x00000000eab00000,0x00000000ec900000)
  from space 2560K, 99% used [0x00000000ecb80000,0x00000000ecdfbb98,0x00000000ece00000)
  to   space 2560K, 0% used [0x00000000ec900000,0x00000000ec900000,0x00000000ecb80000)
 ParOldGen       total 40960K, used 2819K [0x00000000c0000000, 0x00000000c2800000, 0x00000000eab00000)
  object space 40960K, 6% used [0x00000000c0000000,0x00000000c02c0e10,0x00000000c2800000)
 Metaspace       used 5768K, capacity 6768K, committed 7040K, reserved 1056768K
  class space    used 588K, capacity 616K, committed 640K, reserved 1048576K
}
Event: 3.165 GC heap before
{Heap before GC invocations=3 (full 0):
 PSYoungGen      total 33280K, used 33262K [0x00000000eab00000, 0x00000000ece00000, 0x0000000100000000)
  eden space 30720K, 100% used [0x00000000eab00000,0x00000000ec900000,0x00000000ec900000)
  from space 2560K, 99% used [0x00000000ecb80000,0x00000000ecdfbb98,0x00000000ece00000)
  to   space 2560K, 0% used [0x00000000ec900000,0x00000000ec900000,0x00000000ecb80000)
 ParOldGen       total 40960K, used 2819K [0x00000000c0000000, 0x00000000c2800000, 0x00000000eab00000)
  object space 40960K, 6% used [0x00000000c0000000,0x00000000c02c0e10,0x00000000c2800000)
 Metaspace       used 5832K, capacity 6832K, committed 7040K, reserved 1056768K
  class space    used 589K, capacity 616K, committed 640K, reserved 1048576K
Event: 3.221 GC heap after
Heap after GC invocations=3 (full 0):
 PSYoungGen      total 33280K, used 2550K [0x00000000eab00000, 0x00000000eec00000, 0x0000000100000000)
  eden space 30720K, 0% used [0x00000000eab00000,0x00000000eab00000,0x00000000ec900000)
  from space 2560K, 99% used [0x00000000ec900000,0x00000000ecb7d900,0x00000000ecb80000)
  to   space 2560K, 0% used [0x00000000ee980000,0x00000000ee980000,0x00000000eec00000)
 ParOldGen       total 40960K, used 8130K [0x00000000c0000000, 0x00000000c2800000, 0x00000000eab00000)
  object space 40960K, 19% used [0x00000000c0000000,0x00000000c07f0a88,0x00000000c2800000)
 Metaspace       used 5832K, capacity 6832K, committed 7040K, reserved 1056768K
  class space    used 589K, capacity 616K, committed 640K, reserved 1048576K
}
Event: 3.862 GC heap before
{Heap before GC invocations=4 (full 0):
 PSYoungGen      total 33280K, used 33270K [0x00000000eab00000, 0x00000000eec00000, 0x0000000100000000)
  eden space 30720K, 100% used [0x00000000eab00000,0x00000000ec900000,0x00000000ec900000)
  from space 2560K, 99% used [0x00000000ec900000,0x00000000ecb7d900,0x00000000ecb80000)
  to   space 2560K, 0% used [0x00000000ee980000,0x00000000ee980000,0x00000000eec00000)
 ParOldGen       total 40960K, used 8130K [0x00000000c0000000, 0x00000000c2800000, 0x00000000eab00000)
  object space 40960K, 19% used [0x00000000c0000000,0x00000000c07f0a88,0x00000000c2800000)
 Metaspace       used 5872K, capacity 6832K, committed 7040K, reserved 1056768K
  class space    used 589K, capacity 616K, committed 640K, reserved 1048576K
Event: 3.919 GC heap after
Heap after GC invocations=4 (full 0):
 PSYoungGen      total 64000K, used 2535K [0x00000000eab00000, 0x00000000eec00000, 0x0000000100000000)
  eden space 61440K, 0% used [0x00000000eab00000,0x00000000eab00000,0x00000000ee700000)
  from space 2560K, 99% used [0x00000000ee980000,0x00000000eebf9f58,0x00000000eec00000)
  to   space 2560K, 0% used [0x00000000ee700000,0x00000000ee700000,0x00000000ee980000)
 ParOldGen       total 40960K, used 12937K [0x00000000c0000000, 0x00000000c2800000, 0x00000000eab00000)
  object space 40960K, 31% used [0x00000000c0000000,0x00000000c0ca25d8,0x00000000c2800000)
 Metaspace       used 5872K, capacity 6832K, committed 7040K, reserved 1056768K
  class space    used 589K, capacity 616K, committed 640K, reserved 1048576K
}
Event: 5.270 GC heap before
{Heap before GC invocations=5 (full 0):
 PSYoungGen      total 64000K, used 63975K [0x00000000eab00000, 0x00000000eec00000, 0x0000000100000000)
  eden space 61440K, 100% used [0x00000000eab00000,0x00000000ee700000,0x00000000ee700000)
  from space 2560K, 99% used [0x00000000ee980000,0x00000000eebf9f58,0x00000000eec00000)
  to   space 2560K, 0% used [0x00000000ee700000,0x00000000ee700000,0x00000000ee980000)
 ParOldGen       total 40960K, used 12937K [0x00000000c0000000, 0x00000000c2800000, 0x00000000eab00000)
  object space 40960K, 31% used [0x00000000c0000000,0x00000000c0ca25d8,0x00000000c2800000)
 Metaspace       used 5931K, capacity 6896K, committed 7040K, reserved 1056768K
  class space    used 589K, capacity 616K, committed 640K, reserved 1048576K
Event: 5.399 GC heap after
Heap after GC invocations=5 (full 0):
 PSYoungGen      total 64000K, used 2534K [0x00000000eab00000, 0x00000000f3d00000, 0x0000000100000000)
  eden space 61440K, 0% used [0x00000000eab00000,0x00000000eab00000,0x00000000ee700000)
  from space 2560K, 99% used [0x00000000ee700000,0x00000000ee979b40,0x00000000ee980000)
  to   space 13312K, 0% used [0x00000000f3000000,0x00000000f3000000,0x00000000f3d00000)
 ParOldGen       total 40960K, used 22807K [0x00000000c0000000, 0x00000000c2800000, 0x00000000eab00000)
  object space 40960K, 55% used [0x00000000c0000000,0x00000000c1645cd8,0x00000000c2800000)
 Metaspace       used 5931K, capacity 6896K, committed 7040K, reserved 1056768K
  class space    used 589K, capacity 616K, committed 640K, reserved 1048576K
}
Event: 6.292 GC heap before
{Heap before GC invocations=6 (full 0):
 PSYoungGen      total 64000K, used 63974K [0x00000000eab00000, 0x00000000f3d00000, 0x0000000100000000)
  eden space 61440K, 100% used [0x00000000eab00000,0x00000000ee700000,0x00000000ee700000)
  from space 2560K, 99% used [0x00000000ee700000,0x00000000ee979b40,0x00000000ee980000)
  to   space 13312K, 0% used [0x00000000f3000000,0x00000000f3000000,0x00000000f3d00000)
 ParOldGen       total 40960K, used 22807K [0x00000000c0000000, 0x00000000c2800000, 0x00000000eab00000)
  object space 40960K, 55% used [0x00000000c0000000,0x00000000c1645cd8,0x00000000c2800000)
 Metaspace       used 6054K, capacity 6966K, committed 7040K, reserved 1056768K
  class space    used 609K, capacity 622K, committed 640K, reserved 1048576K
Event: 6.397 GC heap after
Heap after GC invocations=6 (full 0):
 PSYoungGen      total 134656K, used 11619K [0x00000000eab00000, 0x00000000f4000000, 0x0000000100000000)
  eden space 121344K, 0% used [0x00000000eab00000,0x00000000eab00000,0x00000000f2180000)
  from space 13312K, 87% used [0x00000000f3000000,0x00000000f3b58fe0,0x00000000f3d00000)
  to   space 14848K, 0% used [0x00000000f2180000,0x00000000f2180000,0x00000000f3000000)
 ParOldGen       total 40960K, used 22807K [0x00000000c0000000, 0x00000000c2800000, 0x00000000eab00000)
  object space 40960K, 55% used [0x00000000c0000000,0x00000000c1645cd8,0x00000000c2800000)
 Metaspace       used 6054K, capacity 6966K, committed 7040K, reserved 1056768K
  class space    used 609K, capacity 622K, committed 640K, reserved 1048576K
}
Event: 9.920 GC heap before
{Heap before GC invocations=7 (full 0):
 PSYoungGen      total 134656K, used 132963K [0x00000000eab00000, 0x00000000f4000000, 0x0000000100000000)
  eden space 121344K, 100% used [0x00000000eab00000,0x00000000f2180000,0x00000000f2180000)
  from space 13312K, 87% used [0x00000000f3000000,0x00000000f3b58fe0,0x00000000f3d00000)
  to   space 14848K, 0% used [0x00000000f2180000,0x00000000f2180000,0x00000000f3000000)
 ParOldGen       total 40960K, used 22807K [0x00000000c0000000, 0x00000000c2800000, 0x00000000eab00000)
  object space 40960K, 55% used [0x00000000c0000000,0x00000000c1645cd8,0x00000000c2800000)
 Metaspace       used 6427K, capacity 7256K, committed 7424K, reserved 1056768K
  class space    used 616K, capacity 656K, committed 768K, reserved 1048576K

Deoptimization events (10 events):
Event: 5.656 Thread 0x00007f84f4151800 Uncommon trap: reason=unstable_if action=reinterpret pc=0x00007f84e54ba75c method=java.util.HashMap.putVal(ILjava/lang/Object;Ljava/lang/Object;ZZ)Ljava/lang/Object; @ 109
Event: 5.954 Thread 0x00007f84f414e800 Uncommon trap: reason=unstable_if action=reinterpret pc=0x00007f84e551da90 method=java.util.HashMap.getNode(ILjava/lang/Object;)Ljava/util/HashMap$Node; @ 84
Event: 6.155 Thread 0x00007f84f4151800 Uncommon trap: reason=unstable_if action=reinterpret pc=0x00007f84e53981d4 method=com.android.dx.dex.code.OutputFinisher.hasLocalInfo(Lcom/android/dx/dex/code/DalvInsn;)Z @ 24
Event: 6.269 Thread 0x00007f84f400a000 Uncommon trap: reason=unstable_if action=reinterpret pc=0x00007f84e549ae18 method=com.android.dx.ssa.SCCP.simulateStmt(Lcom/android/dx/ssa/SsaInsn;)V @ 59
Event: 8.905 Thread 0x00007f84f4151800 Uncommon trap: reason=unstable_if action=reinterpret pc=0x00007f84e563bb0c method=com.android.dx.ssa.SCCP.simulateBranch(Lcom/android/dx/ssa/SsaInsn;)V @ 548
Event: 9.527 Thread 0x00007f84f400a000 Uncommon trap: reason=class_check action=maybe_recompile pc=0x00007f84e5406738 method=java.util.Arrays.hashCode([Ljava/lang/Object;)I @ 43
Event: 9.527 Thread 0x00007f84f400a000 Uncommon trap: reason=class_check action=maybe_recompile pc=0x00007f84e5406738 method=java.util.Arrays.hashCode([Ljava/lang/Object;)I @ 43
Event: 9.528 Thread 0x00007f84f400a000 Uncommon trap: reason=class_check action=maybe_recompile pc=0x00007f84e5406738 method=java.util.Arrays.hashCode([Ljava/lang/Object;)I @ 43
Event: 9.528 Thread 0x00007f84f400a000 Uncommon trap: reason=class_check action=maybe_recompile pc=0x00007f84e5406738 method=java.util.Arrays.hashCode([Ljava/lang/Object;)I @ 43
Event: 9.528 Thread 0x00007f84f400a000 Uncommon trap: reason=class_check action=maybe_recompile pc=0x00007f84e5406d38 method=java.util.Arrays.hashCode([Ljava/lang/Object;)I @ 43

Internal exceptions (6 events):
Event: 0.382 Thread 0x00007f84f400a000 Exception <a 'java/lang/NoSuchMethodError': Method sun.misc.Unsafe.defineClass(Ljava/lang/String;[BII)Ljava/lang/Class; name or signature does not match> (0x00000000eab12a38) thrown at [/RE-WORK/workspace/8-2-build-linux-amd64/jdk8u45/3457/hotspot/src/sha
Event: 0.382 Thread 0x00007f84f400a000 Exception <a 'java/lang/NoSuchMethodError': Method sun.misc.Unsafe.prefetchRead(Ljava/lang/Object;J)V name or signature does not match> (0x00000000eab12cc8) thrown at [/RE-WORK/workspace/8-2-build-linux-amd64/jdk8u45/3457/hotspot/src/share/vm/prims/jni.cp
Event: 2.364 Thread 0x00007f84f400a000 Implicit null exception at 0x00007f84e52e55bd to 0x00007f84e52e84e5
Event: 5.489 Thread 0x00007f84f4140800 Exception <a 'java/lang/ArrayIndexOutOfBoundsException': 18> (0x00000000eb36c5b0) thrown at [/RE-WORK/workspace/8-2-build-linux-amd64/jdk8u45/3457/hotspot/src/share/vm/interpreter/interpreterRuntime.cpp, line 366]
Event: 5.489 Thread 0x00007f84f4140800 Exception <a 'java/lang/ArrayIndexOutOfBoundsException': 145> (0x00000000eb36e080) thrown at [/RE-WORK/workspace/8-2-build-linux-amd64/jdk8u45/3457/hotspot/src/share/vm/interpreter/interpreterRuntime.cpp, line 366]
Event: 5.502 Thread 0x00007f84f4140800 Exception <a 'java/lang/ArrayIndexOutOfBoundsException': 40> (0x00000000eb36f2b8) thrown at [/RE-WORK/workspace/8-2-build-linux-amd64/jdk8u45/3457/hotspot/src/share/vm/interpreter/interpreterRuntime.cpp, line 366]

Events (10 events):
Event: 9.720 Thread 0x00007f84f400a000 DEOPT UNPACKING pc=0x00007f84e5047633 sp=0x00007f84fb5e8110 mode 0
Event: 9.771 loading class com/android/dx/dex/file/ProtoIdItem
Event: 9.771 loading class com/android/dx/dex/file/ProtoIdItem done
Event: 9.876 Thread 0x00007f84f400a000 DEOPT PACKING pc=0x00007f84e5749177 sp=0x00007f84fb5e8330
Event: 9.876 Thread 0x00007f84f400a000 DEOPT UNPACKING pc=0x00007f84e5047633 sp=0x00007f84fb5e80b0 mode 0
Event: 9.886 Thread 0x00007f84f400a000 DEOPT PACKING pc=0x00007f84e539c2ee sp=0x00007f84fb5e8270
Event: 9.886 Thread 0x00007f84f400a000 DEOPT UNPACKING pc=0x00007f84e5047633 sp=0x00007f84fb5e7fd8 mode 0
Event: 9.910 loading class com/android/dex/Leb128
Event: 9.910 loading class com/android/dex/Leb128 done
Event: 9.920 Executing VM operation: ParallelGCFailedAllocation


Dynamic libraries:
00400000-00401000 r-xp 00000000 08:05 12064184                           /usr/lib/java/jdk1.8.0_45/bin/java
00600000-00601000 rw-p 00000000 08:05 12064184                           /usr/lib/java/jdk1.8.0_45/bin/java
00e8f000-00eb0000 rw-p 00000000 00:00 0                                  [heap]
c0000000-c2800000 rw-p 00000000 00:00 0 
c2800000-eab00000 ---p 00000000 00:00 0 
eab00000-f4000000 rw-p 00000000 00:00 0 
fc600000-100000000 ---p 00000000 00:00 0 
100000000-1000c0000 rw-p 00000000 00:00 0 
1000c0000-140000000 ---p 00000000 00:00 0 
7f8490000000-7f849003d000 rw-p 00000000 00:00 0 
7f849003d000-7f8494000000 ---p 00000000 00:00 0 
7f8498000000-7f8498021000 rw-p 00000000 00:00 0 
7f8498021000-7f849c000000 ---p 00000000 00:00 0 
7f849c000000-7f849c024000 rw-p 00000000 00:00 0 
7f849c024000-7f84a0000000 ---p 00000000 00:00 0 
7f84a0000000-7f84a002c000 rw-p 00000000 00:00 0 
7f84a002c000-7f84a4000000 ---p 00000000 00:00 0 
7f84a4000000-7f84a4021000 rw-p 00000000 00:00 0 
7f84a4021000-7f84a8000000 ---p 00000000 00:00 0 
7f84a8000000-7f84a8021000 rw-p 00000000 00:00 0 
7f84a8021000-7f84ac000000 ---p 00000000 00:00 0 
7f84ac000000-7f84ac021000 rw-p 00000000 00:00 0 
7f84ac021000-7f84b0000000 ---p 00000000 00:00 0 
7f84b39fa000-7f84b39fd000 ---p 00000000 00:00 0 
7f84b39fd000-7f84b3afb000 rw-p 00000000 00:00 0 
7f84b3afb000-7f84b3afe000 ---p 00000000 00:00 0 
7f84b3afe000-7f84b3bfc000 rw-p 00000000 00:00 0 
7f84b3bfc000-7f84b3bff000 ---p 00000000 00:00 0 
7f84b3bff000-7f84b3cfd000 rw-p 00000000 00:00 0 
7f84b3cfd000-7f84b3d00000 ---p 00000000 00:00 0 
7f84b3d00000-7f84b3dfe000 rw-p 00000000 00:00 0 
7f84b3dfe000-7f84b3e01000 ---p 00000000 00:00 0 
7f84b3e01000-7f84b3eff000 rw-p 00000000 00:00 0 
7f84b3eff000-7f84b3f00000 ---p 00000000 00:00 0 
7f84b3f00000-7f84b4000000 rw-p 00000000 00:00 0                          [stack:4579]
7f84b4000000-7f84b4f57000 rw-p 00000000 00:00 0 
7f84b4f57000-7f84b8000000 ---p 00000000 00:00 0 
7f84b8000000-7f84b8c80000 rw-p 00000000 00:00 0 
7f84b8c80000-7f84bc000000 ---p 00000000 00:00 0 
7f84bc000000-7f84bc021000 rw-p 00000000 00:00 0 
7f84bc021000-7f84c0000000 ---p 00000000 00:00 0 
7f84c0000000-7f84c1c0f000 rw-p 00000000 00:00 0 
7f84c1c0f000-7f84c4000000 ---p 00000000 00:00 0 
7f84c4000000-7f84c4021000 rw-p 00000000 00:00 0 
7f84c4021000-7f84c8000000 ---p 00000000 00:00 0 
7f84c8000000-7f84c8021000 rw-p 00000000 00:00 0 
7f84c8021000-7f84cc000000 ---p 00000000 00:00 0 
7f84cc000000-7f84cc021000 rw-p 00000000 00:00 0 
7f84cc021000-7f84d0000000 ---p 00000000 00:00 0 
7f84d0000000-7f84d028a000 rw-p 00000000 00:00 0 
7f84d028a000-7f84d4000000 ---p 00000000 00:00 0 
7f84d4000000-7f84d4021000 rw-p 00000000 00:00 0 
7f84d4021000-7f84d8000000 ---p 00000000 00:00 0 
7f84d8000000-7f84d8021000 rw-p 00000000 00:00 0 
7f84d8021000-7f84dc000000 ---p 00000000 00:00 0 
7f84dc000000-7f84dc021000 rw-p 00000000 00:00 0 
7f84dc021000-7f84e0000000 ---p 00000000 00:00 0 
7f84e0062000-7f84e0071000 r--s 000df000 08:05 532497                     /home/arpit/Android/Sdk/build-tools/23.0.2/lib/dx.jar
7f84e0071000-7f84e0074000 ---p 00000000 00:00 0 
7f84e0074000-7f84e0172000 rw-p 00000000 00:00 0                          [stack:4574]
7f84e0172000-7f84e0175000 ---p 00000000 00:00 0 
7f84e0175000-7f84e0273000 rw-p 00000000 00:00 0                          [stack:4563]
7f84e0273000-7f84e0276000 ---p 00000000 00:00 0 
7f84e0276000-7f84e0374000 rw-p 00000000 00:00 0                          [stack:4561]
7f84e0374000-7f84e0377000 ---p 00000000 00:00 0 
7f84e0377000-7f84e0475000 rw-p 00000000 00:00 0                          [stack:4560]
7f84e0475000-7f84e0478000 ---p 00000000 00:00 0 
7f84e0478000-7f84e0576000 rw-p 00000000 00:00 0                          [stack:4559]
7f84e0576000-7f84e0c58000 r--p 00000000 08:05 12852234                   /usr/lib/locale/locale-archive
7f84e0c58000-7f84e0c5b000 ---p 00000000 00:00 0 
7f84e0c5b000-7f84e0d59000 rw-p 00000000 00:00 0                          [stack:4555]
7f84e0d59000-7f84e0d5c000 ---p 00000000 00:00 0 
7f84e0d5c000-7f84e0e5a000 rw-p 00000000 00:00 0                          [stack:4553]
7f84e0e5a000-7f84e0e5b000 ---p 00000000 00:00 0 
7f84e0e5b000-7f84e1ecd000 rw-p 00000000 00:00 0                          [stack:4546]
7f84e1ecd000-7f84e20a6000 r--s 03d09000 08:05 12063986                   /usr/lib/java/jdk1.8.0_45/jre/lib/rt.jar
7f84e20a6000-7f84e2726000 rw-p 00000000 00:00 0 
7f84e2726000-7f84e28a6000 ---p 00000000 00:00 0 
7f84e28a6000-7f84e4aa6000 rw-p 00000000 00:00 0 
7f84e4aa6000-7f84e4aa7000 ---p 00000000 00:00 0 
7f84e4aa7000-7f84e4ba7000 rw-p 00000000 00:00 0                          [stack:4539]
7f84e4ba7000-7f84e4ba8000 ---p 00000000 00:00 0 
7f84e4ba8000-7f84e4ca8000 rw-p 00000000 00:00 0                          [stack:4538]
7f84e4ca8000-7f84e4ca9000 ---p 00000000 00:00 0 
7f84e4ca9000-7f84e4da9000 rw-p 00000000 00:00 0                          [stack:4537]
7f84e4da9000-7f84e4daa000 ---p 00000000 00:00 0 
7f84e4daa000-7f84e4ebe000 rw-p 00000000 00:00 0                          [stack:4536]
7f84e4ebe000-7f84e5000000 ---p 00000000 00:00 0 
7f84e5000000-7f84e5760000 rwxp 00000000 00:00 0 
7f84e5760000-7f84f4000000 ---p 00000000 00:00 0 
7f84f4000000-7f84f4394000 rw-p 00000000 00:00 0 
7f84f4394000-7f84f8000000 ---p 00000000 00:00 0 
7f84f800b000-7f84f80e4000 rw-p 00000000 00:00 0 
7f84f80e4000-7f84f8225000 ---p 00000000 00:00 0 
7f84f8225000-7f84f8270000 rw-p 00000000 00:00 0 
7f84f8270000-7f84f82d0000 ---p 00000000 00:00 0 
7f84f82d0000-7f84f82ef000 rw-p 00000000 00:00 0 
7f84f82ef000-7f84f8691000 ---p 00000000 00:00 0 
7f84f8691000-7f84f86ab000 r-xp 00000000 08:05 12064012                   /usr/lib/java/jdk1.8.0_45/jre/lib/amd64/libzip.so
7f84f86ab000-7f84f88ab000 ---p 0001a000 08:05 12064012                   /usr/lib/java/jdk1.8.0_45/jre/lib/amd64/libzip.so
7f84f88ab000-7f84f88ac000 rw-p 0001a000 08:05 12064012                   /usr/lib/java/jdk1.8.0_45/jre/lib/amd64/libzip.so
7f84f88ac000-7f84f88b7000 r-xp 00000000 08:05 4456553                    /lib/x86_64-linux-gnu/libnss_files-2.19.so
7f84f88b7000-7f84f8ab6000 ---p 0000b000 08:05 4456553                    /lib/x86_64-linux-gnu/libnss_files-2.19.so
7f84f8ab6000-7f84f8ab7000 r--p 0000a000 08:05 4456553                    /lib/x86_64-linux-gnu/libnss_files-2.19.so
7f84f8ab7000-7f84f8ab8000 rw-p 0000b000 08:05 4456553                    /lib/x86_64-linux-gnu/libnss_files-2.19.so
7f84f8ab8000-7f84f8ac3000 r-xp 00000000 08:05 4460569                    /lib/x86_64-linux-gnu/libnss_nis-2.19.so
7f84f8ac3000-7f84f8cc2000 ---p 0000b000 08:05 4460569                    /lib/x86_64-linux-gnu/libnss_nis-2.19.so
7f84f8cc2000-7f84f8cc3000 r--p 0000a000 08:05 4460569                    /lib/x86_64-linux-gnu/libnss_nis-2.19.so
7f84f8cc3000-7f84f8cc4000 rw-p 0000b000 08:05 4460569                    /lib/x86_64-linux-gnu/libnss_nis-2.19.so
7f84f8cc4000-7f84f8cdb000 r-xp 00000000 08:05 4456539                    /lib/x86_64-linux-gnu/libnsl-2.19.so
7f84f8cdb000-7f84f8eda000 ---p 00017000 08:05 4456539                    /lib/x86_64-linux-gnu/libnsl-2.19.so
7f84f8eda000-7f84f8edb000 r--p 00016000 08:05 4456539                    /lib/x86_64-linux-gnu/libnsl-2.19.so
7f84f8edb000-7f84f8edc000 rw-p 00017000 08:05 4456539                    /lib/x86_64-linux-gnu/libnsl-2.19.so
7f84f8edc000-7f84f8ede000 rw-p 00000000 00:00 0 
7f84f8ede000-7f84f8ee7000 r-xp 00000000 08:05 4456540                    /lib/x86_64-linux-gnu/libnss_compat-2.19.so
7f84f8ee7000-7f84f90e6000 ---p 00009000 08:05 4456540                    /lib/x86_64-linux-gnu/libnss_compat-2.19.so
7f84f90e6000-7f84f90e7000 r--p 00008000 08:05 4456540                    /lib/x86_64-linux-gnu/libnss_compat-2.19.so
7f84f90e7000-7f84f90e8000 rw-p 00009000 08:05 4456540                    /lib/x86_64-linux-gnu/libnss_compat-2.19.so
7f84f90e8000-7f84f9112000 r-xp 00000000 08:05 12064005                   /usr/lib/java/jdk1.8.0_45/jre/lib/amd64/libjava.so
7f84f9112000-7f84f9312000 ---p 0002a000 08:05 12064005                   /usr/lib/java/jdk1.8.0_45/jre/lib/amd64/libjava.so
7f84f9312000-7f84f9314000 rw-p 0002a000 08:05 12064005                   /usr/lib/java/jdk1.8.0_45/jre/lib/amd64/libjava.so
7f84f9314000-7f84f9321000 r-xp 00000000 08:05 12064047                   /usr/lib/java/jdk1.8.0_45/jre/lib/amd64/libverify.so
7f84f9321000-7f84f9521000 ---p 0000d000 08:05 12064047                   /usr/lib/java/jdk1.8.0_45/jre/lib/amd64/libverify.so
7f84f9521000-7f84f9523000 rw-p 0000d000 08:05 12064047                   /usr/lib/java/jdk1.8.0_45/jre/lib/amd64/libverify.so
7f84f9523000-7f84f952a000 r-xp 00000000 08:05 4460615                    /lib/x86_64-linux-gnu/librt-2.19.so
7f84f952a000-7f84f9729000 ---p 00007000 08:05 4460615                    /lib/x86_64-linux-gnu/librt-2.19.so
7f84f9729000-7f84f972a000 r--p 00006000 08:05 4460615                    /lib/x86_64-linux-gnu/librt-2.19.so
7f84f972a000-7f84f972b000 rw-p 00007000 08:05 4460615                    /lib/x86_64-linux-gnu/librt-2.19.so
7f84f972b000-7f84f9830000 r-xp 00000000 08:05 4456463                    /lib/x86_64-linux-gnu/libm-2.19.so
7f84f9830000-7f84f9a2f000 ---p 00105000 08:05 4456463                    /lib/x86_64-linux-gnu/libm-2.19.so
7f84f9a2f000-7f84f9a30000 r--p 00104000 08:05 4456463                    /lib/x86_64-linux-gnu/libm-2.19.so
7f84f9a30000-7f84f9a31000 rw-p 00105000 08:05 4456463                    /lib/x86_64-linux-gnu/libm-2.19.so
7f84f9a31000-7f84fa6df000 r-xp 00000000 08:05 12064053                   /usr/lib/java/jdk1.8.0_45/jre/lib/amd64/server/libjvm.so
7f84fa6df000-7f84fa8de000 ---p 00cae000 08:05 12064053                   /usr/lib/java/jdk1.8.0_45/jre/lib/amd64/server/libjvm.so
7f84fa8de000-7f84fa9b5000 rw-p 00cad000 08:05 12064053                   /usr/lib/java/jdk1.8.0_45/jre/lib/amd64/server/libjvm.so
7f84fa9b5000-7f84fa9f9000 rw-p 00000000 00:00 0 
7f84fa9f9000-7f84fabb3000 r-xp 00000000 08:05 4460501                    /lib/x86_64-linux-gnu/libc-2.19.so
7f84fabb3000-7f84fadb2000 ---p 001ba000 08:05 4460501                    /lib/x86_64-linux-gnu/libc-2.19.so
7f84fadb2000-7f84fadb6000 r--p 001b9000 08:05 4460501                    /lib/x86_64-linux-gnu/libc-2.19.so
7f84fadb6000-7f84fadb8000 rw-p 001bd000 08:05 4460501                    /lib/x86_64-linux-gnu/libc-2.19.so
7f84fadb8000-7f84fadbd000 rw-p 00000000 00:00 0 
7f84fadbd000-7f84fadc0000 r-xp 00000000 08:05 4456542                    /lib/x86_64-linux-gnu/libdl-2.19.so
7f84fadc0000-7f84fafbf000 ---p 00003000 08:05 4456542                    /lib/x86_64-linux-gnu/libdl-2.19.so
7f84fafbf000-7f84fafc0000 r--p 00002000 08:05 4456542                    /lib/x86_64-linux-gnu/libdl-2.19.so
7f84fafc0000-7f84fafc1000 rw-p 00003000 08:05 4456542                    /lib/x86_64-linux-gnu/libdl-2.19.so
7f84fafc1000-7f84fafd6000 r-xp 00000000 08:05 12064346                   /usr/lib/java/jdk1.8.0_45/lib/amd64/jli/libjli.so
7f84fafd6000-7f84fb1d6000 ---p 00015000 08:05 12064346                   /usr/lib/java/jdk1.8.0_45/lib/amd64/jli/libjli.so
7f84fb1d6000-7f84fb1d7000 rw-p 00015000 08:05 12064346                   /usr/lib/java/jdk1.8.0_45/lib/amd64/jli/libjli.so
7f84fb1d7000-7f84fb1f0000 r-xp 00000000 08:05 4456543                    /lib/x86_64-linux-gnu/libpthread-2.19.so
7f84fb1f0000-7f84fb3ef000 ---p 00019000 08:05 4456543                    /lib/x86_64-linux-gnu/libpthread-2.19.so
7f84fb3ef000-7f84fb3f0000 r--p 00018000 08:05 4456543                    /lib/x86_64-linux-gnu/libpthread-2.19.so
7f84fb3f0000-7f84fb3f1000 rw-p 00019000 08:05 4456543                    /lib/x86_64-linux-gnu/libpthread-2.19.so
7f84fb3f1000-7f84fb3f5000 rw-p 00000000 00:00 0 
7f84fb3f5000-7f84fb418000 r-xp 00000000 08:05 4456549                    /lib/x86_64-linux-gnu/ld-2.19.so
7f84fb424000-7f84fb4e9000 rw-p 00000000 00:00 0 
7f84fb4e9000-7f84fb4ec000 ---p 00000000 00:00 0 
7f84fb4ec000-7f84fb5ee000 rw-p 00000000 00:00 0                          [stack:4526]
7f84fb5f6000-7f84fb60b000 rw-p 00000000 00:00 0 
7f84fb60b000-7f84fb613000 rw-s 00000000 08:05 13912128                   /tmp/hsperfdata_arpit/4518
7f84fb613000-7f84fb614000 rw-p 00000000 00:00 0 
7f84fb614000-7f84fb615000 ---p 00000000 00:00 0 
7f84fb615000-7f84fb617000 rw-p 00000000 00:00 0 
7f84fb617000-7f84fb618000 r--p 00022000 08:05 4456549                    /lib/x86_64-linux-gnu/ld-2.19.so
7f84fb618000-7f84fb619000 rw-p 00023000 08:05 4456549                    /lib/x86_64-linux-gnu/ld-2.19.so
7f84fb619000-7f84fb61a000 rw-p 00000000 00:00 0 
7fffa8855000-7fffa8877000 rw-p 00000000 00:00 0                          [stack]
7fffa88f4000-7fffa88f6000 r-xp 00000000 00:00 0                          [vdso]
7fffa88f6000-7fffa88f8000 r--p 00000000 00:00 0                          [vvar]
ffffffffff600000-ffffffffff601000 r-xp 00000000 00:00 0                  [vsyscall]

VM Arguments:
jvm_args: -Xmx1024M -Dfile.encoding=UTF-8 -Duser.country=IN -Duser.language=en -Duser.variant 
java_command: com.android.dx.command.Main --dex --num-threads=4 --output /home/arpit/Desktop/PrgramLayout/app/build/intermediates/pre-dexed/debug/classes-0d258e6f8e37895cf90d09cff10ab0171934817b.jar /home/arpit/Desktop/PrgramLayout/app/build/intermediates/exploded-aar/com.android.support/appcompat-v7/23.1.0/jars/classes.jar
java_class_path (initial): /home/arpit/Android/Sdk/build-tools/23.0.2/lib/dx.jar
Launcher Type: SUN_STANDARD

Environment Variables:
JAVA_HOME=/usr/lib/java/jdk1.8.0_45
PATH=/home/arpit/anaconda2/bin:/usr/local/sbin:/usr/local/bin:/usr/sbin:/usr/bin:/sbin:/bin:/usr/games:/usr/local/games
LD_LIBRARY_PATH=.:/home/arpit/Documents/LEDA
SHELL=/bin/bash
DISPLAY=:0

Signal Handlers:
SIGSEGV: [libjvm.so+0xaad1e0], sa_mask[0]=11111111011111111101111111111110, sa_flags=SA_RESTART|SA_SIGINFO
SIGBUS: [libjvm.so+0xaad1e0], sa_mask[0]=11111111011111111101111111111110, sa_flags=SA_RESTART|SA_SIGINFO
SIGFPE: [libjvm.so+0x90b450], sa_mask[0]=11111111011111111101111111111110, sa_flags=SA_RESTART|SA_SIGINFO
SIGPIPE: [libjvm.so+0x90b450], sa_mask[0]=11111111011111111101111111111110, sa_flags=SA_RESTART|SA_SIGINFO
SIGXFSZ: [libjvm.so+0x90b450], sa_mask[0]=11111111011111111101111111111110, sa_flags=SA_RESTART|SA_SIGINFO
SIGILL: [libjvm.so+0x90b450], sa_mask[0]=11111111011111111101111111111110, sa_flags=SA_RESTART|SA_SIGINFO
SIGUSR1: SIG_DFL, sa_mask[0]=00000000000000000000000000000000, sa_flags=none
SIGUSR2: [libjvm.so+0x90ca90], sa_mask[0]=00100000000000000000000000000000, sa_flags=SA_RESTART|SA_SIGINFO
SIGHUP: [libjvm.so+0x90dde0], sa_mask[0]=11111111011111111101111111111110, sa_flags=SA_RESTART|SA_SIGINFO
SIGINT: [libjvm.so+0x90dde0], sa_mask[0]=11111111011111111101111111111110, sa_flags=SA_RESTART|SA_SIGINFO
SIGTERM: [libjvm.so+0x90dde0], sa_mask[0]=11111111011111111101111111111110, sa_flags=SA_RESTART|SA_SIGINFO
SIGQUIT: [libjvm.so+0x90dde0], sa_mask[0]=11111111011111111101111111111110, sa_flags=SA_RESTART|SA_SIGINFO


---------------  S Y S T E M  ---------------

OS:DISTRIB_ID=Ubuntu
DISTRIB_RELEASE=14.10
DISTRIB_CODENAME=utopic
DISTRIB_DESCRIPTION="Ubuntu 14.10"

uname:Linux 3.16.0-31-generic #43-Ubuntu SMP Tue Mar 10 17:37:36 UTC 2015 x86_64
libc:glibc 2.19 NPTL 2.19 
rlimit: STACK 8192k, CORE 0k, NPROC 14940, NOFILE 4096, AS infinity
load average:2.86 1.76 1.19

/proc/meminfo:
MemTotal:        3910064 kB
MemFree:          112972 kB
MemAvailable:      80736 kB
Buffers:            3236 kB
Cached:           291800 kB
SwapCached:            0 kB
Active:          3343800 kB
Inactive:         245688 kB
Active(anon):    3312956 kB
Inactive(anon):   211056 kB
Active(file):      30844 kB
Inactive(file):    34632 kB
Unevictable:         104 kB
Mlocked:             104 kB
SwapTotal:             0 kB
SwapFree:              0 kB
Dirty:              4492 kB
Writeback:             0 kB
AnonPages:       3295028 kB
Mapped:           156784 kB
Shmem:            229252 kB
Slab:              77424 kB
SReclaimable:      38984 kB
SUnreclaim:        38440 kB
KernelStack:       11808 kB
PageTables:        43208 kB
NFS_Unstable:          0 kB
Bounce:                0 kB
WritebackTmp:          0 kB
CommitLimit:     1955032 kB
Committed_AS:    8013396 kB
VmallocTotal:   34359738367 kB
VmallocUsed:      360716 kB
VmallocChunk:   34359347060 kB
HardwareCorrupted:     0 kB
AnonHugePages:   1122304 kB
HugePages_Total:       0
HugePages_Free:        0
HugePages_Rsvd:        0
HugePages_Surp:        0
Hugepagesize:       2048 kB
DirectMap4k:       69880 kB
DirectMap2M:     3987456 kB


CPU:total 4 (2 cores per cpu, 2 threads per core) family 6 model 58 stepping 9, cmov, cx8, fxsr, mmx, sse, sse2, sse3, ssse3, sse4.1, sse4.2, popcnt, avx, aes, clmul, erms, ht, tsc, tscinvbit, tscinv

/proc/cpuinfo:
processor	: 0
vendor_id	: GenuineIntel
cpu family	: 6
model		: 58
model name	: Intel(R) Core(TM) i5-3230M CPU @ 2.60GHz
stepping	: 9
microcode	: 0x15
cpu MHz		: 3007.671
cache size	: 3072 KB
physical id	: 0
siblings	: 4
core id		: 0
cpu cores	: 2
apicid		: 0
initial apicid	: 0
fpu		: yes
fpu_exception	: yes
cpuid level	: 13
wp		: yes
flags		: fpu vme de pse tsc msr pae mce cx8 apic sep mtrr pge mca cmov pat pse36 clflush dts acpi mmx fxsr sse sse2 ss ht tm pbe syscall nx rdtscp lm constant_tsc arch_perfmon pebs bts rep_good nopl xtopology nonstop_tsc aperfmperf eagerfpu pni pclmulqdq dtes64 monitor ds_cpl vmx est tm2 ssse3 cx16 xtpr pdcm pcid sse4_1 sse4_2 x2apic popcnt tsc_deadline_timer aes xsave avx f16c rdrand lahf_lm ida arat epb xsaveopt pln pts dtherm tpr_shadow vnmi flexpriority ept vpid fsgsbase smep erms
bogomips	: 5187.92
clflush size	: 64
cache_alignment	: 64
address sizes	: 36 bits physical, 48 bits virtual
power management:

processor	: 1
vendor_id	: GenuineIntel
cpu family	: 6
model		: 58
model name	: Intel(R) Core(TM) i5-3230M CPU @ 2.60GHz
stepping	: 9
microcode	: 0x15
cpu MHz		: 3002.187
cache size	: 3072 KB
physical id	: 0
siblings	: 4
core id		: 0
cpu cores	: 2
apicid		: 1
initial apicid	: 1
fpu		: yes
fpu_exception	: yes
cpuid level	: 13
wp		: yes
flags		: fpu vme de pse tsc msr pae mce cx8 apic sep mtrr pge mca cmov pat pse36 clflush dts acpi mmx fxsr sse sse2 ss ht tm pbe syscall nx rdtscp lm constant_tsc arch_perfmon pebs bts rep_good nopl xtopology nonstop_tsc aperfmperf eagerfpu pni pclmulqdq dtes64 monitor ds_cpl vmx est tm2 ssse3 cx16 xtpr pdcm pcid sse4_1 sse4_2 x2apic popcnt tsc_deadline_timer aes xsave avx f16c rdrand lahf_lm ida arat epb xsaveopt pln pts dtherm tpr_shadow vnmi flexpriority ept vpid fsgsbase smep erms
bogomips	: 5187.92
clflush size	: 64
cache_alignment	: 64
address sizes	: 36 bits physical, 48 bits virtual
power management:

processor	: 2
vendor_id	: GenuineIntel
cpu family	: 6
model		: 58
model name	: Intel(R) Core(TM) i5-3230M CPU @ 2.60GHz
stepping	: 9
microcode	: 0x15
cpu MHz		: 2999.953
cache size	: 3072 KB
physical id	: 0
siblings	: 4
core id		: 1
cpu cores	: 2
apicid		: 2
initial apicid	: 2
fpu		: yes
fpu_exception	: yes
cpuid level	: 13
wp		: yes
flags		: fpu vme de pse tsc msr pae mce cx8 apic sep mtrr pge mca cmov pat pse36 clflush dts acpi mmx fxsr sse sse2 ss ht tm pbe syscall nx rdtscp lm constant_tsc arch_perfmon pebs bts rep_good nopl xtopology nonstop_tsc aperfmperf eagerfpu pni pclmulqdq dtes64 monitor ds_cpl vmx est tm2 ssse3 cx16 xtpr pdcm pcid sse4_1 sse4_2 x2apic popcnt tsc_deadline_timer aes xsave avx f16c rdrand lahf_lm ida arat epb xsaveopt pln pts dtherm tpr_shadow vnmi flexpriority ept vpid fsgsbase smep erms
bogomips	: 5187.92
clflush size	: 64
cache_alignment	: 64
address sizes	: 36 bits physical, 48 bits virtual
power management:

processor	: 3
vendor_id	: GenuineIntel
cpu family	: 6
model		: 58
model name	: Intel(R) Core(TM) i5-3230M CPU @ 2.60GHz
stepping	: 9
microcode	: 0x15
cpu MHz		: 3000.054
cache size	: 3072 KB
physical id	: 0
siblings	: 4
core id		: 1
cpu cores	: 2
apicid		: 3
initial apicid	: 3
fpu		: yes
fpu_exception	: yes
cpuid level	: 13
wp		: yes
flags		: fpu vme de pse tsc msr pae mce cx8 apic sep mtrr pge mca cmov pat pse36 clflush dts acpi mmx fxsr sse sse2 ss ht tm pbe syscall nx rdtscp lm constant_tsc arch_perfmon pebs bts rep_good nopl xtopology nonstop_tsc aperfmperf eagerfpu pni pclmulqdq dtes64 monitor ds_cpl vmx est tm2 ssse3 cx16 xtpr pdcm pcid sse4_1 sse4_2 x2apic popcnt tsc_deadline_timer aes xsave avx f16c rdrand lahf_lm ida arat epb xsaveopt pln pts dtherm tpr_shadow vnmi flexpriority ept vpid fsgsbase smep erms
bogomips	: 5187.92
clflush size	: 64
cache_alignment	: 64
address sizes	: 36 bits physical, 48 bits virtual
power management:



Memory: 4k page, physical 3910064k(112972k free), swap 0k(0k free)

vm_info: Java HotSpot(TM) 64-Bit Server VM (25.45-b02) for linux-amd64 JRE (1.8.0_45-b14), built on Apr 10 2015 10:07:45 by "java_re" with gcc 4.3.0 20080428 (Red Hat 4.3.0-8)

time: Fri Feb 12 13:06:48 2016
elapsed time: 11 seconds (0d 0h 0m 11s)

