#
# There is insufficient memory for the Java Runtime Environment to continue.
# Native memory allocation (mmap) failed to map 84934656 bytes for committing reserved memory.
# Possible reasons:
#   The system is out of physical RAM or swap space
#   In 32 bit mode, the process size limit was hit
# Possible solutions:
#   Reduce memory load on the system
#   Increase physical memory or swap space
#   Check if swap backing store is full
#   Use 64 bit Java on a 64 bit OS
#   Decrease Java heap size (-Xmx/-Xms)
#   Decrease number of Java threads
#   Decrease Java thread stack sizes (-Xss)
#   Set larger code cache with -XX:ReservedCodeCacheSize=
# This output file may be truncated or incomplete.
#
#  Out of Memory Error (os_linux.cpp:2673), pid=6321, tid=140200498779904
#
# JRE version: Java(TM) SE Runtime Environment (8.0_45-b14) (build 1.8.0_45-b14)
# Java VM: Java HotSpot(TM) 64-Bit Server VM (25.45-b02 mixed mode linux-amd64 compressed oops)
# Failed to write core dump. Core dumps have been disabled. To enable core dumping, try "ulimit -c unlimited" before starting Java again
#

---------------  T H R E A D  ---------------

Current thread (0x00007f8310078000):  VMThread [stack: 0x00007f82f8dd5000,0x00007f82f8ed6000] [id=6328]

Stack: [0x00007f82f8dd5000,0x00007f82f8ed6000],  sp=0x00007f82f8ed4040,  free space=1020k
Native frames: (J=compiled Java code, j=interpreted, Vv=VM code, C=native code)
V  [libjvm.so+0xaac99a]  VMError::report_and_die()+0x2ba
V  [libjvm.so+0x4f333b]  report_vm_out_of_memory(char const*, int, unsigned long, VMErrorType, char const*)+0x8b
V  [libjvm.so+0x90e7c3]  os::Linux::commit_memory_impl(char*, unsigned long, bool)+0x103
V  [libjvm.so+0x90ed19]  os::pd_commit_memory(char*, unsigned long, unsigned long, bool)+0x29
V  [libjvm.so+0x90867a]  os::commit_memory(char*, unsigned long, unsigned long, bool)+0x2a
V  [libjvm.so+0x97bac3]  PSVirtualSpace::expand_by(unsigned long)+0x53
V  [libjvm.so+0x97cec8]  PSYoungGen::resize_generation(unsigned long, unsigned long)+0xf8
V  [libjvm.so+0x97c022]  PSYoungGen::resize(unsigned long, unsigned long)+0x22
V  [libjvm.so+0x9792fb]  PSScavenge::invoke_no_policy()+0xf7b
V  [libjvm.so+0x974555]  PSParallelCompact::invoke(bool)+0x85
V  [libjvm.so+0x47c264]  CollectedHeap::collect_as_vm_thread(GCCause::Cause)+0x114
V  [libjvm.so+0xaadbd1]  VM_CollectForMetadataAllocation::doit()+0x161
V  [libjvm.so+0xab59c5]  VM_Operation::evaluate()+0x55
V  [libjvm.so+0xab3d9a]  VMThread::evaluate_operation(VM_Operation*)+0xba
V  [libjvm.so+0xab411e]  VMThread::loop()+0x1ce
V  [libjvm.so+0xab4590]  VMThread::run()+0x70
V  [libjvm.so+0x910de8]  java_start(Thread*)+0x108

VM_Operation (0x00007f82f81ebb20): CollectForMetadataAllocation, mode: safepoint, requested by thread 0x00007f83100bd800


---------------  P R O C E S S  ---------------

Java Threads: ( => current thread )
  0x00007f82ac727800 JavaThread "process reaper" daemon [_thread_blocked, id=6347, stack(0x00007f82f1f25000,0x00007f82f1f5e000)]
  0x00007f82ac4ac000 JavaThread "File lock request listener" [_thread_in_native, id=6345, stack(0x00007f82f224c000,0x00007f82f234d000)]
  0x00007f82ac005000 JavaThread "Stdin handler" [_thread_blocked, id=6344, stack(0x00007f82f27c6000,0x00007f82f28c7000)]
  0x00007f82c0006800 JavaThread "Daemon worker" [_thread_blocked, id=6341, stack(0x00007f82f28c7000,0x00007f82f29c8000)]
  0x00007f82c0006000 JavaThread "Cancel handler" [_thread_blocked, id=6340, stack(0x00007f82f29c8000,0x00007f82f2ac9000)]
  0x00007f82c0003800 JavaThread "Handler for socket connection from /127.0.0.1:60849 to /127.0.0.1:44738" [_thread_in_native, id=6339, stack(0x00007f82f2cc9000,0x00007f82f2dca000)]
  0x00007f82bc024000 JavaThread "Daemon" [_thread_blocked, id=6338, stack(0x00007f82f2dca000,0x00007f82f2ecb000)]
  0x00007f8310a50000 JavaThread "Incoming local TCP Connector on port 60849" [_thread_in_native, id=6337, stack(0x00007f82f2ecb000,0x00007f82f2fcc000)]
  0x00007f83100ca800 JavaThread "Service Thread" daemon [_thread_blocked, id=6335, stack(0x00007f82f3eff000,0x00007f82f4000000)]
  0x00007f83100bd800 JavaThread "C1 CompilerThread2" daemon [_thread_blocked, id=6334, stack(0x00007f82f80ed000,0x00007f82f81ee000)]
  0x00007f83100bb800 JavaThread "C2 CompilerThread1" daemon [_thread_blocked, id=6333, stack(0x00007f82f81ee000,0x00007f82f82ef000)]
  0x00007f83100b8800 JavaThread "C2 CompilerThread0" daemon [_thread_blocked, id=6332, stack(0x00007f82f82ef000,0x00007f82f83f0000)]
  0x00007f83100b7000 JavaThread "Signal Dispatcher" daemon [_thread_blocked, id=6331, stack(0x00007f82f83f0000,0x00007f82f84f1000)]
  0x00007f831007f800 JavaThread "Finalizer" daemon [_thread_blocked, id=6330, stack(0x00007f82f8bd3000,0x00007f82f8cd4000)]
  0x00007f831007d000 JavaThread "Reference Handler" daemon [_thread_blocked, id=6329, stack(0x00007f82f8cd4000,0x00007f82f8dd5000)]
  0x00007f831000a000 JavaThread "main" [_thread_blocked, id=6323, stack(0x00007f831747b000,0x00007f831757c000)]

Other Threads:
=>0x00007f8310078000 VMThread [stack: 0x00007f82f8dd5000,0x00007f82f8ed6000] [id=6328]
  0x00007f83100cd800 WatcherThread [stack: 0x00007f82f3dfe000,0x00007f82f3eff000] [id=6336]

VM state:at safepoint (normal execution)

VM Mutex/Monitor currently owned by a thread:  ([mutex/lock_event])
[0x00007f83100063b0] Threads_lock - owner thread: 0x00007f8310078000
[0x00007f83100068b0] Heap_lock - owner thread: 0x00007f83100bd800
[0x00007f8310006e30] MethodData_lock - owner thread: 0x00007f83100bd800

Heap:
 PSYoungGen      total 253952K, used 480K [0x00000000eab00000, 0x00000000faf00000, 0x0000000100000000)
  eden space 243712K, 0% used [0x00000000eab00000,0x00000000eab00000,0x00000000f9900000)
  from space 10240K, 4% used [0x00000000f9900000,0x00000000f9978000,0x00000000fa300000)
  to   space 7168K, 0% used [0x00000000fa300000,0x00000000fa300000,0x00000000faa00000)
 ParOldGen       total 34816K, used 30240K [0x00000000c0000000, 0x00000000c2200000, 0x00000000eab00000)
  object space 34816K, 86% used [0x00000000c0000000,0x00000000c1d882e0,0x00000000c2200000)
 Metaspace       used 33944K, capacity 35386K, committed 35416K, reserved 1079296K
  class space    used 4499K, capacity 5093K, committed 5120K, reserved 1048576K

Card table byte_map: [0x00007f8314058000,0x00007f8314259000] byte_map_base: 0x00007f8313a58000

Marking Bits: (ParMarkBitMap*) 0x00007f8316956760
 Begin Bits: [0x00007f82fa000000, 0x00007f82fb000000)
 End Bits:   [0x00007f82fb000000, 0x00007f82fc000000)

Polling page: 0x00007f831759c000

CodeCache: size=245760Kb used=14857Kb max_used=15275Kb free=230902Kb
 bounds [0x00007f8301000000, 0x00007f8301f30000, 0x00007f8310000000]
 total_blobs=4140 nmethods=3482 adapters=570
 compilation: enabled

Compilation events (10 events):
Event: 33.901 Thread 0x00007f83100bd800 nmethod 3957 0x00007f8301623f50 code [0x00007f83016240a0, 0x00007f83016241b0]
Event: 33.901 Thread 0x00007f83100bd800 3958       3       groovyjarjarasm.asm.ClassWriter::newNameType (10 bytes)
Event: 33.901 Thread 0x00007f83100bd800 nmethod 3958 0x00007f83014dcd50 code [0x00007f83014dcec0, 0x00007f83014dd0c8]
Event: 33.902 Thread 0x00007f83100bd800 3959       3       org.gradle.api.internal.artifacts.configurations.DefaultConfiguration_Decorated::getConventionMapping (30 bytes)
Event: 33.940 Thread 0x00007f83100b8800 nmethod 3948 0x00007f8301367950 code [0x00007f8301367ac0, 0x00007f8301367ed8]
Event: 33.940 Thread 0x00007f83100b8800 3949       4       org.codehaus.groovy.util.SingleKeyHashMap::get (67 bytes)
Event: 33.948 Thread 0x00007f83100bb800 nmethod 3947 0x00007f8301349690 code [0x00007f8301349860, 0x00007f8301349e30]
Event: 33.948 Thread 0x00007f83100bb800 3961       4       groovyjarjarasm.asm.Item::a (354 bytes)
Event: 33.954 Thread 0x00007f83100b8800 nmethod 3949 0x00007f8301627750 code [0x00007f83016278e0, 0x00007f8301627de8]
Event: 33.965 Thread 0x00007f83100bb800 nmethod 3961 0x00007f83013be7d0 code [0x00007f83013beac0, 0x00007f83013bf538]

GC Heap History (10 events):
Event: 8.640 GC heap after
Heap after GC invocations=11 (full 1):
 PSYoungGen      total 135168K, used 1472K [0x00000000eab00000, 0x00000000f3980000, 0x0000000100000000)
  eden space 128000K, 0% used [0x00000000eab00000,0x00000000eab00000,0x00000000f2800000)
  from space 7168K, 20% used [0x00000000f2f80000,0x00000000f30f0030,0x00000000f3680000)
  to   space 7680K, 0% used [0x00000000f2800000,0x00000000f2800000,0x00000000f2f80000)
 ParOldGen       total 34816K, used 9723K [0x00000000c0000000, 0x00000000c2200000, 0x00000000eab00000)
  object space 34816K, 27% used [0x00000000c0000000,0x00000000c097ee60,0x00000000c2200000)
 Metaspace       used 23136K, capacity 23734K, committed 24064K, reserved 1071104K
  class space    used 2998K, capacity 3219K, committed 3328K, reserved 1048576K
}
Event: 9.603 GC heap before
{Heap before GC invocations=12 (full 1):
 PSYoungGen      total 135168K, used 129472K [0x00000000eab00000, 0x00000000f3980000, 0x0000000100000000)
  eden space 128000K, 100% used [0x00000000eab00000,0x00000000f2800000,0x00000000f2800000)
  from space 7168K, 20% used [0x00000000f2f80000,0x00000000f30f0030,0x00000000f3680000)
  to   space 7680K, 0% used [0x00000000f2800000,0x00000000f2800000,0x00000000f2f80000)
 ParOldGen       total 34816K, used 9723K [0x00000000c0000000, 0x00000000c2200000, 0x00000000eab00000)
  object space 34816K, 27% used [0x00000000c0000000,0x00000000c097ee60,0x00000000c2200000)
 Metaspace       used 23670K, capacity 24478K, committed 24704K, reserved 1071104K
  class space    used 3064K, capacity 3331K, committed 3456K, reserved 1048576K
Event: 9.635 GC heap after
Heap after GC invocations=12 (full 1):
 PSYoungGen      total 135680K, used 3122K [0x00000000eab00000, 0x00000000f6a80000, 0x0000000100000000)
  eden space 128000K, 0% used [0x00000000eab00000,0x00000000eab00000,0x00000000f2800000)
  from space 7680K, 40% used [0x00000000f2800000,0x00000000f2b0cbc8,0x00000000f2f80000)
  to   space 7168K, 0% used [0x00000000f6380000,0x00000000f6380000,0x00000000f6a80000)
 ParOldGen       total 34816K, used 11138K [0x00000000c0000000, 0x00000000c2200000, 0x00000000eab00000)
  object space 34816K, 31% used [0x00000000c0000000,0x00000000c0ae09c8,0x00000000c2200000)
 Metaspace       used 23670K, capacity 24478K, committed 24704K, reserved 1071104K
  class space    used 3064K, capacity 3331K, committed 3456K, reserved 1048576K
}
Event: 11.764 GC heap before
{Heap before GC invocations=13 (full 1):
 PSYoungGen      total 135680K, used 131122K [0x00000000eab00000, 0x00000000f6a80000, 0x0000000100000000)
  eden space 128000K, 100% used [0x00000000eab00000,0x00000000f2800000,0x00000000f2800000)
  from space 7680K, 40% used [0x00000000f2800000,0x00000000f2b0cbc8,0x00000000f2f80000)
  to   space 7168K, 0% used [0x00000000f6380000,0x00000000f6380000,0x00000000f6a80000)
 ParOldGen       total 34816K, used 11138K [0x00000000c0000000, 0x00000000c2200000, 0x00000000eab00000)
  object space 34816K, 31% used [0x00000000c0000000,0x00000000c0ae09c8,0x00000000c2200000)
 Metaspace       used 24963K, capacity 25850K, committed 25984K, reserved 1071104K
  class space    used 3282K, capacity 3604K, committed 3712K, reserved 1048576K
Event: 11.787 GC heap after
Heap after GC invocations=13 (full 1):
 PSYoungGen      total 184832K, used 4512K [0x00000000eab00000, 0x00000000f6880000, 0x0000000100000000)
  eden space 179712K, 0% used [0x00000000eab00000,0x00000000eab00000,0x00000000f5a80000)
  from space 5120K, 88% used [0x00000000f6380000,0x00000000f67e8310,0x00000000f6880000)
  to   space 7168K, 0% used [0x00000000f5a80000,0x00000000f5a80000,0x00000000f6180000)
 ParOldGen       total 34816K, used 13609K [0x00000000c0000000, 0x00000000c2200000, 0x00000000eab00000)
  object space 34816K, 39% used [0x00000000c0000000,0x00000000c0d4a658,0x00000000c2200000)
 Metaspace       used 24963K, capacity 25850K, committed 25984K, reserved 1071104K
  class space    used 3282K, capacity 3604K, committed 3712K, reserved 1048576K
}
Event: 15.797 GC heap before
{Heap before GC invocations=14 (full 1):
 PSYoungGen      total 184832K, used 184224K [0x00000000eab00000, 0x00000000f6880000, 0x0000000100000000)
  eden space 179712K, 100% used [0x00000000eab00000,0x00000000f5a80000,0x00000000f5a80000)
  from space 5120K, 88% used [0x00000000f6380000,0x00000000f67e8310,0x00000000f6880000)
  to   space 7168K, 0% used [0x00000000f5a80000,0x00000000f5a80000,0x00000000f6180000)
 ParOldGen       total 34816K, used 13609K [0x00000000c0000000, 0x00000000c2200000, 0x00000000eab00000)
  object space 34816K, 39% used [0x00000000c0000000,0x00000000c0d4a658,0x00000000c2200000)
 Metaspace       used 28784K, capacity 29768K, committed 30080K, reserved 1075200K
  class space    used 3751K, capacity 4129K, committed 4224K, reserved 1048576K
Event: 15.813 GC heap after
Heap after GC invocations=14 (full 1):
 PSYoungGen      total 186880K, used 4870K [0x00000000eab00000, 0x00000000faa00000, 0x0000000100000000)
  eden space 179712K, 0% used [0x00000000eab00000,0x00000000eab00000,0x00000000f5a80000)
  from space 7168K, 67% used [0x00000000f5a80000,0x00000000f5f41b48,0x00000000f6180000)
  to   space 7168K, 0% used [0x00000000fa300000,0x00000000fa300000,0x00000000faa00000)
 ParOldGen       total 34816K, used 17061K [0x00000000c0000000, 0x00000000c2200000, 0x00000000eab00000)
  object space 34816K, 49% used [0x00000000c0000000,0x00000000c10a96b0,0x00000000c2200000)
 Metaspace       used 28784K, capacity 29768K, committed 30080K, reserved 1075200K
  class space    used 3751K, capacity 4129K, committed 4224K, reserved 1048576K
}
Event: 32.894 GC heap before
{Heap before GC invocations=15 (full 1):
 PSYoungGen      total 186880K, used 184582K [0x00000000eab00000, 0x00000000faa00000, 0x0000000100000000)
  eden space 179712K, 100% used [0x00000000eab00000,0x00000000f5a80000,0x00000000f5a80000)
  from space 7168K, 67% used [0x00000000f5a80000,0x00000000f5f41b48,0x00000000f6180000)
  to   space 7168K, 0% used [0x00000000fa300000,0x00000000fa300000,0x00000000faa00000)
 ParOldGen       total 34816K, used 17061K [0x00000000c0000000, 0x00000000c2200000, 0x00000000eab00000)
  object space 34816K, 49% used [0x00000000c0000000,0x00000000c10a96b0,0x00000000c2200000)
 Metaspace       used 33893K, capacity 35296K, committed 35416K, reserved 1079296K
  class space    used 4480K, capacity 5042K, committed 5120K, reserved 1048576K
Event: 33.218 GC heap after
Heap after GC invocations=15 (full 1):
 PSYoungGen      total 250880K, used 7136K [0x00000000eab00000, 0x00000000faf00000, 0x0000000100000000)
  eden space 243712K, 0% used [0x00000000eab00000,0x00000000eab00000,0x00000000f9900000)
  from space 7168K, 99% used [0x00000000fa300000,0x00000000fa9f8020,0x00000000faa00000)
  to   space 10240K, 0% used [0x00000000f9900000,0x00000000f9900000,0x00000000fa300000)
 ParOldGen       total 34816K, used 23134K [0x00000000c0000000, 0x00000000c2200000, 0x00000000eab00000)
  object space 34816K, 66% used [0x00000000c0000000,0x00000000c1697ad0,0x00000000c2200000)
 Metaspace       used 33893K, capacity 35296K, committed 35416K, reserved 1079296K
  class space    used 4480K, capacity 5042K, committed 5120K, reserved 1048576K
}
Event: 33.977 GC heap before
{Heap before GC invocations=16 (full 1):
 PSYoungGen      total 250880K, used 11962K [0x00000000eab00000, 0x00000000faf00000, 0x0000000100000000)
  eden space 243712K, 1% used [0x00000000eab00000,0x00000000eafb6af8,0x00000000f9900000)
  from space 7168K, 99% used [0x00000000fa300000,0x00000000fa9f8020,0x00000000faa00000)
  to   space 10240K, 0% used [0x00000000f9900000,0x00000000f9900000,0x00000000fa300000)
 ParOldGen       total 34816K, used 23134K [0x00000000c0000000, 0x00000000c2200000, 0x00000000eab00000)
  object space 34816K, 66% used [0x00000000c0000000,0x00000000c1697ad0,0x00000000c2200000)
 Metaspace       used 33944K, capacity 35386K, committed 35416K, reserved 1079296K
  class space    used 4499K, capacity 5093K, committed 5120K, reserved 1048576K

Deoptimization events (10 events):
Event: 16.837 Thread 0x00007f82c0006800 Uncommon trap: reason=bimorphic action=maybe_recompile pc=0x00007f8301d687cc method=java.util.Hashtable.put(Ljava/lang/Object;Ljava/lang/Object;)Ljava/lang/Object; @ 18
Event: 16.837 Thread 0x00007f82c0006800 Uncommon trap: reason=bimorphic action=maybe_recompile pc=0x00007f8301d687cc method=java.util.Hashtable.put(Ljava/lang/Object;Ljava/lang/Object;)Ljava/lang/Object; @ 18
Event: 16.837 Thread 0x00007f82c0006800 Uncommon trap: reason=bimorphic action=maybe_recompile pc=0x00007f8301c6d2ac method=java.util.Hashtable.get(Ljava/lang/Object;)Ljava/lang/Object; @ 45
Event: 16.837 Thread 0x00007f82c0006800 Uncommon trap: reason=bimorphic action=maybe_recompile pc=0x00007f8301d687cc method=java.util.Hashtable.put(Ljava/lang/Object;Ljava/lang/Object;)Ljava/lang/Object; @ 18
Event: 18.374 Thread 0x00007f82c0006800 Uncommon trap: reason=unstable_if action=reinterpret pc=0x00007f83012a5230 method=java.util.HashMap.hash(Ljava/lang/Object;)I @ 1
Event: 29.921 Thread 0x00007f82c0006800 Uncommon trap: reason=unstable_if action=reinterpret pc=0x00007f8301e761c0 method=groovy.lang.MetaClassImpl.findPropertyMethod(Ljava/lang/Object;ZZ)Lgroovy/lang/MetaMethod; @ 247
Event: 30.229 Thread 0x00007f82c0006800 Uncommon trap: reason=unstable_if action=reinterpret pc=0x00007f8301ebb7a4 method=groovy.lang.MetaClassImpl$1MOPIter.processFastArray(Lorg/codehaus/groovy/util/FastArray;)V @ 94
Event: 31.824 Thread 0x00007f82c0006800 Uncommon trap: reason=class_check action=maybe_recompile pc=0x00007f830167c054 method=java.lang.Throwable.<init>(Ljava/lang/String;Ljava/lang/Throwable;)V @ 24
Event: 31.914 Thread 0x00007f82c0006800 Uncommon trap: reason=unstable_if action=reinterpret pc=0x00007f8301e6b934 method=org.codehaus.groovy.runtime.metaclass.MetaMethodIndex.copyNonPrivateNonNewMetaMethods(Lorg/codehaus/groovy/runtime/metaclass/MetaMethodIndex$Entry;Lorg/codehaus/groovy/runti
Event: 33.342 Thread 0x00007f831007f800 Uncommon trap: reason=unstable_if action=reinterpret pc=0x00007f83014df0f8 method=java.lang.ref.ReferenceQueue.poll()Ljava/lang/ref/Reference; @ 4

Internal exceptions (10 events):
Event: 32.828 Thread 0x00007f82c0006800 Exception <a 'java/lang/ClassNotFoundException': org/codehaus/groovy/runtime/GStringImplBeanInfo> (0x00000000f59d2240) thrown at [/RE-WORK/workspace/8-2-build-linux-amd64/jdk8u45/3457/hotspot/src/share/vm/classfile/systemDictionary.cpp, line 210]
Event: 32.829 Thread 0x00007f82c0006800 Exception <a 'java/lang/ClassNotFoundException': org/codehaus/groovy/runtime/GStringImplCustomizer> (0x00000000f59f1240) thrown at [/RE-WORK/workspace/8-2-build-linux-amd64/jdk8u45/3457/hotspot/src/share/vm/classfile/systemDictionary.cpp, line 210]
Event: 32.831 Thread 0x00007f82c0006800 Exception <a 'java/lang/ClassNotFoundException': com/android/build/gradle/internal/api/DefaultAndroidSourceSet_DecoratedBeanInfo> (0x00000000f5a38310) thrown at [/RE-WORK/workspace/8-2-build-linux-amd64/jdk8u45/3457/hotspot/src/share/vm/classfile/systemDi
Event: 32.832 Thread 0x00007f82c0006800 Exception <a 'java/lang/ClassNotFoundException': com/android/build/gradle/internal/api/DefaultAndroidSourceSetBeanInfo> (0x00000000f5a45ea0) thrown at [/RE-WORK/workspace/8-2-build-linux-amd64/jdk8u45/3457/hotspot/src/share/vm/classfile/systemDictionary.c
Event: 32.832 Thread 0x00007f82c0006800 Exception <a 'java/lang/ClassNotFoundException': com/android/build/gradle/internal/api/DefaultAndroidSourceSetCustomizer> (0x00000000f5a53c10) thrown at [/RE-WORK/workspace/8-2-build-linux-amd64/jdk8u45/3457/hotspot/src/share/vm/classfile/systemDictionary
Event: 33.343 Thread 0x00007f82c0006800 Exception <a 'java/lang/ClassNotFoundException': com/android/build/gradle/internal/api/DefaultAndroidSourceSet_DecoratedCustomizer> (0x00000000eab1ad18) thrown at [/RE-WORK/workspace/8-2-build-linux-amd64/jdk8u45/3457/hotspot/src/share/vm/classfile/system
Event: 33.366 Thread 0x00007f82c0006800 Exception <a 'java/lang/ClassNotFoundException': java/lang/StringBeanInfo> (0x00000000eab86020) thrown at [/RE-WORK/workspace/8-2-build-linux-amd64/jdk8u45/3457/hotspot/src/share/vm/classfile/systemDictionary.cpp, line 210]
Event: 33.366 Thread 0x00007f82c0006800 Exception <a 'java/lang/ClassNotFoundException': java/lang/StringCustomizer> (0x00000000eab8b4f0) thrown at [/RE-WORK/workspace/8-2-build-linux-amd64/jdk8u45/3457/hotspot/src/share/vm/classfile/systemDictionary.cpp, line 210]
Event: 33.395 Thread 0x00007f82c0006800 Exception <a 'java/lang/ClassNotFoundException': org/gradle/api/logging/Logging$LoggerImplBeanInfo> (0x00000000eac01eb8) thrown at [/RE-WORK/workspace/8-2-build-linux-amd64/jdk8u45/3457/hotspot/src/share/vm/classfile/systemDictionary.cpp, line 210]
Event: 33.396 Thread 0x00007f82c0006800 Exception <a 'java/lang/ClassNotFoundException': org/gradle/api/logging/Logging$LoggerImplCustomizer> (0x00000000eac23940) thrown at [/RE-WORK/workspace/8-2-build-linux-amd64/jdk8u45/3457/hotspot/src/share/vm/classfile/systemDictionary.cpp, line 210]

Events (10 events):
Event: 33.395 loading class org/gradle/api/logging/Logging$LoggerImplCustomizer done
Event: 33.395 loading class org/gradle/api/logging/Logging$LoggerImplCustomizer
Event: 33.395 loading class org/gradle/api/logging/Logging$LoggerImplCustomizer done
Event: 33.396 loading class org/gradle/api/logging/Logging$LoggerImplCustomizer
Event: 33.396 loading class org/gradle/api/logging/Logging$LoggerImplCustomizer done
Event: 33.396 loading class org/gradle/api/logging/Logging$LoggerImplCustomizer
Event: 33.396 loading class org/gradle/api/logging/Logging$LoggerImplCustomizer done
Event: 33.397 loading class org/codehaus/groovy/runtime/callsite/PojoMetaMethodSite$PojoCachedMethodSiteNoUnwrap
Event: 33.397 loading class org/codehaus/groovy/runtime/callsite/PojoMetaMethodSite$PojoCachedMethodSiteNoUnwrap done
Event: 33.977 Executing VM operation: CollectForMetadataAllocation


Dynamic libraries:
00400000-00401000 r-xp 00000000 08:05 12064184                           /usr/lib/java/jdk1.8.0_45/bin/java
00600000-00601000 rw-p 00000000 08:05 12064184                           /usr/lib/java/jdk1.8.0_45/bin/java
02569000-0258a000 rw-p 00000000 00:00 0                                  [heap]
c0000000-c2200000 rw-p 00000000 00:00 0 
c2200000-eab00000 ---p 00000000 00:00 0 
eab00000-faf00000 rw-p 00000000 00:00 0 
100000000-100500000 rw-p 00000000 00:00 0 
100500000-140000000 ---p 00000000 00:00 0 
7f82a4000000-7f82a4021000 rw-p 00000000 00:00 0 
7f82a4021000-7f82a8000000 ---p 00000000 00:00 0 
7f82a8000000-7f82a8021000 rw-p 00000000 00:00 0 
7f82a8021000-7f82ac000000 ---p 00000000 00:00 0 
7f82ac000000-7f82acc13000 rw-p 00000000 00:00 0 
7f82acc13000-7f82b0000000 ---p 00000000 00:00 0 
7f82b0000000-7f82b0021000 rw-p 00000000 00:00 0 
7f82b0021000-7f82b4000000 ---p 00000000 00:00 0 
7f82b4000000-7f82b4021000 rw-p 00000000 00:00 0 
7f82b4021000-7f82b8000000 ---p 00000000 00:00 0 
7f82b8000000-7f82b8021000 rw-p 00000000 00:00 0 
7f82b8021000-7f82bc000000 ---p 00000000 00:00 0 
7f82bc000000-7f82bc02c000 rw-p 00000000 00:00 0 
7f82bc02c000-7f82c0000000 ---p 00000000 00:00 0 
7f82c0000000-7f82c0021000 rw-p 00000000 00:00 0 
7f82c0021000-7f82c4000000 ---p 00000000 00:00 0 
7f82c4000000-7f82c4021000 rw-p 00000000 00:00 0 
7f82c4021000-7f82c8000000 ---p 00000000 00:00 0 
7f82c8000000-7f82c8021000 rw-p 00000000 00:00 0 
7f82c8021000-7f82cc000000 ---p 00000000 00:00 0 
7f82cc000000-7f82ce40c000 rw-p 00000000 00:00 0 
7f82ce40c000-7f82d0000000 ---p 00000000 00:00 0 
7f82d0000000-7f82d0780000 rw-p 00000000 00:00 0 
7f82d0780000-7f82d4000000 ---p 00000000 00:00 0 
7f82d4000000-7f82d4021000 rw-p 00000000 00:00 0 
7f82d4021000-7f82d8000000 ---p 00000000 00:00 0 
7f82d8000000-7f82da700000 rw-p 00000000 00:00 0 
7f82da700000-7f82dc000000 ---p 00000000 00:00 0 
7f82dc000000-7f82dc021000 rw-p 00000000 00:00 0 
7f82dc021000-7f82e0000000 ---p 00000000 00:00 0 
7f82e0000000-7f82e0021000 rw-p 00000000 00:00 0 
7f82e0021000-7f82e4000000 ---p 00000000 00:00 0 
7f82e4000000-7f82e4021000 rw-p 00000000 00:00 0 
7f82e4021000-7f82e8000000 ---p 00000000 00:00 0 
7f82e8000000-7f82e830c000 rw-p 00000000 00:00 0 
7f82e830c000-7f82ec000000 ---p 00000000 00:00 0 
7f82ec000000-7f82ec02a000 rw-p 00000000 00:00 0 
7f82ec02a000-7f82f0000000 ---p 00000000 00:00 0 
7f82f0ee5000-7f82f107c000 rw-p 00000000 00:00 0 
7f82f107c000-7f82f10e6000 ---p 00000000 00:00 0 
7f82f10e6000-7f82f12e6000 rw-p 00000000 00:00 0 
7f82f12e6000-7f82f12e8000 r--s 0000d000 08:05 11801695                   /home/arpit/android-studio/gradle/m2repository/commons-codec/commons-codec/1.4/commons-codec-1.4.jar
7f82f12e8000-7f82f12ea000 r--s 0000d000 08:05 10890102                   /home/arpit/android-studio/gradle/m2repository/commons-logging/commons-logging/1.1.1/commons-logging-1.1.1.jar
7f82f12ea000-7f82f12ef000 r--s 00028000 08:05 11015233                   /home/arpit/android-studio/gradle/m2repository/org/apache/httpcomponents/httpcore/4.1/httpcore-4.1.jar
7f82f12ef000-7f82f12f7000 r--s 000a8000 08:05 11541533                   /home/arpit/android-studio/gradle/m2repository/com/android/tools/external/lombok/lombok-ast/0.2.3/lombok-ast-0.2.3.jar
7f82f12f7000-7f82f12f8000 r--s 0000a000 08:05 11801691                   /home/arpit/android-studio/gradle/m2repository/net/sf/kxml/kxml2/2.3.0/kxml2-2.3.0.jar
7f82f12f8000-7f82f12f9000 r--s 00005000 08:05 11541572                   /home/arpit/android-studio/gradle/m2repository/com/android/tools/dvlib/24.2.3/dvlib-24.2.3.jar
7f82f12f9000-7f82f1300000 r--s 00053000 08:05 11015250                   /home/arpit/android-studio/gradle/m2repository/org/apache/commons/commons-compress/1.8.1/commons-compress-1.8.1.jar
7f82f1300000-7f82f1302000 r--s 00005000 08:05 11015226                   /home/arpit/android-studio/gradle/m2repository/org/apache/httpcomponents/httpmime/4.1/httpmime-4.1.jar
7f82f1302000-7f82f130a000 r--s 0004e000 08:05 11015242                   /home/arpit/android-studio/gradle/m2repository/org/apache/httpcomponents/httpclient/4.1.1/httpclient-4.1.1.jar
7f82f130a000-7f82f130d000 r--s 00012000 08:05 11541554                   /home/arpit/android-studio/gradle/m2repository/com/android/tools/layoutlib/layoutlib-api/24.2.3/layoutlib-api-24.2.3.jar
7f82f130d000-7f82f130e000 r--s 00001000 08:05 11541544                   /home/arpit/android-studio/gradle/m2repository/com/android/tools/annotations/24.2.3/annotations-24.2.3.jar
7f82f130e000-7f82f1339000 r--s 001f9000 08:05 11409068                   /home/arpit/android-studio/gradle/m2repository/com/google/guava/guava/17.0/guava-17.0.jar
7f82f1339000-7f82f133a000 r--s 00004000 08:05 11278180                   /home/arpit/android-studio/gradle/m2repository/org/ow2/asm/asm-analysis/5.0.3/asm-analysis-5.0.3.jar
7f82f133a000-7f82f133d000 r--s 0002b000 08:05 11409097                   /home/arpit/android-studio/gradle/m2repository/com/android/tools/lint/lint-api/24.2.3/lint-api-24.2.3.jar
7f82f133d000-7f82f134b000 r--s 00081000 08:05 11146985                   /home/arpit/android-studio/gradle/m2repository/org/bouncycastle/bcpkix-jdk15on/1.48/bcpkix-jdk15on-1.48.jar
7f82f134b000-7f82f1350000 r--s 0002a000 08:05 11409061                   /home/arpit/android-studio/gradle/m2repository/com/google/code/gson/gson/2.2.4/gson-2.2.4.jar
7f82f1350000-7f82f1351000 r--s 0000c000 08:05 11278212                   /home/arpit/android-studio/gradle/m2repository/org/ow2/asm/asm/5.0.3/asm-5.0.3.jar
7f82f1351000-7f82f1356000 r--s 00042000 08:05 11669863                   /home/arpit/android-studio/gradle/m2repository/com/android/tools/ddms/ddmlib/24.2.3/ddmlib-24.2.3.jar
7f82f1356000-7f82f135a000 r--s 00029000 08:05 11669918                   /home/arpit/android-studio/gradle/m2repository/com/android/tools/build/manifest-merger/24.2.3/manifest-merger-24.2.3.jar
7f82f135a000-7f82f1364000 r--s 000a9000 08:05 11801662                   /home/arpit/android-studio/gradle/m2repository/com/android/tools/sdklib/24.2.3/sdklib-24.2.3.jar
7f82f1364000-7f82f1366000 r--s 00004000 08:05 11669881                   /home/arpit/android-studio/gradle/m2repository/com/android/tools/build/builder-model/1.2.3/builder-model-1.2.3.jar
7f82f1366000-7f82f1368000 r--s 00012000 08:05 11541581                   /home/arpit/android-studio/gradle/m2repository/com/android/tools/common/24.2.3/common-24.2.3.jar
7f82f1368000-7f82f136a000 r--s 00002000 08:05 11278242                   /home/arpit/android-studio/gradle/m2repository/com/squareup/javawriter/2.5.0/javawriter-2.5.0.jar
7f82f136a000-7f82f136c000 r--s 00006000 08:05 11278227                   /home/arpit/android-studio/gradle/m2repository/org/ow2/asm/asm-tree/5.0.3/asm-tree-5.0.3.jar
7f82f136c000-7f82f136d000 r--s 00002000 08:05 11669890                   /home/arpit/android-studio/gradle/m2repository/com/android/tools/build/builder-test-api/1.2.3/builder-test-api-1.2.3.jar
7f82f136d000-7f82f1373000 r--s 0005f000 08:05 11541564                   /home/arpit/android-studio/gradle/m2repository/com/android/tools/sdk-common/24.2.3/sdk-common-24.2.3.jar
7f82f1373000-7f82f13a6000 r--s 00203000 08:05 11146991                   /home/arpit/android-studio/gradle/m2repository/org/bouncycastle/bcprov-jdk15on/1.48/bcprov-jdk15on-1.48.jar
7f82f13a6000-7f82f13ac000 r--s 00093000 08:05 11409087                   /home/arpit/android-studio/gradle/m2repository/com/android/tools/lint/lint-checks/24.2.3/lint-checks-24.2.3.jar
7f82f13ac000-7f82f13be000 r--s 00220000 08:05 11015210                   /home/arpit/android-studio/gradle/m2repository/org/eclipse/jdt/core/compiler/ecj/4.4/ecj-4.4.jar
7f82f13be000-7f82f13ce000 r--s 000d3000 08:05 11801673                   /home/arpit/android-studio/gradle/m2repository/net/sf/proguard/proguard-base/5.1/proguard-base-5.1.jar
7f82f13ce000-7f82f13d3000 r--s 00039000 08:05 11669874                   /home/arpit/android-studio/gradle/m2repository/com/android/tools/build/builder/1.2.3/builder-1.2.3.jar
7f82f13d3000-7f82f13d5000 r--s 0001a000 08:05 11409079                   /home/arpit/android-studio/gradle/m2repository/com/android/tools/lint/lint/24.2.3/lint-24.2.3.jar
7f82f13d5000-7f82f13e8000 r--s 0015d000 08:05 11669910                   /home/arpit/android-studio/gradle/m2repository/com/android/tools/build/gradle-core/1.2.3/gradle-core-1.2.3.jar
7f82f13e8000-7f82f13ea000 r--s 0000c000 08:05 11669900                   /home/arpit/android-studio/gradle/m2repository/com/android/tools/build/gradle/1.2.3/gradle-1.2.3.jar
7f82f13ea000-7f82f15ea000 rw-p 00000000 00:00 0 
7f82f15ea000-7f82f17ea000 rw-p 00000000 00:00 0 
7f82f17ea000-7f82f17ec000 r--s 00026000 08:05 11931562                   /home/arpit/android-studio/plugins/gradle/lib/gradle-tooling-extension-impl.jar
7f82f17ec000-7f82f17ee000 r--s 00006000 08:05 11931576                   /home/arpit/android-studio/plugins/gradle/lib/gradle-tooling-extension-api.jar
7f82f17ee000-7f82f185a000 r--s 00696000 08:05 11015394                   /home/arpit/android-studio/lib/groovy-all-2.3.9.jar
7f82f185a000-7f82f185f000 r--s 0002e000 08:05 11015279                   /home/arpit/android-studio/lib/gson-2.3.jar
7f82f185f000-7f82f1925000 r--s 010e5000 08:05 11015331                   /home/arpit/android-studio/lib/openapi.jar
7f82f1925000-7f82f1b25000 rw-p 00000000 00:00 0 
7f82f1b25000-7f82f1d25000 rw-p 00000000 00:00 0 
7f82f1d25000-7f82f1f25000 rw-p 00000000 00:00 0 
7f82f1f25000-7f82f1f28000 ---p 00000000 00:00 0 
7f82f1f28000-7f82f215e000 rw-p 00000000 00:00 0                          [stack:6347]
7f82f215e000-7f82f2224000 r--s 010e5000 08:05 4850536                    /root/.gradle/caches/jars-1/e6n6bk27lss49qgifx6jutcooy21uiy/openapi.jar
7f82f2224000-7f82f224c000 r--s 001cf000 08:05 4850530                    /root/.gradle/caches/jars-1/87eo0lrvp84r6dbxjq018wy66es2era/guava-jdk5-17.0.jar
7f82f224c000-7f82f224f000 ---p 00000000 00:00 0 
7f82f224f000-7f82f254d000 rw-p 00000000 00:00 0                          [stack:6345]
7f82f254d000-7f82f274d000 rw-p 00000000 00:00 0 
7f82f274d000-7f82f27c6000 r--s 010e7000 08:05 12065033                   /usr/lib/java/jdk1.8.0_45/lib/tools.jar
7f82f27c6000-7f82f27c9000 ---p 00000000 00:00 0 
7f82f27c9000-7f82f28c7000 rw-p 00000000 00:00 0                          [stack:6344]
7f82f28c7000-7f82f28ca000 ---p 00000000 00:00 0 
7f82f28ca000-7f82f29c8000 rw-p 00000000 00:00 0                          [stack:6341]
7f82f29c8000-7f82f29cb000 ---p 00000000 00:00 0 
7f82f29cb000-7f82f2cc9000 rw-p 00000000 00:00 0                          [stack:6340]
7f82f2cc9000-7f82f2ccc000 ---p 00000000 00:00 0 
7f82f2ccc000-7f82f2dca000 rw-p 00000000 00:00 0                          [stack:6339]
7f82f2dca000-7f82f2dcd000 ---p 00000000 00:00 0 
7f82f2dcd000-7f82f2ecb000 rw-p 00000000 00:00 0                          [stack:6338]
7f82f2ecb000-7f82f2ece000 ---p 00000000 00:00 0 
7f82f2ece000-7f82f2fcc000 rw-p 00000000 00:00 0                          [stack:6337]
7f82f2fcc000-7f82f2fdd000 r-xp 00000000 08:05 12064007                   /usr/lib/java/jdk1.8.0_45/jre/lib/amd64/libnio.so
7f82f2fdd000-7f82f31dc000 ---p 00011000 08:05 12064007                   /usr/lib/java/jdk1.8.0_45/jre/lib/amd64/libnio.so
7f82f31dc000-7f82f31dd000 rw-p 00010000 08:05 12064007                   /usr/lib/java/jdk1.8.0_45/jre/lib/amd64/libnio.so
7f82f31dd000-7f82f31f3000 r-xp 00000000 08:05 12064033                   /usr/lib/java/jdk1.8.0_45/jre/lib/amd64/libnet.so
7f82f31f3000-7f82f33f3000 ---p 00016000 08:05 12064033                   /usr/lib/java/jdk1.8.0_45/jre/lib/amd64/libnet.so
7f82f33f3000-7f82f33f4000 rw-p 00016000 08:05 12064033                   /usr/lib/java/jdk1.8.0_45/jre/lib/amd64/libnet.so
7f82f33f4000-7f82f340a000 r-xp 00000000 08:05 4460627                    /lib/x86_64-linux-gnu/libgcc_s.so.1
7f82f340a000-7f82f3609000 ---p 00016000 08:05 4460627                    /lib/x86_64-linux-gnu/libgcc_s.so.1
7f82f3609000-7f82f360a000 r--p 00015000 08:05 4460627                    /lib/x86_64-linux-gnu/libgcc_s.so.1
7f82f360a000-7f82f360b000 rw-p 00016000 08:05 4460627                    /lib/x86_64-linux-gnu/libgcc_s.so.1
7f82f360b000-7f82f36fb000 r-xp 00000000 08:05 12854108                   /usr/lib/x86_64-linux-gnu/libstdc++.so.6.0.20
7f82f36fb000-7f82f38fb000 ---p 000f0000 08:05 12854108                   /usr/lib/x86_64-linux-gnu/libstdc++.so.6.0.20
7f82f38fb000-7f82f3903000 r--p 000f0000 08:05 12854108                   /usr/lib/x86_64-linux-gnu/libstdc++.so.6.0.20
7f82f3903000-7f82f3905000 rw-p 000f8000 08:05 12854108                   /usr/lib/x86_64-linux-gnu/libstdc++.so.6.0.20
7f82f3905000-7f82f391a000 rw-p 00000000 00:00 0 
7f82f391a000-7f82f391b000 r--s 00002000 08:05 11801678                   /home/arpit/android-studio/gradle/m2repository/net/sf/proguard/proguard-gradle/5.1/proguard-gradle-5.1.jar
7f82f391b000-7f82f391c000 r--p 00000000 00:00 0 
7f82f391c000-7f82f391e000 r--s 00004000 08:05 4850540                    /root/.gradle/caches/jars-1/tu2gnlb5m1rfa2weqb2jor5orcodnq1/builder-model-1.2.0-beta4.jar
7f82f391e000-7f82f391f000 r--s 00000000 08:05 4850538                    /root/.gradle/caches/jars-1/dg22azhabc6tsc1i8xni15giz1bnssh/gradle-appengine-builder-model-0.1.0.jar
7f82f391f000-7f82f3921000 r--s 00006000 08:05 4850534                    /root/.gradle/caches/jars-1/44azw5yuqp9low0w27v7zezygqutkty/gradle-tooling-extension-api.jar
7f82f3921000-7f82f3927000 r--s 00026000 08:05 4850532                    /root/.gradle/caches/jars-1/qlb402qqdb9mu9614i3hr843cfch7zw/gradle-base-services-2.2.jar
7f82f3927000-7f82f3930000 r--s 0002c000 08:05 4850528                    /root/.gradle/caches/jars-1/ltkluv74baem3ersp41z8rutm6he5v5/gradle-tooling-api-2.2.jar
7f82f3930000-7f82f3937000 r--s 00000000 08:05 13112798                   /usr/lib/x86_64-linux-gnu/gconv/gconv-modules.cache
7f82f3937000-7f82f393b000 r-xp 00000000 08:05 13905571                   /tmp/native-platform7695612275748559278dir/libnative-platform.so
7f82f393b000-7f82f3b3a000 ---p 00004000 08:05 13905571                   /tmp/native-platform7695612275748559278dir/libnative-platform.so
7f82f3b3a000-7f82f3b3b000 rw-p 00003000 08:05 13905571                   /tmp/native-platform7695612275748559278dir/libnative-platform.so
7f82f3b3b000-7f82f3b40000 r--s 00094000 08:05 12063984                   /usr/lib/java/jdk1.8.0_45/jre/lib/jsse.jar
7f82f3b40000-7f82f3b41000 r--s 00001000 08:05 10890084                   /home/arpit/android-studio/gradle/gradle-2.2.1/lib/plugins/gradle-plugin-development-2.2.1.jar
7f82f3b41000-7f82f3b43000 r--s 00002000 08:05 10889973                   /home/arpit/android-studio/gradle/gradle-2.2.1/lib/plugins/gradle-cunit-2.2.1.jar
7f82f3b43000-7f82f3b48000 r--s 00036000 08:05 10890070                   /home/arpit/android-studio/gradle/gradle-2.2.1/lib/plugins/gradle-ide-native-2.2.1.jar
7f82f3b48000-7f82f3b4d000 r--s 00013000 08:05 10890030                   /home/arpit/android-studio/gradle/gradle-2.2.1/lib/plugins/gradle-language-native-2.2.1.jar
7f82f3b4d000-7f82f3b58000 r--s 0004d000 08:05 10890049                   /home/arpit/android-studio/gradle/gradle-2.2.1/lib/plugins/gradle-platform-native-2.2.1.jar
7f82f3b58000-7f82f3b5a000 r--s 00008000 08:05 10890013                   /home/arpit/android-studio/gradle/gradle-2.2.1/lib/plugins/gradle-language-groovy-2.2.1.jar
7f82f3b5a000-7f82f3b5f000 r--s 00022000 08:05 10890092                   /home/arpit/android-studio/gradle/gradle-2.2.1/lib/plugins/gradle-language-java-2.2.1.jar
7f82f3b5f000-7f82f3b62000 r--s 00007000 08:05 10890056                   /home/arpit/android-studio/gradle/gradle-2.2.1/lib/plugins/gradle-language-jvm-2.2.1.jar
7f82f3b62000-7f82f3b65000 r--s 00009000 08:05 10890016                   /home/arpit/android-studio/gradle/gradle-2.2.1/lib/plugins/gradle-platform-jvm-2.2.1.jar
7f82f3b65000-7f82f3b6a000 r--s 00018000 08:05 10889978                   /home/arpit/android-studio/gradle/gradle-2.2.1/lib/plugins/gradle-platform-base-2.2.1.jar
7f82f3b6a000-7f82f3b6f000 r--s 00026000 08:05 10890094                   /home/arpit/android-studio/gradle/gradle-2.2.1/lib/plugins/gradle-build-init-2.2.1.jar
7f82f3b6f000-7f82f3b72000 r--s 0001d000 08:05 10890071                   /home/arpit/android-studio/gradle/gradle-2.2.1/lib/plugins/gradle-jacoco-2.2.1.jar
7f82f3b72000-7f82f3b75000 r--s 0000d000 08:05 10890062                   /home/arpit/android-studio/gradle/gradle-2.2.1/lib/plugins/gradle-ivy-2.2.1.jar
7f82f3b75000-7f82f3b77000 r--s 00002000 08:05 10890064                   /home/arpit/android-studio/gradle/gradle-2.2.1/lib/plugins/gradle-publish-2.2.1.jar
7f82f3b77000-7f82f3b79000 r--s 00005000 08:05 10890021                   /home/arpit/android-studio/gradle/gradle-2.2.1/lib/plugins/jatl-0.2.2.jar
7f82f3b79000-7f82f3b7b000 r--s 0000f000 08:05 10890058                   /home/arpit/android-studio/gradle/gradle-2.2.1/lib/plugins/gradle-reporting-2.2.1.jar
7f82f3b7b000-7f82f3b80000 r--s 00034000 08:05 10890067                   /home/arpit/android-studio/gradle/gradle-2.2.1/lib/plugins/gradle-diagnostics-2.2.1.jar
7f82f3b80000-7f82f3b87000 r--s 00090000 08:05 10889983                   /home/arpit/android-studio/gradle/gradle-2.2.1/lib/plugins/gradle-build-comparison-2.2.1.jar
7f82f3b87000-7f82f3b8e000 r--s 00035000 08:05 10890038                   /home/arpit/android-studio/gradle/gradle-2.2.1/lib/plugins/simple-4.1.21.jar
7f82f3b8e000-7f82f3b9a000 r--s 00100000 08:05 10890080                   /home/arpit/android-studio/gradle/gradle-2.2.1/lib/plugins/rhino-1.7R3.jar
7f82f3b9a000-7f82f3b9f000 r--s 0001f000 08:05 10890065                   /home/arpit/android-studio/gradle/gradle-2.2.1/lib/plugins/gradle-javascript-2.2.1.jar
7f82f3b9f000-7f82f3ba1000 r--s 0000e000 08:05 10890063                   /home/arpit/android-studio/gradle/gradle-2.2.1/lib/plugins/gradle-ear-2.2.1.jar
7f82f3ba1000-7f82f3ba5000 r--s 00025000 08:05 10889970                   /home/arpit/android-studio/gradle/gradle-2.2.1/lib/plugins/bcpg-jdk15-1.46.jar
7f82f3ba5000-7f82f3ba8000 r--s 0001d000 08:05 10889994                   /home/arpit/android-studio/gradle/gradle-2.2.1/lib/plugins/gradle-signing-2.2.1.jar
7f82f3ba8000-7f82f3ba9000 r--s 00002000 08:05 10889962                   /home/arpit/android-studio/gradle/gradle-2.2.1/lib/plugins/sonar-batch-bootstrapper-2.9.jar
7f82f3ba9000-7f82f3bac000 r--s 00018000 08:05 10890028                   /home/arpit/android-studio/gradle/gradle-2.2.1/lib/plugins/gradle-sonar-2.2.1.jar
7f82f3bac000-7f82f3baf000 r--s 00017000 08:05 10890012                   /home/arpit/android-studio/gradle/gradle-2.2.1/lib/plugins/gradle-scala-2.2.1.jar
7f82f3baf000-7f82f3bb1000 r--s 0000e000 08:05 10890018                   /home/arpit/android-studio/gradle/gradle-2.2.1/lib/plugins/gradle-announce-2.2.1.jar
7f82f3bb1000-7f82f3bbf000 r--s 000bc000 08:05 10889979                   /home/arpit/android-studio/gradle/gradle-2.2.1/lib/plugins/gradle-ide-2.2.1.jar
7f82f3bbf000-7f82f3bc1000 r--s 00000000 08:05 10890072                   /home/arpit/android-studio/gradle/gradle-2.2.1/lib/plugins/plexus-component-annotations-1.5.2.jar
7f82f3bc1000-7f82f3bc4000 r--s 0000c000 08:05 10890017                   /home/arpit/android-studio/gradle/gradle-2.2.1/lib/plugins/pmaven-groovy-0.8-20100325.jar
7f82f3bc4000-7f82f3bc5000 r--s 00004000 08:05 10890040                   /home/arpit/android-studio/gradle/gradle-2.2.1/lib/plugins/pmaven-common-0.8-20100325.jar
7f82f3bc5000-7f82f3bc9000 r--s 0001e000 08:05 10890036                   /home/arpit/android-studio/gradle/gradle-2.2.1/lib/plugins/gradle-maven-2.2.1.jar
7f82f3bc9000-7f82f3be1000 r--s 0013b000 08:05 10890086                   /home/arpit/android-studio/gradle/gradle-2.2.1/lib/plugins/bndlib-2.1.0.jar
7f82f3be1000-7f82f3be3000 r--s 00004000 08:05 10890003                   /home/arpit/android-studio/gradle/gradle-2.2.1/lib/plugins/gradle-osgi-2.2.1.jar
7f82f3be3000-7f82f3be8000 r--s 00068000 08:05 10890037                   /home/arpit/android-studio/gradle/gradle-2.2.1/lib/plugins/antlr-2.7.7.jar
7f82f3be8000-7f82f3be9000 r--s 00002000 08:05 10890079                   /home/arpit/android-studio/gradle/gradle-2.2.1/lib/plugins/ant-antlr-1.9.3.jar
7f82f3be9000-7f82f3beb000 r--s 00004000 08:05 10890069                   /home/arpit/android-studio/gradle/gradle-2.2.1/lib/plugins/gradle-antlr-2.2.1.jar
7f82f3beb000-7f82f3bee000 r--s 0001e000 08:05 10890032                   /home/arpit/android-studio/gradle/gradle-2.2.1/lib/plugins/jsp-api-2.1-6.1.14.jar
7f82f3bee000-7f82f3c11000 r--s 00344000 08:05 10890073                   /home/arpit/android-studio/gradle/gradle-2.2.1/lib/plugins/core-3.1.1.jar
7f82f3c11000-7f82f3c12000 r--s 00006000 08:05 10890095                   /home/arpit/android-studio/gradle/gradle-2.2.1/lib/plugins/jetty-naming-6.1.25.jar
7f82f3c12000-7f82f3c13000 r--s 00002000 08:05 10890010                   /home/arpit/android-studio/gradle/gradle-2.2.1/lib/plugins/geronimo-annotation_1.0_spec-1.0.jar
7f82f3c13000-7f82f3c15000 r--s 00002000 08:05 10890024                   /home/arpit/android-studio/gradle/gradle-2.2.1/lib/plugins/jetty-annotations-6.1.25.jar
7f82f3c15000-7f82f3c26000 r--s 000ea000 08:05 10890050                   /home/arpit/android-studio/gradle/gradle-2.2.1/lib/plugins/jsp-2.1-6.1.14.jar
7f82f3c26000-7f82f3c28000 r--s 0000d000 08:05 10889977                   /home/arpit/android-studio/gradle/gradle-2.2.1/lib/plugins/jetty-plus-6.1.25.jar
7f82f3c28000-7f82f3c2a000 r--s 0001f000 08:05 10890015                   /home/arpit/android-studio/gradle/gradle-2.2.1/lib/plugins/servlet-api-2.5-20081211.jar
7f82f3c2a000-7f82f3c2e000 r--s 00028000 08:05 10889963                   /home/arpit/android-studio/gradle/gradle-2.2.1/lib/plugins/jetty-util-6.1.25.jar
7f82f3c2e000-7f82f3c35000 r--s 0007d000 08:05 10890052                   /home/arpit/android-studio/gradle/gradle-2.2.1/lib/plugins/jetty-6.1.25.jar
7f82f3c35000-7f82f3c37000 r--s 00009000 08:05 10890000                   /home/arpit/android-studio/gradle/gradle-2.2.1/lib/plugins/gradle-jetty-2.2.1.jar
7f82f3c37000-7f82f3c3c000 r--s 00041000 08:05 10890005                   /home/arpit/android-studio/gradle/gradle-2.2.1/lib/plugins/gradle-code-quality-2.2.1.jar
7f82f3c3c000-7f82f3c3e000 r--s 00009000 08:05 10890011                   /home/arpit/android-studio/gradle/gradle-2.2.1/lib/plugins/hamcrest-core-1.3.jar
7f82f3c3e000-7f82f3c44000 r--s 00033000 08:05 10890057                   /home/arpit/android-studio/gradle/gradle-2.2.1/lib/plugins/snakeyaml-1.6.jar
7f82f3c44000-7f82f3c46000 r--s 00006000 08:05 10889981                   /home/arpit/android-studio/gradle/gradle-2.2.1/lib/plugins/jcommander-1.12.jar
7f82f3c46000-7f82f3c4b000 r--s 00040000 08:05 10890068                   /home/arpit/android-studio/gradle/gradle-2.2.1/lib/plugins/bsh-2.0b4.jar
7f82f3c4b000-7f82f3c4d000 r--s 00009000 08:05 10889968                   /home/arpit/android-studio/gradle/gradle-2.2.1/lib/plugins/commons-cli-1.2.jar
7f82f3c4d000-7f82f3c56000 r--s 00089000 08:05 10890006                   /home/arpit/android-studio/gradle/gradle-2.2.1/lib/plugins/testng-6.3.1.jar
7f82f3c56000-7f82f3c5c000 r--s 00036000 08:05 10890033                   /home/arpit/android-studio/gradle/gradle-2.2.1/lib/plugins/junit-4.11.jar
7f82f3c5c000-7f82f3c68000 r--s 00075000 08:05 10889999                   /home/arpit/android-studio/gradle/gradle-2.2.1/lib/plugins/gradle-plugins-2.2.1.jar
7f82f3c68000-7f82f3c6b000 r--s 00011000 08:05 10889964                   /home/arpit/android-studio/gradle/gradle-2.2.1/lib/plugins/gradle-plugin-use-2.2.1.jar
7f82f3c6b000-7f82f3c83000 r--s 00115000 08:05 10890044                   /home/arpit/android-studio/gradle/gradle-2.2.1/lib/plugins/xercesImpl-2.9.1.jar
7f82f3c83000-7f82f3c8b000 r--s 00028000 08:05 10890025                   /home/arpit/android-studio/gradle/gradle-2.2.1/lib/plugins/xml-apis-1.3.04.jar
7f82f3c8b000-7f82f3c91000 r--s 0005b000 08:05 10889966                   /home/arpit/android-studio/gradle/gradle-2.2.1/lib/plugins/jcifs-1.3.17.jar
7f82f3c91000-7f82f3c97000 r--s 00031000 08:05 10889982                   /home/arpit/android-studio/gradle/gradle-2.2.1/lib/plugins/httpcore-4.2.2.jar
7f82f3c97000-7f82f3c9d000 r--s 00033000 08:05 10889965                   /home/arpit/android-studio/gradle/gradle-2.2.1/lib/plugins/commons-codec-1.6.jar
7f82f3c9d000-7f82f3ca0000 r--s 0001c000 08:05 10890090                   /home/arpit/android-studio/gradle/gradle-2.2.1/lib/plugins/nekohtml-1.9.14.jar
7f82f3ca0000-7f82f3ca9000 r--s 00060000 08:05 10890008                   /home/arpit/android-studio/gradle/gradle-2.2.1/lib/plugins/httpclient-4.2.2.jar
7f82f3ca9000-7f82f3cab000 r--s 00007000 08:05 10890078                   /home/arpit/android-studio/gradle/gradle-2.2.1/lib/plugins/gradle-resources-http-2.2.1.jar
7f82f3cab000-7f82f3cd3000 r--s 00194000 08:05 10890022                   /home/arpit/android-studio/gradle/gradle-2.2.1/lib/plugins/bcprov-jdk15-1.46.jar
7f82f3cd3000-7f82f3cd7000 r--s 0001d000 08:05 10890074                   /home/arpit/android-studio/gradle/gradle-2.2.1/lib/plugins/xbean-reflect-3.4.jar
7f82f3cd7000-7f82f3cdc000 r--s 0002a000 08:05 10890087                   /home/arpit/android-studio/gradle/gradle-2.2.1/lib/plugins/gson-2.2.4.jar
7f82f3cdc000-7f82f3ce0000 r--s 0003d000 08:05 10890029                   /home/arpit/android-studio/gradle/gradle-2.2.1/lib/plugins/jsch-0.1.51.jar
7f82f3ce0000-7f82f3cf9000 r--s 00129000 08:05 10890081                   /home/arpit/android-studio/gradle/gradle-2.2.1/lib/plugins/maven-ant-tasks-2.1.3.jar
7f82f3cf9000-7f82f3d08000 r--s 000d9000 08:05 10890060                   /home/arpit/android-studio/gradle/gradle-2.2.1/lib/plugins/ivy-2.2.0.jar
7f82f3d08000-7f82f3d0c000 r--s 0001e000 08:05 10890026                   /home/arpit/android-studio/gradle/gradle-2.2.1/lib/plugins/jarjar-aether-impl-1.13.1.jar
7f82f3d0c000-7f82f3d0f000 r--s 00027000 08:05 10890031                   /home/arpit/android-studio/gradle/gradle-2.2.1/lib/plugins/jarjar-maven-model-3.0.4.jar
7f82f3d0f000-7f82f3d12000 r--s 0000b000 08:05 10890020                   /home/arpit/android-studio/gradle/gradle-2.2.1/lib/plugins/jarjar-maven-artifact-3.0.4.jar
7f82f3d12000-7f82f3d16000 r--s 0001e000 08:05 10889988                   /home/arpit/android-studio/gradle/gradle-2.2.1/lib/plugins/jarjar-aether-util-1.13.1.jar
7f82f3d16000-7f82f3d18000 r--s 00007000 08:05 10890088                   /home/arpit/android-studio/gradle/gradle-2.2.1/lib/plugins/jarjar-wagon-http-shared4-2.4.jar
7f82f3d18000-7f82f3d25000 r--s 00083000 08:05 10889985                   /home/arpit/android-studio/gradle/gradle-2.2.1/lib/plugins/jarjar-maven-core-3.0.4.jar
7f82f3d25000-7f82f3d27000 r--s 00003000 08:05 10890059                   /home/arpit/android-studio/gradle/gradle-2.2.1/lib/plugins/jarjar-aether-spi-1.13.1.jar
7f82f3d27000-7f82f3d29000 r--s 00009000 08:05 10890041                   /home/arpit/android-studio/gradle/gradle-2.2.1/lib/plugins/jarjar-maven-settings-builder-3.0.4.jar
7f82f3d29000-7f82f3d2d000 r--s 00014000 08:05 10890014                   /home/arpit/android-studio/gradle/gradle-2.2.1/lib/plugins/jarjar-aether-api-1.13.1.jar
7f82f3d2d000-7f82f3d2e000 r--s 00002000 08:05 10890076                   /home/arpit/android-studio/gradle/gradle-2.2.1/lib/plugins/jarjar-wagon-http-2.4.jar
7f82f3d2e000-7f82f3d35000 r--s 00042000 08:05 10889810                   /home/arpit/android-studio/gradle/gradle-2.2.1/lib/plugins/jarjar-maven-compat-3.0.4.jar
7f82f3d35000-7f82f3d37000 r--s 00006000 08:05 10890019                   /home/arpit/android-studio/gradle/gradle-2.2.1/lib/plugins/jarjar-aether-connector-wagon-1.13.1.jar
7f82f3d37000-7f82f3d39000 r--s 00000000 08:05 10890004                   /home/arpit/android-studio/gradle/gradle-2.2.1/lib/plugins/jarjar-plexus-component-annotations-1.5.5.jar
7f82f3d39000-7f82f3d3b000 r--s 00006000 08:05 10889974                   /home/arpit/android-studio/gradle/gradle-2.2.1/lib/plugins/jarjar-plexus-sec-dispatcher-1.3.jar
7f82f3d3b000-7f82f3d40000 r--s 00022000 08:05 10890077                   /home/arpit/android-studio/gradle/gradle-2.2.1/lib/plugins/jarjar-maven-model-builder-3.0.4.jar
7f82f3d40000-7f82f3d42000 r--s 0000b000 08:05 10890035                   /home/arpit/android-studio/gradle/gradle-2.2.1/lib/plugins/jarjar-maven-plugin-api-3.0.4.jar
7f82f3d42000-7f82f3d45000 r--s 0000a000 08:05 10889969                   /home/arpit/android-studio/gradle/gradle-2.2.1/lib/plugins/jarjar-plexus-classworlds-2.4.jar
7f82f3d45000-7f82f3d49000 r--s 00035000 08:05 10890089                   /home/arpit/android-studio/gradle/gradle-2.2.1/lib/plugins/jarjar-plexus-utils-2.0.6.jar
7f82f3d49000-7f82f3d4b000 r--s 0000e000 08:05 10890091                   /home/arpit/android-studio/gradle/gradle-2.2.1/lib/plugins/jarjar-plexus-interpolation-1.14.jar
7f82f3d4b000-7f82f3d4d000 r--s 00002000 08:05 10890027                   /home/arpit/android-studio/gradle/gradle-2.2.1/lib/plugins/jarjar-plexus-cipher-1.7.jar
7f82f3d4d000-7f82f3d4f000 r--s 0000c000 08:05 10890085                   /home/arpit/android-studio/gradle/gradle-2.2.1/lib/plugins/jarjar-wagon-provider-api-2.4.jar
7f82f3d4f000-7f82f3d51000 r--s 0000d000 08:05 10890093                   /home/arpit/android-studio/gradle/gradle-2.2.1/lib/plugins/jarjar-maven-aether-provider-3.0.4.jar
7f82f3d51000-7f82f3d59000 r--s 00031000 08:05 10890053                   /home/arpit/android-studio/gradle/gradle-2.2.1/lib/plugins/jarjar-plexus-container-default-1.5.5.jar
7f82f3d59000-7f82f3d5a000 r--s 00007000 08:05 10890034                   /home/arpit/android-studio/gradle/gradle-2.2.1/lib/plugins/jarjar-maven-repository-metadata-3.0.4.jar
7f82f3d5a000-7f82f3d5b000 r--s 0000b000 08:05 10890051                   /home/arpit/android-studio/gradle/gradle-2.2.1/lib/plugins/jarjar-maven-settings-3.0.4.jar
7f82f3d5b000-7f82f3d73000 r--s 000b5000 08:05 10890045                   /home/arpit/android-studio/gradle/gradle-2.2.1/lib/plugins/gradle-dependency-management-2.2.1.jar
7f82f3d73000-7f82f3d74000 r--s 00005000 08:05 10889938                   /home/arpit/android-studio/gradle/gradle-2.2.1/lib/gradle-wrapper-2.2.1.jar
7f82f3d74000-7f82f3d7d000 r--s 0002c000 08:05 10889943                   /home/arpit/android-studio/gradle/gradle-2.2.1/lib/gradle-tooling-api-2.2.1.jar
7f82f3d7d000-7f82f3d83000 r--s 00032000 08:05 10889946                   /home/arpit/android-studio/gradle/gradle-2.2.1/lib/jaxen-1.1.jar
7f82f3d83000-7f82f3d88000 r--s 00048000 08:05 10889917                   /home/arpit/android-studio/gradle/gradle-2.2.1/lib/dom4j-1.6.1.jar
7f82f3d88000-7f82f3d93000 r--s 00059000 08:05 10889956                   /home/arpit/android-studio/gradle/gradle-2.2.1/lib/gradle-ui-2.2.1.jar
7f82f3d93000-7f82f3dfe000 r--s 00685000 08:05 10889914                   /home/arpit/android-studio/gradle/gradle-2.2.1/lib/groovy-all-2.3.6.jar
7f82f3dfe000-7f82f3dff000 ---p 00000000 00:00 0 
7f82f3dff000-7f82f3eff000 rw-p 00000000 00:00 0                          [stack:6336]
7f82f3eff000-7f82f3f02000 ---p 00000000 00:00 0 
7f82f3f02000-7f82f4000000 rw-p 00000000 00:00 0                          [stack:6335]
7f82f4000000-7f82f4021000 rw-p 00000000 00:00 0 
7f82f4021000-7f82f8000000 ---p 00000000 00:00 0 
7f82f8000000-7f82f8002000 r--s 00002000 08:05 10889953                   /home/arpit/android-studio/gradle/gradle-2.2.1/lib/gradle-open-api-2.2.1.jar
7f82f8002000-7f82f8004000 r--s 00006000 08:05 10889920                   /home/arpit/android-studio/gradle/gradle-2.2.1/lib/gradle-resources-2.2.1.jar
7f82f8004000-7f82f8006000 r--s 00007000 08:05 10889948                   /home/arpit/android-studio/gradle/gradle-2.2.1/lib/objenesis-1.2.jar
7f82f8006000-7f82f8008000 r--s 00000000 08:05 10889949                   /home/arpit/android-studio/gradle/gradle-2.2.1/lib/minlog-1.2.jar
7f82f8008000-7f82f800a000 r--s 0000f000 08:05 10889954                   /home/arpit/android-studio/gradle/gradle-2.2.1/lib/reflectasm-1.07-shaded.jar
7f82f800a000-7f82f800e000 r--s 00026000 08:05 10890096                   /home/arpit/android-studio/gradle/gradle-2.2.1/lib/kryo-2.20.jar
7f82f800e000-7f82f8017000 r--s 00039000 08:05 10889945                   /home/arpit/android-studio/gradle/gradle-2.2.1/lib/gradle-messaging-2.2.1.jar
7f82f8017000-7f82f8018000 r--s 00003000 08:05 10889958                   /home/arpit/android-studio/gradle/gradle-2.2.1/lib/native-platform-freebsd-amd64-0.10.jar
7f82f8018000-7f82f8019000 r--s 00003000 08:05 10889940                   /home/arpit/android-studio/gradle/gradle-2.2.1/lib/native-platform-freebsd-i386-0.10.jar
7f82f8019000-7f82f801a000 r--s 00005000 08:05 10889944                   /home/arpit/android-studio/gradle/gradle-2.2.1/lib/native-platform-windows-i386-0.10.jar
7f82f801a000-7f82f801b000 r--s 00005000 08:05 10889913                   /home/arpit/android-studio/gradle/gradle-2.2.1/lib/native-platform-windows-amd64-0.10.jar
7f82f801b000-7f82f801c000 r--s 00003000 08:05 10889916                   /home/arpit/android-studio/gradle/gradle-2.2.1/lib/native-platform-linux-i386-0.10.jar
7f82f801c000-7f82f801d000 r--s 00003000 08:05 10889924                   /home/arpit/android-studio/gradle/gradle-2.2.1/lib/native-platform-linux-amd64-0.10.jar
7f82f801d000-7f82f801e000 r--s 00002000 08:05 10890097                   /home/arpit/android-studio/gradle/gradle-2.2.1/lib/native-platform-osx-amd64-0.10.jar
7f82f801e000-7f82f801f000 r--s 00002000 08:05 10889936                   /home/arpit/android-studio/gradle/gradle-2.2.1/lib/native-platform-osx-i386-0.10.jar
7f82f801f000-7f82f8021000 r--s 00008000 08:05 10889935                   /home/arpit/android-studio/gradle/gradle-2.2.1/lib/jansi-1.2.1.jar
7f82f8021000-7f82f8024000 r--s 0000d000 08:05 10889950                   /home/arpit/android-studio/gradle/gradle-2.2.1/lib/native-platform-0.10.jar
7f82f8024000-7f82f8028000 r--s 000e4000 08:05 10889915                   /home/arpit/android-studio/gradle/gradle-2.2.1/lib/jna-3.2.7.jar
7f82f8028000-7f82f802a000 r--s 00008000 08:05 10889934                   /home/arpit/android-studio/gradle/gradle-2.2.1/lib/gradle-native-2.2.1.jar
7f82f802a000-7f82f802c000 r--s 00005000 08:05 10889957                   /home/arpit/android-studio/gradle/gradle-2.2.1/lib/gradle-cli-2.2.1.jar
7f82f802c000-7f82f802e000 r--s 00003000 08:05 10889922                   /home/arpit/android-studio/gradle/gradle-2.2.1/lib/gradle-base-services-groovy-2.2.1.jar
7f82f802e000-7f82f8030000 r--s 0000a000 08:05 10889930                   /home/arpit/android-studio/gradle/gradle-2.2.1/lib/gradle-model-groovy-2.2.1.jar
7f82f8030000-7f82f8034000 r--s 0001b000 08:05 10889926                   /home/arpit/android-studio/gradle/gradle-2.2.1/lib/gradle-model-core-2.2.1.jar
7f82f8034000-7f82f8036000 r--s 00003000 08:05 10889923                   /home/arpit/android-studio/gradle/gradle-2.2.1/lib/jcl-over-slf4j-1.7.7.jar
7f82f8036000-7f82f803c000 r--s 0003b000 08:05 10889919                   /home/arpit/android-studio/gradle/gradle-2.2.1/lib/logback-classic-1.0.13.jar
7f82f803c000-7f82f8046000 r--s 0005d000 08:05 10889929                   /home/arpit/android-studio/gradle/gradle-2.2.1/lib/logback-core-1.0.13.jar
7f82f8046000-7f82f804b000 r--s 00041000 08:05 10889918                   /home/arpit/android-studio/gradle/gradle-2.2.1/lib/commons-lang-2.6.jar
7f82f804b000-7f82f8059000 r--s 0007f000 08:05 10889952                   /home/arpit/android-studio/gradle/gradle-2.2.1/lib/commons-collections-3.2.1.jar
7f82f8059000-7f82f8081000 r--s 001cf000 08:05 10889932                   /home/arpit/android-studio/gradle/gradle-2.2.1/lib/guava-jdk5-17.0.jar
7f82f8081000-7f82f80a0000 r--s 001cc000 08:05 10889921                   /home/arpit/android-studio/gradle/gradle-2.2.1/lib/ant-1.9.3.jar
7f82f80a0000-7f82f80bc000 r--s 00393000 08:05 12064092                   /usr/lib/java/jdk1.8.0_45/jre/lib/ext/cldrdata.jar
7f82f80bc000-7f82f80ed000 r--s 00191000 08:05 10889927                   /home/arpit/android-studio/gradle/gradle-2.2.1/lib/gradle-core-2.2.1.jar
7f82f80ed000-7f82f80f0000 ---p 00000000 00:00 0 
7f82f80f0000-7f82f81ee000 rw-p 00000000 00:00 0                          [stack:6334]
7f82f81ee000-7f82f81f1000 ---p 00000000 00:00 0 
7f82f81f1000-7f82f82ef000 rw-p 00000000 00:00 0                          [stack:6333]
7f82f82ef000-7f82f82f2000 ---p 00000000 00:00 0 
7f82f82f2000-7f82f83f0000 rw-p 00000000 00:00 0                          [stack:6332]
7f82f83f0000-7f82f83f3000 ---p 00000000 00:00 0 
7f82f83f3000-7f82f84f1000 rw-p 00000000 00:00 0                          [stack:6331]
7f82f84f1000-7f82f8bd3000 r--p 00000000 08:05 12852234                   /usr/lib/locale/locale-archive
7f82f8bd3000-7f82f8bd6000 ---p 00000000 00:00 0 
7f82f8bd6000-7f82f8cd4000 rw-p 00000000 00:00 0                          [stack:6330]
7f82f8cd4000-7f82f8cd7000 ---p 00000000 00:00 0 
7f82f8cd7000-7f82f8dd5000 rw-p 00000000 00:00 0                          [stack:6329]
7f82f8dd5000-7f82f8dd6000 ---p 00000000 00:00 0 
7f82f8dd6000-7f82f9e27000 rw-p 00000000 00:00 0                          [stack:6328]
7f82f9e27000-7f82fa000000 r--s 03d09000 08:05 12063986                   /usr/lib/java/jdk1.8.0_45/jre/lib/rt.jar
7f82fa000000-7f82fc000000 rw-p 00000000 00:00 0 
7f82fc000000-7f82fc021000 rw-p 00000000 00:00 0 
7f82fc021000-7f8300000000 ---p 00000000 00:00 0 
7f8300000000-7f8300001000 r--s 00000000 08:05 10889939                   /home/arpit/android-studio/gradle/gradle-2.2.1/lib/gradle-docs-2.2.1.jar
7f8300001000-7f8300004000 r--s 0001b000 08:05 10889925                   /home/arpit/android-studio/gradle/gradle-2.2.1/lib/jarjar-1.3.jar
7f8300004000-7f830000f000 r--s 00116000 08:05 12064090                   /usr/lib/java/jdk1.8.0_45/jre/lib/ext/localedata.jar
7f830000f000-7f8300aa6000 rw-p 00000000 00:00 0 
7f8300aa6000-7f8300aa7000 ---p 00000000 00:00 0 
7f8300aa7000-7f8300ba7000 rw-p 00000000 00:00 0                          [stack:6327]
7f8300ba7000-7f8300ba8000 ---p 00000000 00:00 0 
7f8300ba8000-7f8300ca8000 rw-p 00000000 00:00 0                          [stack:6326]
7f8300ca8000-7f8300ca9000 ---p 00000000 00:00 0 
7f8300ca9000-7f8300da9000 rw-p 00000000 00:00 0                          [stack:6325]
7f8300da9000-7f8300daa000 ---p 00000000 00:00 0 
7f8300daa000-7f8300ebb000 rw-p 00000000 00:00 0                          [stack:6324]
7f8300ebb000-7f8301000000 ---p 00000000 00:00 0 
7f8301000000-7f8301f30000 rwxp 00000000 00:00 0 
7f8301f30000-7f8310000000 ---p 00000000 00:00 0 
7f8310000000-7f8310a73000 rw-p 00000000 00:00 0 
7f8310a73000-7f8314000000 ---p 00000000 00:00 0 
7f8314000000-7f8314001000 r--s 00005000 08:05 10889951                   /home/arpit/android-studio/gradle/gradle-2.2.1/lib/log4j-over-slf4j-1.7.7.jar
7f8314001000-7f8314004000 r--s 00018000 08:05 10889959                   /home/arpit/android-studio/gradle/gradle-2.2.1/lib/commons-io-1.4.jar
7f8314004000-7f8314009000 r--s 00036000 08:05 10889941                   /home/arpit/android-studio/gradle/gradle-2.2.1/lib/asm-all-5.0.3.jar
7f8314009000-7f8314069000 rw-p 00000000 00:00 0 
7f8314069000-7f83141ad000 ---p 00000000 00:00 0 
7f83141ad000-7f8314230000 rw-p 00000000 00:00 0 
7f8314230000-7f8314258000 ---p 00000000 00:00 0 
7f8314258000-7f8314296000 rw-p 00000000 00:00 0 
7f8314296000-7f8314619000 ---p 00000000 00:00 0 
7f8314619000-7f8314633000 r-xp 00000000 08:05 12064012                   /usr/lib/java/jdk1.8.0_45/jre/lib/amd64/libzip.so
7f8314633000-7f8314833000 ---p 0001a000 08:05 12064012                   /usr/lib/java/jdk1.8.0_45/jre/lib/amd64/libzip.so
7f8314833000-7f8314834000 rw-p 0001a000 08:05 12064012                   /usr/lib/java/jdk1.8.0_45/jre/lib/amd64/libzip.so
7f8314834000-7f831483f000 r-xp 00000000 08:05 4456553                    /lib/x86_64-linux-gnu/libnss_files-2.19.so
7f831483f000-7f8314a3e000 ---p 0000b000 08:05 4456553                    /lib/x86_64-linux-gnu/libnss_files-2.19.so
7f8314a3e000-7f8314a3f000 r--p 0000a000 08:05 4456553                    /lib/x86_64-linux-gnu/libnss_files-2.19.so
7f8314a3f000-7f8314a40000 rw-p 0000b000 08:05 4456553                    /lib/x86_64-linux-gnu/libnss_files-2.19.so
7f8314a40000-7f8314a4b000 r-xp 00000000 08:05 4460569                    /lib/x86_64-linux-gnu/libnss_nis-2.19.so
7f8314a4b000-7f8314c4a000 ---p 0000b000 08:05 4460569                    /lib/x86_64-linux-gnu/libnss_nis-2.19.so
7f8314c4a000-7f8314c4b000 r--p 0000a000 08:05 4460569                    /lib/x86_64-linux-gnu/libnss_nis-2.19.so
7f8314c4b000-7f8314c4c000 rw-p 0000b000 08:05 4460569                    /lib/x86_64-linux-gnu/libnss_nis-2.19.so
7f8314c4c000-7f8314c63000 r-xp 00000000 08:05 4456539                    /lib/x86_64-linux-gnu/libnsl-2.19.so
7f8314c63000-7f8314e62000 ---p 00017000 08:05 4456539                    /lib/x86_64-linux-gnu/libnsl-2.19.so
7f8314e62000-7f8314e63000 r--p 00016000 08:05 4456539                    /lib/x86_64-linux-gnu/libnsl-2.19.so
7f8314e63000-7f8314e64000 rw-p 00017000 08:05 4456539                    /lib/x86_64-linux-gnu/libnsl-2.19.so
7f8314e64000-7f8314e66000 rw-p 00000000 00:00 0 
7f8314e66000-7f8314e6f000 r-xp 00000000 08:05 4456540                    /lib/x86_64-linux-gnu/libnss_compat-2.19.so
7f8314e6f000-7f831506e000 ---p 00009000 08:05 4456540                    /lib/x86_64-linux-gnu/libnss_compat-2.19.so
7f831506e000-7f831506f000 r--p 00008000 08:05 4456540                    /lib/x86_64-linux-gnu/libnss_compat-2.19.so
7f831506f000-7f8315070000 rw-p 00009000 08:05 4456540                    /lib/x86_64-linux-gnu/libnss_compat-2.19.so
7f8315070000-7f831509a000 r-xp 00000000 08:05 12064005                   /usr/lib/java/jdk1.8.0_45/jre/lib/amd64/libjava.so
7f831509a000-7f831529a000 ---p 0002a000 08:05 12064005                   /usr/lib/java/jdk1.8.0_45/jre/lib/amd64/libjava.so
7f831529a000-7f831529c000 rw-p 0002a000 08:05 12064005                   /usr/lib/java/jdk1.8.0_45/jre/lib/amd64/libjava.so
7f831529c000-7f83152a9000 r-xp 00000000 08:05 12064047                   /usr/lib/java/jdk1.8.0_45/jre/lib/amd64/libverify.so
7f83152a9000-7f83154a9000 ---p 0000d000 08:05 12064047                   /usr/lib/java/jdk1.8.0_45/jre/lib/amd64/libverify.so
7f83154a9000-7f83154ab000 rw-p 0000d000 08:05 12064047                   /usr/lib/java/jdk1.8.0_45/jre/lib/amd64/libverify.so
7f83154ab000-7f83154b2000 r-xp 00000000 08:05 4460615                    /lib/x86_64-linux-gnu/librt-2.19.so
7f83154b2000-7f83156b1000 ---p 00007000 08:05 4460615                    /lib/x86_64-linux-gnu/librt-2.19.so
7f83156b1000-7f83156b2000 r--p 00006000 08:05 4460615                    /lib/x86_64-linux-gnu/librt-2.19.so
7f83156b2000-7f83156b3000 rw-p 00007000 08:05 4460615                    /lib/x86_64-linux-gnu/librt-2.19.so
7f83156b3000-7f83157b8000 r-xp 00000000 08:05 4456463                    /lib/x86_64-linux-gnu/libm-2.19.so
7f83157b8000-7f83159b7000 ---p 00105000 08:05 4456463                    /lib/x86_64-linux-gnu/libm-2.19.so
7f83159b7000-7f83159b8000 r--p 00104000 08:05 4456463                    /lib/x86_64-linux-gnu/libm-2.19.so
7f83159b8000-7f83159b9000 rw-p 00105000 08:05 4456463                    /lib/x86_64-linux-gnu/libm-2.19.so
7f83159b9000-7f8316667000 r-xp 00000000 08:05 12064053                   /usr/lib/java/jdk1.8.0_45/jre/lib/amd64/server/libjvm.so
7f8316667000-7f8316866000 ---p 00cae000 08:05 12064053                   /usr/lib/java/jdk1.8.0_45/jre/lib/amd64/server/libjvm.so
7f8316866000-7f831693d000 rw-p 00cad000 08:05 12064053                   /usr/lib/java/jdk1.8.0_45/jre/lib/amd64/server/libjvm.so
7f831693d000-7f8316981000 rw-p 00000000 00:00 0 
7f8316981000-7f8316b3b000 r-xp 00000000 08:05 4460501                    /lib/x86_64-linux-gnu/libc-2.19.so
7f8316b3b000-7f8316d3a000 ---p 001ba000 08:05 4460501                    /lib/x86_64-linux-gnu/libc-2.19.so
7f8316d3a000-7f8316d3e000 r--p 001b9000 08:05 4460501                    /lib/x86_64-linux-gnu/libc-2.19.so
7f8316d3e000-7f8316d40000 rw-p 001bd000 08:05 4460501                    /lib/x86_64-linux-gnu/libc-2.19.so
7f8316d40000-7f8316d45000 rw-p 00000000 00:00 0 
7f8316d45000-7f8316d48000 r-xp 00000000 08:05 4456542                    /lib/x86_64-linux-gnu/libdl-2.19.so
7f8316d48000-7f8316f47000 ---p 00003000 08:05 4456542                    /lib/x86_64-linux-gnu/libdl-2.19.so
7f8316f47000-7f8316f48000 r--p 00002000 08:05 4456542                    /lib/x86_64-linux-gnu/libdl-2.19.so
7f8316f48000-7f8316f49000 rw-p 00003000 08:05 4456542                    /lib/x86_64-linux-gnu/libdl-2.19.so
7f8316f49000-7f8316f5e000 r-xp 00000000 08:05 12064346                   /usr/lib/java/jdk1.8.0_45/lib/amd64/jli/libjli.so
7f8316f5e000-7f831715e000 ---p 00015000 08:05 12064346                   /usr/lib/java/jdk1.8.0_45/lib/amd64/jli/libjli.so
7f831715e000-7f831715f000 rw-p 00015000 08:05 12064346                   /usr/lib/java/jdk1.8.0_45/lib/amd64/jli/libjli.so
7f831715f000-7f8317178000 r-xp 00000000 08:05 4456543                    /lib/x86_64-linux-gnu/libpthread-2.19.so
7f8317178000-7f8317377000 ---p 00019000 08:05 4456543                    /lib/x86_64-linux-gnu/libpthread-2.19.so
7f8317377000-7f8317378000 r--p 00018000 08:05 4456543                    /lib/x86_64-linux-gnu/libpthread-2.19.so
7f8317378000-7f8317379000 rw-p 00019000 08:05 4456543                    /lib/x86_64-linux-gnu/libpthread-2.19.so
7f8317379000-7f831737d000 rw-p 00000000 00:00 0 
7f831737d000-7f83173a0000 r-xp 00000000 08:05 4456549                    /lib/x86_64-linux-gnu/ld-2.19.so
7f83173a0000-7f83173a2000 r--s 00000000 08:05 10889947                   /home/arpit/android-studio/gradle/gradle-2.2.1/lib/jul-to-slf4j-1.7.7.jar
7f83173a2000-7f831747b000 rw-p 00000000 00:00 0 
7f831747b000-7f831747e000 ---p 00000000 00:00 0 
7f831747e000-7f8317580000 rw-p 00000000 00:00 0                          [stack:6323]
7f8317580000-7f8317581000 r--s 00000000 08:05 10889942                   /home/arpit/android-studio/gradle/gradle-2.2.1/lib/javax.inject-1.jar
7f8317581000-7f8317582000 r--s 00000000 08:05 10889933                   /home/arpit/android-studio/gradle/gradle-2.2.1/lib/jcip-annotations-1.0.jar
7f8317582000-7f8317584000 r--s 00006000 08:05 10889928                   /home/arpit/android-studio/gradle/gradle-2.2.1/lib/slf4j-api-1.7.7.jar
7f8317584000-7f8317585000 r--s 00004000 08:05 10889931                   /home/arpit/android-studio/gradle/gradle-2.2.1/lib/ant-launcher-1.9.3.jar
7f8317585000-7f831758b000 r--s 00026000 08:05 10889937                   /home/arpit/android-studio/gradle/gradle-2.2.1/lib/gradle-base-services-2.2.1.jar
7f831758b000-7f8317593000 r--s 0003c000 08:05 10889955                   /home/arpit/android-studio/gradle/gradle-2.2.1/lib/gradle-launcher-2.2.1.jar
7f8317593000-7f831759b000 rw-s 00000000 08:05 13905563                   /tmp/hsperfdata_root/6321
7f831759b000-7f831759c000 rw-p 00000000 00:00 0 
7f831759c000-7f831759d000 ---p 00000000 00:00 0 
7f831759d000-7f831759f000 rw-p 00000000 00:00 0 
7f831759f000-7f83175a0000 r--p 00022000 08:05 4456549                    /lib/x86_64-linux-gnu/ld-2.19.so
7f83175a0000-7f83175a1000 rw-p 00023000 08:05 4456549                    /lib/x86_64-linux-gnu/ld-2.19.so
7f83175a1000-7f83175a2000 rw-p 00000000 00:00 0 
7fff66308000-7fff66329000 rw-p 00000000 00:00 0                          [stack]
7fff663a9000-7fff663ab000 r-xp 00000000 00:00 0                          [vdso]
7fff663ab000-7fff663ad000 r--p 00000000 00:00 0                          [vvar]
ffffffffff600000-ffffffffff601000 r-xp 00000000 00:00 0                  [vsyscall]

VM Arguments:
jvm_args: -XX:MaxPermSize=256m -XX:+HeapDumpOnOutOfMemoryError -Xmx1024m -Dfile.encoding=UTF-8 -Duser.country=IN -Duser.language=en -Duser.variant 
java_command: org.gradle.launcher.daemon.bootstrap.GradleDaemon 2.2.1 /root/.gradle/daemon 10800000 92591f5a-b419-44fe-bae7-7912705b8504 -XX:MaxPermSize=256m -XX:+HeapDumpOnOutOfMemoryError -Xmx1024m -Dfile.encoding=UTF-8 -Duser.country=IN -Duser.language=en -Duser.variant
java_class_path (initial): /home/arpit/android-studio/gradle/gradle-2.2.1/lib/gradle-launcher-2.2.1.jar
Launcher Type: SUN_STANDARD

Environment Variables:
PATH=/usr/local/sbin:/usr/local/bin:/usr/sbin:/usr/bin:/sbin:/bin
USERNAME=root
LD_LIBRARY_PATH=.:
SHELL=/bin/bash
DISPLAY=:0

Signal Handlers:
SIGSEGV: [libjvm.so+0xaad1e0], sa_mask[0]=11111111011111111101111111111110, sa_flags=SA_RESTART|SA_SIGINFO
SIGBUS: [libjvm.so+0xaad1e0], sa_mask[0]=11111111011111111101111111111110, sa_flags=SA_RESTART|SA_SIGINFO
SIGFPE: [libjvm.so+0x90b450], sa_mask[0]=11111111011111111101111111111110, sa_flags=SA_RESTART|SA_SIGINFO
SIGPIPE: [libjvm.so+0x90b450], sa_mask[0]=11111111011111111101111111111110, sa_flags=SA_RESTART|SA_SIGINFO
SIGXFSZ: [libjvm.so+0x90b450], sa_mask[0]=11111111011111111101111111111110, sa_flags=SA_RESTART|SA_SIGINFO
SIGILL: [libjvm.so+0x90b450], sa_mask[0]=11111111011111111101111111111110, sa_flags=SA_RESTART|SA_SIGINFO
SIGUSR1: SIG_DFL, sa_mask[0]=00000000000000000000000000000000, sa_flags=none
SIGUSR2: [libjvm.so+0x90ca90], sa_mask[0]=00100000000000000000000000000000, sa_flags=SA_RESTART|SA_SIGINFO
SIGHUP: [libjvm.so+0x90dde0], sa_mask[0]=11111111011111111101111111111110, sa_flags=SA_RESTART|SA_SIGINFO
SIGINT: [libjvm.so+0x90dde0], sa_mask[0]=11111111011111111101111111111110, sa_flags=SA_RESTART|SA_SIGINFO
SIGTERM: [libjvm.so+0x90dde0], sa_mask[0]=11111111011111111101111111111110, sa_flags=SA_RESTART|SA_SIGINFO
SIGQUIT: [libjvm.so+0x90dde0], sa_mask[0]=11111111011111111101111111111110, sa_flags=SA_RESTART|SA_SIGINFO


---------------  S Y S T E M  ---------------

OS:DISTRIB_ID=Ubuntu
DISTRIB_RELEASE=14.10
DISTRIB_CODENAME=utopic
DISTRIB_DESCRIPTION="Ubuntu 14.10"

uname:Linux 3.16.0-31-generic #43-Ubuntu SMP Tue Mar 10 17:37:36 UTC 2015 x86_64
libc:glibc 2.19 NPTL 2.19 
rlimit: STACK 8192k, CORE 0k, NPROC 14973, NOFILE 4096, AS infinity
load average:5.91 2.12 1.31

/proc/meminfo:
MemTotal:        3910064 kB
MemFree:          104040 kB
MemAvailable:      52108 kB
Buffers:             584 kB
Cached:           379600 kB
SwapCached:            0 kB
Active:          3278632 kB
Inactive:         329212 kB
Active(anon):    3271080 kB
Inactive(anon):   305276 kB
Active(file):       7552 kB
Inactive(file):    23936 kB
Unevictable:         144 kB
Mlocked:             144 kB
SwapTotal:             0 kB
SwapFree:              0 kB
Dirty:               292 kB
Writeback:             0 kB
AnonPages:       3228544 kB
Mapped:           173508 kB
Shmem:            347956 kB
Slab:              70516 kB
SReclaimable:      33584 kB
SUnreclaim:        36932 kB
KernelStack:        9936 kB
PageTables:        42568 kB
NFS_Unstable:          0 kB
Bounce:                0 kB
WritebackTmp:          0 kB
CommitLimit:     1955032 kB
Committed_AS:    7340464 kB
VmallocTotal:   34359738367 kB
VmallocUsed:      360588 kB
VmallocChunk:   34359321544 kB
HardwareCorrupted:     0 kB
AnonHugePages:   1374208 kB
HugePages_Total:       0
HugePages_Free:        0
HugePages_Rsvd:        0
HugePages_Surp:        0
Hugepagesize:       2048 kB
DirectMap4k:       63736 kB
DirectMap2M:     3993600 kB


CPU:total 4 (2 cores per cpu, 2 threads per core) family 6 model 58 stepping 9, cmov, cx8, fxsr, mmx, sse, sse2, sse3, ssse3, sse4.1, sse4.2, popcnt, avx, aes, clmul, erms, ht, tsc, tscinvbit, tscinv

/proc/cpuinfo:
processor	: 0
vendor_id	: GenuineIntel
cpu family	: 6
model		: 58
model name	: Intel(R) Core(TM) i5-3230M CPU @ 2.60GHz
stepping	: 9
microcode	: 0x15
cpu MHz		: 1200.875
cache size	: 3072 KB
physical id	: 0
siblings	: 4
core id		: 0
cpu cores	: 2
apicid		: 0
initial apicid	: 0
fpu		: yes
fpu_exception	: yes
cpuid level	: 13
wp		: yes
flags		: fpu vme de pse tsc msr pae mce cx8 apic sep mtrr pge mca cmov pat pse36 clflush dts acpi mmx fxsr sse sse2 ss ht tm pbe syscall nx rdtscp lm constant_tsc arch_perfmon pebs bts rep_good nopl xtopology nonstop_tsc aperfmperf eagerfpu pni pclmulqdq dtes64 monitor ds_cpl vmx est tm2 ssse3 cx16 xtpr pdcm pcid sse4_1 sse4_2 x2apic popcnt tsc_deadline_timer aes xsave avx f16c rdrand lahf_lm ida arat epb xsaveopt pln pts dtherm tpr_shadow vnmi flexpriority ept vpid fsgsbase smep erms
bogomips	: 5188.09
clflush size	: 64
cache_alignment	: 64
address sizes	: 36 bits physical, 48 bits virtual
power management:

processor	: 1
vendor_id	: GenuineIntel
cpu family	: 6
model		: 58
model name	: Intel(R) Core(TM) i5-3230M CPU @ 2.60GHz
stepping	: 9
microcode	: 0x15
cpu MHz		: 1201.179
cache size	: 3072 KB
physical id	: 0
siblings	: 4
core id		: 0
cpu cores	: 2
apicid		: 1
initial apicid	: 1
fpu		: yes
fpu_exception	: yes
cpuid level	: 13
wp		: yes
flags		: fpu vme de pse tsc msr pae mce cx8 apic sep mtrr pge mca cmov pat pse36 clflush dts acpi mmx fxsr sse sse2 ss ht tm pbe syscall nx rdtscp lm constant_tsc arch_perfmon pebs bts rep_good nopl xtopology nonstop_tsc aperfmperf eagerfpu pni pclmulqdq dtes64 monitor ds_cpl vmx est tm2 ssse3 cx16 xtpr pdcm pcid sse4_1 sse4_2 x2apic popcnt tsc_deadline_timer aes xsave avx f16c rdrand lahf_lm ida arat epb xsaveopt pln pts dtherm tpr_shadow vnmi flexpriority ept vpid fsgsbase smep erms
bogomips	: 5188.09
clflush size	: 64
cache_alignment	: 64
address sizes	: 36 bits physical, 48 bits virtual
power management:

processor	: 2
vendor_id	: GenuineIntel
cpu family	: 6
model		: 58
model name	: Intel(R) Core(TM) i5-3230M CPU @ 2.60GHz
stepping	: 9
microcode	: 0x15
cpu MHz		: 1212.859
cache size	: 3072 KB
physical id	: 0
siblings	: 4
core id		: 1
cpu cores	: 2
apicid		: 2
initial apicid	: 2
fpu		: yes
fpu_exception	: yes
cpuid level	: 13
wp		: yes
flags		: fpu vme de pse tsc msr pae mce cx8 apic sep mtrr pge mca cmov pat pse36 clflush dts acpi mmx fxsr sse sse2 ss ht tm pbe syscall nx rdtscp lm constant_tsc arch_perfmon pebs bts rep_good nopl xtopology nonstop_tsc aperfmperf eagerfpu pni pclmulqdq dtes64 monitor ds_cpl vmx est tm2 ssse3 cx16 xtpr pdcm pcid sse4_1 sse4_2 x2apic popcnt tsc_deadline_timer aes xsave avx f16c rdrand lahf_lm ida arat epb xsaveopt pln pts dtherm tpr_shadow vnmi flexpriority ept vpid fsgsbase smep erms
bogomips	: 5188.09
clflush size	: 64
cache_alignment	: 64
address sizes	: 36 bits physical, 48 bits virtual
power management:

processor	: 3
vendor_id	: GenuineIntel
cpu family	: 6
model		: 58
model name	: Intel(R) Core(TM) i5-3230M CPU @ 2.60GHz
stepping	: 9
microcode	: 0x15
cpu MHz		: 1285.781
cache size	: 3072 KB
physical id	: 0
siblings	: 4
core id		: 1
cpu cores	: 2
apicid		: 3
initial apicid	: 3
fpu		: yes
fpu_exception	: yes
cpuid level	: 13
wp		: yes
flags		: fpu vme de pse tsc msr pae mce cx8 apic sep mtrr pge mca cmov pat pse36 clflush dts acpi mmx fxsr sse sse2 ss ht tm pbe syscall nx rdtscp lm constant_tsc arch_perfmon pebs bts rep_good nopl xtopology nonstop_tsc aperfmperf eagerfpu pni pclmulqdq dtes64 monitor ds_cpl vmx est tm2 ssse3 cx16 xtpr pdcm pcid sse4_1 sse4_2 x2apic popcnt tsc_deadline_timer aes xsave avx f16c rdrand lahf_lm ida arat epb xsaveopt pln pts dtherm tpr_shadow vnmi flexpriority ept vpid fsgsbase smep erms
bogomips	: 5188.09
clflush size	: 64
cache_alignment	: 64
address sizes	: 36 bits physical, 48 bits virtual
power management:



Memory: 4k page, physical 3910064k(104040k free), swap 0k(0k free)

vm_info: Java HotSpot(TM) 64-Bit Server VM (25.45-b02) for linux-amd64 JRE (1.8.0_45-b14), built on Apr 10 2015 10:07:45 by "java_re" with gcc 4.3.0 20080428 (Red Hat 4.3.0-8)

time: Sat May 16 12:02:40 2015
elapsed time: 44 seconds (0d 0h 0m 44s)

