#
# There is insufficient memory for the Java Runtime Environment to continue.
# Native memory allocation (mmap) failed to map 81788928 bytes for committing reserved memory.
# Possible reasons:
#   The system is out of physical RAM or swap space
#   In 32 bit mode, the process size limit was hit
# Possible solutions:
#   Reduce memory load on the system
#   Increase physical memory or swap space
#   Check if swap backing store is full
#   Use 64 bit Java on a 64 bit OS
#   Decrease Java heap size (-Xmx/-Xms)
#   Decrease number of Java threads
#   Decrease Java thread stack sizes (-Xss)
#   Set larger code cache with -XX:ReservedCodeCacheSize=
# This output file may be truncated or incomplete.
#
#  Out of Memory Error (os_linux.cpp:2673), pid=4337, tid=140171091203840
#
# JRE version: Java(TM) SE Runtime Environment (8.0_45-b14) (build 1.8.0_45-b14)
# Java VM: Java HotSpot(TM) 64-Bit Server VM (25.45-b02 mixed mode linux-amd64 compressed oops)
# Failed to write core dump. Core dumps have been disabled. To enable core dumping, try "ulimit -c unlimited" before starting Java again
#

---------------  T H R E A D  ---------------

Current thread (0x00007f7c34078000):  VMThread [stack: 0x00007f7c20095000,0x00007f7c20196000] [id=4363]

Stack: [0x00007f7c20095000,0x00007f7c20196000],  sp=0x00007f7c20194060,  free space=1020k
Native frames: (J=compiled Java code, j=interpreted, Vv=VM code, C=native code)
V  [libjvm.so+0xaac99a]  VMError::report_and_die()+0x2ba
V  [libjvm.so+0x4f333b]  report_vm_out_of_memory(char const*, int, unsigned long, VMErrorType, char const*)+0x8b
V  [libjvm.so+0x90e7c3]  os::Linux::commit_memory_impl(char*, unsigned long, bool)+0x103
V  [libjvm.so+0x90ed19]  os::pd_commit_memory(char*, unsigned long, unsigned long, bool)+0x29
V  [libjvm.so+0x90867a]  os::commit_memory(char*, unsigned long, unsigned long, bool)+0x2a
V  [libjvm.so+0x97bac3]  PSVirtualSpace::expand_by(unsigned long)+0x53
V  [libjvm.so+0x97cec8]  PSYoungGen::resize_generation(unsigned long, unsigned long)+0xf8
V  [libjvm.so+0x97c022]  PSYoungGen::resize(unsigned long, unsigned long)+0x22
V  [libjvm.so+0x9792fb]  PSScavenge::invoke_no_policy()+0xf7b
V  [libjvm.so+0x979a81]  PSScavenge::invoke()+0x41
V  [libjvm.so+0x932050]  ParallelScavengeHeap::failed_mem_allocate(unsigned long)+0x70
V  [libjvm.so+0xaae1d7]  VM_ParallelGCFailedAllocation::doit()+0x97
V  [libjvm.so+0xab59c5]  VM_Operation::evaluate()+0x55
V  [libjvm.so+0xab3d9a]  VMThread::evaluate_operation(VM_Operation*)+0xba
V  [libjvm.so+0xab411e]  VMThread::loop()+0x1ce
V  [libjvm.so+0xab4590]  VMThread::run()+0x70
V  [libjvm.so+0x910de8]  java_start(Thread*)+0x108

VM_Operation (0x00007f7c3a81c5f0): ParallelGCFailedAllocation, mode: safepoint, requested by thread 0x00007f7c3400a000


---------------  P R O C E S S  ---------------

Java Threads: ( => current thread )
  0x00007f7c340c2800 JavaThread "Service Thread" daemon [_thread_blocked, id=4383, stack(0x00007f7c0b217000,0x00007f7c0b318000)]
  0x00007f7c340bd800 JavaThread "C1 CompilerThread2" daemon [_thread_blocked, id=4382, stack(0x00007f7c0b318000,0x00007f7c0b419000)]
  0x00007f7c340bb800 JavaThread "C2 CompilerThread1" daemon [_thread_blocked, id=4378, stack(0x00007f7c0b419000,0x00007f7c0b51a000)]
  0x00007f7c340b8800 JavaThread "C2 CompilerThread0" daemon [_thread_blocked, id=4377, stack(0x00007f7c0b51a000,0x00007f7c0b61b000)]
  0x00007f7c340b7000 JavaThread "Signal Dispatcher" daemon [_thread_blocked, id=4376, stack(0x00007f7c0b61b000,0x00007f7c0b71c000)]
  0x00007f7c3407f800 JavaThread "Finalizer" daemon [_thread_blocked, id=4367, stack(0x00007f7c0bdfe000,0x00007f7c0beff000)]
  0x00007f7c3407d000 JavaThread "Reference Handler" daemon [_thread_blocked, id=4365, stack(0x00007f7c0beff000,0x00007f7c0c000000)]
  0x00007f7c3400a000 JavaThread "main" [_thread_blocked, id=4341, stack(0x00007f7c3a71e000,0x00007f7c3a81f000)]

Other Threads:
=>0x00007f7c34078000 VMThread [stack: 0x00007f7c20095000,0x00007f7c20196000] [id=4363]
  0x00007f7c340c5000 WatcherThread [stack: 0x00007f7c0b116000,0x00007f7c0b217000] [id=4385]

VM state:at safepoint (normal execution)

VM Mutex/Monitor currently owned by a thread:  ([mutex/lock_event])
[0x00007f7c34006380] Threads_lock - owner thread: 0x00007f7c34078000
[0x00007f7c34006880] Heap_lock - owner thread: 0x00007f7c3400a000

Heap:
 PSYoungGen      total 64000K, used 2529K [0x00000000eab00000, 0x00000000eec00000, 0x0000000100000000)
  eden space 61440K, 0% used [0x00000000eab00000,0x00000000eab00000,0x00000000ee700000)
  from space 2560K, 98% used [0x00000000ee700000,0x00000000ee9786f0,0x00000000ee980000)
  to   space 2560K, 0% used [0x00000000ee980000,0x00000000ee980000,0x00000000eec00000)
 ParOldGen       total 40960K, used 22025K [0x00000000c0000000, 0x00000000c2800000, 0x00000000eab00000)
  object space 40960K, 53% used [0x00000000c0000000,0x00000000c15827b8,0x00000000c2800000)
 Metaspace       used 5994K, capacity 7088K, committed 7296K, reserved 1056768K
  class space    used 571K, capacity 616K, committed 640K, reserved 1048576K

Card table byte_map: [0x00007f7c241f2000,0x00007f7c243f3000] byte_map_base: 0x00007f7c23bf2000

Marking Bits: (ParMarkBitMap*) 0x00007f7c39bff760
 Begin Bits: [0x00007f7c21d99000, 0x00007f7c22d99000)
 End Bits:   [0x00007f7c22d99000, 0x00007f7c23d99000)

Polling page: 0x00007f7c3a845000

CodeCache: size=245760Kb used=7243Kb max_used=7263Kb free=238516Kb
 bounds [0x00007f7c247b3000, 0x00007f7c24ee3000, 0x00007f7c337b3000]
 total_blobs=1969 nmethods=1705 adapters=178
 compilation: enabled

Compilation events (10 events):
Event: 7.054 Thread 0x00007f7c340bd800 1752       2       com.android.dx.dex.code.RopTranslator$TranslationVisitor::visitThrowingInsn (118 bytes)
Event: 7.055 Thread 0x00007f7c340bd800 nmethod 1752 0x00007f7c24ea9c10 code [0x00007f7c24ea9e60, 0x00007f7c24eaa5c8]
Event: 7.062 Thread 0x00007f7c340b8800 nmethod 1730 0x00007f7c24ea8dd0 code [0x00007f7c24ea8f80, 0x00007f7c24ea95d8]
Event: 7.062 Thread 0x00007f7c340b8800 1732       4       com.android.dx.cf.code.BaseMachine::storeResults (90 bytes)
Event: 7.193 Thread 0x00007f7c340bd800 1756       2       java.util.ArrayList$SubList::get (23 bytes)
Event: 7.194 Thread 0x00007f7c340bd800 nmethod 1756 0x00007f7c24ec8ed0 code [0x00007f7c24ec9060, 0x00007f7c24ec9348]
Event: 7.251 Thread 0x00007f7c340b8800 nmethod 1732 0x00007f7c24ecd5d0 code [0x00007f7c24ecda60, 0x00007f7c24ed0230]
Event: 7.251 Thread 0x00007f7c340b8800 1755       4       com.android.dx.ssa.back.SsaToRop$1::visitBlock (97 bytes)
Event: 7.256 Thread 0x00007f7c340bd800 1758       2       java.util.HashMap$Node::<init> (26 bytes)
Event: 7.256 Thread 0x00007f7c340bd800 nmethod 1758 0x00007f7c24e98250 code [0x00007f7c24e983a0, 0x00007f7c24e98530]

GC Heap History (9 events):
Event: 1.975 GC heap before
{Heap before GC invocations=1 (full 0):
 PSYoungGen      total 17920K, used 15360K [0x00000000eab00000, 0x00000000ebf00000, 0x0000000100000000)
  eden space 15360K, 100% used [0x00000000eab00000,0x00000000eba00000,0x00000000eba00000)
  from space 2560K, 0% used [0x00000000ebc80000,0x00000000ebc80000,0x00000000ebf00000)
  to   space 2560K, 0% used [0x00000000eba00000,0x00000000eba00000,0x00000000ebc80000)
 ParOldGen       total 40960K, used 0K [0x00000000c0000000, 0x00000000c2800000, 0x00000000eab00000)
  object space 40960K, 0% used [0x00000000c0000000,0x00000000c0000000,0x00000000c2800000)
 Metaspace       used 5425K, capacity 6704K, committed 6784K, reserved 1056768K
  class space    used 544K, capacity 616K, committed 640K, reserved 1048576K
Event: 2.010 GC heap after
Heap after GC invocations=1 (full 0):
 PSYoungGen      total 17920K, used 2538K [0x00000000eab00000, 0x00000000ece00000, 0x0000000100000000)
  eden space 15360K, 0% used [0x00000000eab00000,0x00000000eab00000,0x00000000eba00000)
  from space 2560K, 99% used [0x00000000eba00000,0x00000000ebc7aaa8,0x00000000ebc80000)
  to   space 2560K, 0% used [0x00000000ecb80000,0x00000000ecb80000,0x00000000ece00000)
 ParOldGen       total 40960K, used 1698K [0x00000000c0000000, 0x00000000c2800000, 0x00000000eab00000)
  object space 40960K, 4% used [0x00000000c0000000,0x00000000c01a8970,0x00000000c2800000)
 Metaspace       used 5425K, capacity 6704K, committed 6784K, reserved 1056768K
  class space    used 544K, capacity 616K, committed 640K, reserved 1048576K
}
Event: 3.048 GC heap before
{Heap before GC invocations=2 (full 0):
 PSYoungGen      total 17920K, used 17898K [0x00000000eab00000, 0x00000000ece00000, 0x0000000100000000)
  eden space 15360K, 100% used [0x00000000eab00000,0x00000000eba00000,0x00000000eba00000)
  from space 2560K, 99% used [0x00000000eba00000,0x00000000ebc7aaa8,0x00000000ebc80000)
  to   space 2560K, 0% used [0x00000000ecb80000,0x00000000ecb80000,0x00000000ece00000)
 ParOldGen       total 40960K, used 1698K [0x00000000c0000000, 0x00000000c2800000, 0x00000000eab00000)
  object space 40960K, 4% used [0x00000000c0000000,0x00000000c01a8970,0x00000000c2800000)
 Metaspace       used 5666K, capacity 6896K, committed 7040K, reserved 1056768K
  class space    used 546K, capacity 616K, committed 640K, reserved 1048576K
Event: 3.105 GC heap after
Heap after GC invocations=2 (full 0):
 PSYoungGen      total 33280K, used 2535K [0x00000000eab00000, 0x00000000ece00000, 0x0000000100000000)
  eden space 30720K, 0% used [0x00000000eab00000,0x00000000eab00000,0x00000000ec900000)
  from space 2560K, 99% used [0x00000000ecb80000,0x00000000ecdf9c98,0x00000000ece00000)
  to   space 2560K, 0% used [0x00000000ec900000,0x00000000ec900000,0x00000000ecb80000)
 ParOldGen       total 40960K, used 3975K [0x00000000c0000000, 0x00000000c2800000, 0x00000000eab00000)
  object space 40960K, 9% used [0x00000000c0000000,0x00000000c03e1cb8,0x00000000c2800000)
 Metaspace       used 5666K, capacity 6896K, committed 7040K, reserved 1056768K
  class space    used 546K, capacity 616K, committed 640K, reserved 1048576K
}
Event: 4.501 GC heap before
{Heap before GC invocations=3 (full 0):
 PSYoungGen      total 33280K, used 33255K [0x00000000eab00000, 0x00000000ece00000, 0x0000000100000000)
  eden space 30720K, 100% used [0x00000000eab00000,0x00000000ec900000,0x00000000ec900000)
  from space 2560K, 99% used [0x00000000ecb80000,0x00000000ecdf9c98,0x00000000ece00000)
  to   space 2560K, 0% used [0x00000000ec900000,0x00000000ec900000,0x00000000ecb80000)
 ParOldGen       total 40960K, used 3975K [0x00000000c0000000, 0x00000000c2800000, 0x00000000eab00000)
  object space 40960K, 9% used [0x00000000c0000000,0x00000000c03e1cb8,0x00000000c2800000)
 Metaspace       used 5800K, capacity 7024K, committed 7296K, reserved 1056768K
  class space    used 546K, capacity 616K, committed 640K, reserved 1048576K
Event: 4.577 GC heap after
Heap after GC invocations=3 (full 0):
 PSYoungGen      total 33280K, used 2547K [0x00000000eab00000, 0x00000000eec00000, 0x0000000100000000)
  eden space 30720K, 0% used [0x00000000eab00000,0x00000000eab00000,0x00000000ec900000)
  from space 2560K, 99% used [0x00000000ec900000,0x00000000ecb7cd28,0x00000000ecb80000)
  to   space 2560K, 0% used [0x00000000ee980000,0x00000000ee980000,0x00000000eec00000)
 ParOldGen       total 40960K, used 8549K [0x00000000c0000000, 0x00000000c2800000, 0x00000000eab00000)
  object space 40960K, 20% used [0x00000000c0000000,0x00000000c0859790,0x00000000c2800000)
 Metaspace       used 5800K, capacity 7024K, committed 7296K, reserved 1056768K
  class space    used 546K, capacity 616K, committed 640K, reserved 1048576K
}
Event: 5.514 GC heap before
{Heap before GC invocations=4 (full 0):
 PSYoungGen      total 33280K, used 33267K [0x00000000eab00000, 0x00000000eec00000, 0x0000000100000000)
  eden space 30720K, 100% used [0x00000000eab00000,0x00000000ec900000,0x00000000ec900000)
  from space 2560K, 99% used [0x00000000ec900000,0x00000000ecb7cd28,0x00000000ecb80000)
  to   space 2560K, 0% used [0x00000000ee980000,0x00000000ee980000,0x00000000eec00000)
 ParOldGen       total 40960K, used 8549K [0x00000000c0000000, 0x00000000c2800000, 0x00000000eab00000)
  object space 40960K, 20% used [0x00000000c0000000,0x00000000c0859790,0x00000000c2800000)
 Metaspace       used 5863K, capacity 7088K, committed 7296K, reserved 1056768K
  class space    used 548K, capacity 616K, committed 640K, reserved 1048576K
Event: 5.586 GC heap after
Heap after GC invocations=4 (full 0):
 PSYoungGen      total 64000K, used 2547K [0x00000000eab00000, 0x00000000eec00000, 0x0000000100000000)
  eden space 61440K, 0% used [0x00000000eab00000,0x00000000eab00000,0x00000000ee700000)
  from space 2560K, 99% used [0x00000000ee980000,0x00000000eebfcd28,0x00000000eec00000)
  to   space 2560K, 0% used [0x00000000ee700000,0x00000000ee700000,0x00000000ee980000)
 ParOldGen       total 40960K, used 13267K [0x00000000c0000000, 0x00000000c2800000, 0x00000000eab00000)
  object space 40960K, 32% used [0x00000000c0000000,0x00000000c0cf4e78,0x00000000c2800000)
 Metaspace       used 5863K, capacity 7088K, committed 7296K, reserved 1056768K
  class space    used 548K, capacity 616K, committed 640K, reserved 1048576K
}
Event: 7.307 GC heap before
{Heap before GC invocations=5 (full 0):
 PSYoungGen      total 64000K, used 63987K [0x00000000eab00000, 0x00000000eec00000, 0x0000000100000000)
  eden space 61440K, 100% used [0x00000000eab00000,0x00000000ee700000,0x00000000ee700000)
  from space 2560K, 99% used [0x00000000ee980000,0x00000000eebfcd28,0x00000000eec00000)
  to   space 2560K, 0% used [0x00000000ee700000,0x00000000ee700000,0x00000000ee980000)
 ParOldGen       total 40960K, used 13267K [0x00000000c0000000, 0x00000000c2800000, 0x00000000eab00000)
  object space 40960K, 32% used [0x00000000c0000000,0x00000000c0cf4e78,0x00000000c2800000)
 Metaspace       used 5994K, capacity 7088K, committed 7296K, reserved 1056768K
  class space    used 571K, capacity 616K, committed 640K, reserved 1048576K

Deoptimization events (10 events):
Event: 5.615 Thread 0x00007f7c3400a000 Uncommon trap: reason=unstable_if action=reinterpret pc=0x00007f7c24972f40 method=java.lang.String.replace(CC)Ljava/lang/String; @ 26
Event: 5.761 Thread 0x00007f7c3400a000 Uncommon trap: reason=bimorphic action=maybe_recompile pc=0x00007f7c24b81a30 method=java.util.HashMap.getNode(ILjava/lang/Object;)Ljava/util/HashMap$Node; @ 126
Event: 5.761 Thread 0x00007f7c3400a000 Uncommon trap: reason=class_check action=maybe_recompile pc=0x00007f7c24cd2f14 method=java.util.HashMap.putVal(ILjava/lang/Object;Ljava/lang/Object;ZZ)Ljava/lang/Object; @ 203
Event: 5.774 Thread 0x00007f7c3400a000 Uncommon trap: reason=unstable_if action=reinterpret pc=0x00007f7c24b80614 method=java.util.HashMap.getNode(ILjava/lang/Object;)Ljava/util/HashMap$Node; @ 84
Event: 5.839 Thread 0x00007f7c3400a000 Uncommon trap: reason=bimorphic action=maybe_recompile pc=0x00007f7c24e43694 method=com.android.dx.cf.code.BytecodeArray.parseInstruction(ILcom/android/dx/cf/code/BytecodeArray$Visitor;)I @ 923
Event: 5.839 Thread 0x00007f7c3400a000 Uncommon trap: reason=bimorphic action=maybe_recompile pc=0x00007f7c24e43610 method=com.android.dx.cf.code.BytecodeArray.parseInstruction(ILcom/android/dx/cf/code/BytecodeArray$Visitor;)I @ 907
Event: 5.839 Thread 0x00007f7c3400a000 Uncommon trap: reason=unstable_if action=reinterpret pc=0x00007f7c24e43c80 method=com.android.dx.cf.code.BytecodeArray.parseInstruction(ILcom/android/dx/cf/code/BytecodeArray$Visitor;)I @ 1198
Event: 6.346 Thread 0x00007f7c3400a000 Uncommon trap: reason=unstable_if action=reinterpret pc=0x00007f7c24e80ea8 method=java.util.HashMap.putVal(ILjava/lang/Object;Ljava/lang/Object;ZZ)Ljava/lang/Object; @ 94
Event: 6.487 Thread 0x00007f7c3400a000 Uncommon trap: reason=unstable_if action=reinterpret pc=0x00007f7c24c3b564 method=java.util.HashMap.putVal(ILjava/lang/Object;Ljava/lang/Object;ZZ)Ljava/lang/Object; @ 162
Event: 6.537 Thread 0x00007f7c3400a000 Uncommon trap: reason=unstable_if action=reinterpret pc=0x00007f7c24bedf30 method=java.util.HashMap.getNode(ILjava/lang/Object;)Ljava/util/HashMap$Node; @ 84

Internal exceptions (6 events):
Event: 0.055 Thread 0x00007f7c3400a000 Exception <a 'java/lang/NoSuchMethodError': Method sun.misc.Unsafe.defineClass(Ljava/lang/String;[BII)Ljava/lang/Class; name or signature does not match> (0x00000000eab12a38) thrown at [/RE-WORK/workspace/8-2-build-linux-amd64/jdk8u45/3457/hotspot/src/sha
Event: 0.056 Thread 0x00007f7c3400a000 Exception <a 'java/lang/NoSuchMethodError': Method sun.misc.Unsafe.prefetchRead(Ljava/lang/Object;J)V name or signature does not match> (0x00000000eab12cc8) thrown at [/RE-WORK/workspace/8-2-build-linux-amd64/jdk8u45/3457/hotspot/src/share/vm/prims/jni.cp
Event: 4.412 Thread 0x00007f7c3400a000 Implicit null exception at 0x00007f7c24aea762 to 0x00007f7c24aea853
Event: 5.762 Thread 0x00007f7c3400a000 Exception <a 'java/lang/ArrayIndexOutOfBoundsException': 18> (0x00000000eb138df8) thrown at [/RE-WORK/workspace/8-2-build-linux-amd64/jdk8u45/3457/hotspot/src/share/vm/interpreter/interpreterRuntime.cpp, line 366]
Event: 6.488 Thread 0x00007f7c3400a000 Exception <a 'java/lang/ArrayIndexOutOfBoundsException': 145> (0x00000000ec836708) thrown at [/RE-WORK/workspace/8-2-build-linux-amd64/jdk8u45/3457/hotspot/src/share/vm/interpreter/interpreterRuntime.cpp, line 366]
Event: 6.513 Thread 0x00007f7c3400a000 Exception <a 'java/lang/ArrayIndexOutOfBoundsException'> (0x00000000ec837940) thrown at [/RE-WORK/workspace/8-2-build-linux-amd64/jdk8u45/3457/hotspot/src/share/vm/runtime/sharedRuntime.cpp, line 605]

Events (10 events):
Event: 6.513 loading class sun/reflect/generics/reflectiveObjects/TypeVariableImpl
Event: 6.513 loading class sun/reflect/generics/reflectiveObjects/LazyReflectiveObjectGenerator
Event: 6.513 loading class sun/reflect/generics/reflectiveObjects/LazyReflectiveObjectGenerator done
Event: 6.513 loading class sun/reflect/generics/reflectiveObjects/TypeVariableImpl done
Event: 6.537 Thread 0x00007f7c3400a000 Uncommon trap: trap_request=0xffffff65 fr.pc=0x00007f7c24bedf30
Event: 6.537 Thread 0x00007f7c3400a000 DEOPT PACKING pc=0x00007f7c24bedf30 sp=0x00007f7c3a81cad0
Event: 6.537 Thread 0x00007f7c3400a000 DEOPT UNPACKING pc=0x00007f7c247b8229 sp=0x00007f7c3a81c868 mode 2
Event: 6.973 Thread 0x00007f7c3400a000 DEOPT PACKING pc=0x00007f7c24e1ec7f sp=0x00007f7c3a81c980
Event: 6.973 Thread 0x00007f7c3400a000 DEOPT UNPACKING pc=0x00007f7c247fa633 sp=0x00007f7c3a81c698 mode 0
Event: 7.307 Executing VM operation: ParallelGCFailedAllocation


Dynamic libraries:
00400000-00401000 r-xp 00000000 08:05 12064184                           /usr/lib/java/jdk1.8.0_45/bin/java
00600000-00601000 rw-p 00000000 08:05 12064184                           /usr/lib/java/jdk1.8.0_45/bin/java
009da000-009fb000 rw-p 00000000 00:00 0                                  [heap]
c0000000-c2800000 rw-p 00000000 00:00 0 
c2800000-eab00000 ---p 00000000 00:00 0 
eab00000-eec00000 rw-p 00000000 00:00 0 
f3a00000-100000000 ---p 00000000 00:00 0 
100000000-1000a0000 rw-p 00000000 00:00 0 
1000a0000-140000000 ---p 00000000 00:00 0 
7f7be4000000-7f7be4021000 rw-p 00000000 00:00 0 
7f7be4021000-7f7be8000000 ---p 00000000 00:00 0 
7f7bec000000-7f7bec8e9000 rw-p 00000000 00:00 0 
7f7bec8e9000-7f7bf0000000 ---p 00000000 00:00 0 
7f7bf0000000-7f7bf0021000 rw-p 00000000 00:00 0 
7f7bf0021000-7f7bf4000000 ---p 00000000 00:00 0 
7f7bf4000000-7f7bf4db4000 rw-p 00000000 00:00 0 
7f7bf4db4000-7f7bf8000000 ---p 00000000 00:00 0 
7f7bf8000000-7f7bf8ebc000 rw-p 00000000 00:00 0 
7f7bf8ebc000-7f7bfc000000 ---p 00000000 00:00 0 
7f7bfc000000-7f7bfc021000 rw-p 00000000 00:00 0 
7f7bfc021000-7f7c00000000 ---p 00000000 00:00 0 
7f7c00000000-7f7c00021000 rw-p 00000000 00:00 0 
7f7c00021000-7f7c04000000 ---p 00000000 00:00 0 
7f7c04000000-7f7c04021000 rw-p 00000000 00:00 0 
7f7c04021000-7f7c08000000 ---p 00000000 00:00 0 
7f7c0b116000-7f7c0b117000 ---p 00000000 00:00 0 
7f7c0b117000-7f7c0b217000 rw-p 00000000 00:00 0                          [stack:4385]
7f7c0b217000-7f7c0b21a000 ---p 00000000 00:00 0 
7f7c0b21a000-7f7c0b318000 rw-p 00000000 00:00 0                          [stack:4383]
7f7c0b318000-7f7c0b31b000 ---p 00000000 00:00 0 
7f7c0b31b000-7f7c0b419000 rw-p 00000000 00:00 0                          [stack:4382]
7f7c0b419000-7f7c0b41c000 ---p 00000000 00:00 0 
7f7c0b41c000-7f7c0b51a000 rw-p 00000000 00:00 0                          [stack:4378]
7f7c0b51a000-7f7c0b51d000 ---p 00000000 00:00 0 
7f7c0b51d000-7f7c0b61b000 rw-p 00000000 00:00 0                          [stack:4377]
7f7c0b61b000-7f7c0b61e000 ---p 00000000 00:00 0 
7f7c0b61e000-7f7c0b71c000 rw-p 00000000 00:00 0                          [stack:4376]
7f7c0b71c000-7f7c0bdfe000 r--p 00000000 08:05 12852234                   /usr/lib/locale/locale-archive
7f7c0bdfe000-7f7c0be01000 ---p 00000000 00:00 0 
7f7c0be01000-7f7c0beff000 rw-p 00000000 00:00 0                          [stack:4367]
7f7c0beff000-7f7c0bf02000 ---p 00000000 00:00 0 
7f7c0bf02000-7f7c0c000000 rw-p 00000000 00:00 0                          [stack:4365]
7f7c0c000000-7f7c0c021000 rw-p 00000000 00:00 0 
7f7c0c021000-7f7c10000000 ---p 00000000 00:00 0 
7f7c10000000-7f7c1028a000 rw-p 00000000 00:00 0 
7f7c1028a000-7f7c14000000 ---p 00000000 00:00 0 
7f7c14000000-7f7c14021000 rw-p 00000000 00:00 0 
7f7c14021000-7f7c18000000 ---p 00000000 00:00 0 
7f7c18000000-7f7c18021000 rw-p 00000000 00:00 0 
7f7c18021000-7f7c1c000000 ---p 00000000 00:00 0 
7f7c1c000000-7f7c1c021000 rw-p 00000000 00:00 0 
7f7c1c021000-7f7c20000000 ---p 00000000 00:00 0 
7f7c20074000-7f7c20086000 r--s 000c6000 08:05 12065929                   /home/arpit/AndroidStudioProjects/HttpServer/app/build/intermediates/exploded-aar/com.android.support/support-v4/22.1.1/jars/classes.jar
7f7c20086000-7f7c20095000 r--s 000dd000 08:05 4851314                    /root/Android/Sdk/build-tools/22.0.1/lib/dx.jar
7f7c20095000-7f7c20096000 ---p 00000000 00:00 0 
7f7c20096000-7f7c2114a000 rw-p 00000000 00:00 0                          [stack:4363]
7f7c2114a000-7f7c21323000 r--s 03d09000 08:05 12063986                   /usr/lib/java/jdk1.8.0_45/jre/lib/rt.jar
7f7c21323000-7f7c21a19000 rw-p 00000000 00:00 0 
7f7c21a19000-7f7c21b99000 ---p 00000000 00:00 0 
7f7c21b99000-7f7c23d99000 rw-p 00000000 00:00 0 
7f7c23d99000-7f7c23d9a000 ---p 00000000 00:00 0 
7f7c23d9a000-7f7c23e9a000 rw-p 00000000 00:00 0                          [stack:4358]
7f7c23e9a000-7f7c23e9b000 ---p 00000000 00:00 0 
7f7c23e9b000-7f7c23f9b000 rw-p 00000000 00:00 0                          [stack:4357]
7f7c23f9b000-7f7c23f9c000 ---p 00000000 00:00 0 
7f7c23f9c000-7f7c240b0000 rw-p 00000000 00:00 0                          [stack:4354]
7f7c240b0000-7f7c241f2000 ---p 00000000 00:00 0 
7f7c241f2000-7f7c24206000 rw-p 00000000 00:00 0 
7f7c24206000-7f7c24347000 ---p 00000000 00:00 0 
7f7c24347000-7f7c24368000 rw-p 00000000 00:00 0 
7f7c24368000-7f7c243f2000 ---p 00000000 00:00 0 
7f7c243f2000-7f7c24410000 rw-p 00000000 00:00 0 
7f7c24410000-7f7c247b3000 ---p 00000000 00:00 0 
7f7c247b3000-7f7c24ee3000 rwxp 00000000 00:00 0 
7f7c24ee3000-7f7c337b3000 ---p 00000000 00:00 0 
7f7c337b3000-7f7c337cd000 r-xp 00000000 08:05 12064012                   /usr/lib/java/jdk1.8.0_45/jre/lib/amd64/libzip.so
7f7c337cd000-7f7c339cd000 ---p 0001a000 08:05 12064012                   /usr/lib/java/jdk1.8.0_45/jre/lib/amd64/libzip.so
7f7c339cd000-7f7c339ce000 rw-p 0001a000 08:05 12064012                   /usr/lib/java/jdk1.8.0_45/jre/lib/amd64/libzip.so
7f7c339ce000-7f7c339d9000 r-xp 00000000 08:05 4456553                    /lib/x86_64-linux-gnu/libnss_files-2.19.so
7f7c339d9000-7f7c33bd8000 ---p 0000b000 08:05 4456553                    /lib/x86_64-linux-gnu/libnss_files-2.19.so
7f7c33bd8000-7f7c33bd9000 r--p 0000a000 08:05 4456553                    /lib/x86_64-linux-gnu/libnss_files-2.19.so
7f7c33bd9000-7f7c33bda000 rw-p 0000b000 08:05 4456553                    /lib/x86_64-linux-gnu/libnss_files-2.19.so
7f7c33bda000-7f7c33be5000 r-xp 00000000 08:05 4460569                    /lib/x86_64-linux-gnu/libnss_nis-2.19.so
7f7c33be5000-7f7c33de4000 ---p 0000b000 08:05 4460569                    /lib/x86_64-linux-gnu/libnss_nis-2.19.so
7f7c33de4000-7f7c33de5000 r--p 0000a000 08:05 4460569                    /lib/x86_64-linux-gnu/libnss_nis-2.19.so
7f7c33de5000-7f7c33de6000 rw-p 0000b000 08:05 4460569                    /lib/x86_64-linux-gnu/libnss_nis-2.19.so
7f7c33de6000-7f7c33dfd000 r-xp 00000000 08:05 4456539                    /lib/x86_64-linux-gnu/libnsl-2.19.so
7f7c33dfd000-7f7c33ffc000 ---p 00017000 08:05 4456539                    /lib/x86_64-linux-gnu/libnsl-2.19.so
7f7c33ffc000-7f7c33ffd000 r--p 00016000 08:05 4456539                    /lib/x86_64-linux-gnu/libnsl-2.19.so
7f7c33ffd000-7f7c33ffe000 rw-p 00017000 08:05 4456539                    /lib/x86_64-linux-gnu/libnsl-2.19.so
7f7c33ffe000-7f7c34000000 rw-p 00000000 00:00 0 
7f7c34000000-7f7c343a1000 rw-p 00000000 00:00 0 
7f7c343a1000-7f7c38000000 ---p 00000000 00:00 0 
7f7c3800e000-7f7c3800f000 ---p 00000000 00:00 0 
7f7c3800f000-7f7c3810f000 rw-p 00000000 00:00 0                          [stack:4349]
7f7c3810f000-7f7c38118000 r-xp 00000000 08:05 4456540                    /lib/x86_64-linux-gnu/libnss_compat-2.19.so
7f7c38118000-7f7c38317000 ---p 00009000 08:05 4456540                    /lib/x86_64-linux-gnu/libnss_compat-2.19.so
7f7c38317000-7f7c38318000 r--p 00008000 08:05 4456540                    /lib/x86_64-linux-gnu/libnss_compat-2.19.so
7f7c38318000-7f7c38319000 rw-p 00009000 08:05 4456540                    /lib/x86_64-linux-gnu/libnss_compat-2.19.so
7f7c38319000-7f7c38343000 r-xp 00000000 08:05 12064005                   /usr/lib/java/jdk1.8.0_45/jre/lib/amd64/libjava.so
7f7c38343000-7f7c38543000 ---p 0002a000 08:05 12064005                   /usr/lib/java/jdk1.8.0_45/jre/lib/amd64/libjava.so
7f7c38543000-7f7c38545000 rw-p 0002a000 08:05 12064005                   /usr/lib/java/jdk1.8.0_45/jre/lib/amd64/libjava.so
7f7c38545000-7f7c38552000 r-xp 00000000 08:05 12064047                   /usr/lib/java/jdk1.8.0_45/jre/lib/amd64/libverify.so
7f7c38552000-7f7c38752000 ---p 0000d000 08:05 12064047                   /usr/lib/java/jdk1.8.0_45/jre/lib/amd64/libverify.so
7f7c38752000-7f7c38754000 rw-p 0000d000 08:05 12064047                   /usr/lib/java/jdk1.8.0_45/jre/lib/amd64/libverify.so
7f7c38754000-7f7c3875b000 r-xp 00000000 08:05 4460615                    /lib/x86_64-linux-gnu/librt-2.19.so
7f7c3875b000-7f7c3895a000 ---p 00007000 08:05 4460615                    /lib/x86_64-linux-gnu/librt-2.19.so
7f7c3895a000-7f7c3895b000 r--p 00006000 08:05 4460615                    /lib/x86_64-linux-gnu/librt-2.19.so
7f7c3895b000-7f7c3895c000 rw-p 00007000 08:05 4460615                    /lib/x86_64-linux-gnu/librt-2.19.so
7f7c3895c000-7f7c38a61000 r-xp 00000000 08:05 4456463                    /lib/x86_64-linux-gnu/libm-2.19.so
7f7c38a61000-7f7c38c60000 ---p 00105000 08:05 4456463                    /lib/x86_64-linux-gnu/libm-2.19.so
7f7c38c60000-7f7c38c61000 r--p 00104000 08:05 4456463                    /lib/x86_64-linux-gnu/libm-2.19.so
7f7c38c61000-7f7c38c62000 rw-p 00105000 08:05 4456463                    /lib/x86_64-linux-gnu/libm-2.19.so
7f7c38c62000-7f7c39910000 r-xp 00000000 08:05 12064053                   /usr/lib/java/jdk1.8.0_45/jre/lib/amd64/server/libjvm.so
7f7c39910000-7f7c39b0f000 ---p 00cae000 08:05 12064053                   /usr/lib/java/jdk1.8.0_45/jre/lib/amd64/server/libjvm.so
7f7c39b0f000-7f7c39be6000 rw-p 00cad000 08:05 12064053                   /usr/lib/java/jdk1.8.0_45/jre/lib/amd64/server/libjvm.so
7f7c39be6000-7f7c39c2a000 rw-p 00000000 00:00 0 
7f7c39c2a000-7f7c39de4000 r-xp 00000000 08:05 4460501                    /lib/x86_64-linux-gnu/libc-2.19.so
7f7c39de4000-7f7c39fe3000 ---p 001ba000 08:05 4460501                    /lib/x86_64-linux-gnu/libc-2.19.so
7f7c39fe3000-7f7c39fe7000 r--p 001b9000 08:05 4460501                    /lib/x86_64-linux-gnu/libc-2.19.so
7f7c39fe7000-7f7c39fe9000 rw-p 001bd000 08:05 4460501                    /lib/x86_64-linux-gnu/libc-2.19.so
7f7c39fe9000-7f7c39fee000 rw-p 00000000 00:00 0 
7f7c39fee000-7f7c39ff1000 r-xp 00000000 08:05 4456542                    /lib/x86_64-linux-gnu/libdl-2.19.so
7f7c39ff1000-7f7c3a1f0000 ---p 00003000 08:05 4456542                    /lib/x86_64-linux-gnu/libdl-2.19.so
7f7c3a1f0000-7f7c3a1f1000 r--p 00002000 08:05 4456542                    /lib/x86_64-linux-gnu/libdl-2.19.so
7f7c3a1f1000-7f7c3a1f2000 rw-p 00003000 08:05 4456542                    /lib/x86_64-linux-gnu/libdl-2.19.so
7f7c3a1f2000-7f7c3a207000 r-xp 00000000 08:05 12064346                   /usr/lib/java/jdk1.8.0_45/lib/amd64/jli/libjli.so
7f7c3a207000-7f7c3a407000 ---p 00015000 08:05 12064346                   /usr/lib/java/jdk1.8.0_45/lib/amd64/jli/libjli.so
7f7c3a407000-7f7c3a408000 rw-p 00015000 08:05 12064346                   /usr/lib/java/jdk1.8.0_45/lib/amd64/jli/libjli.so
7f7c3a408000-7f7c3a421000 r-xp 00000000 08:05 4456543                    /lib/x86_64-linux-gnu/libpthread-2.19.so
7f7c3a421000-7f7c3a620000 ---p 00019000 08:05 4456543                    /lib/x86_64-linux-gnu/libpthread-2.19.so
7f7c3a620000-7f7c3a621000 r--p 00018000 08:05 4456543                    /lib/x86_64-linux-gnu/libpthread-2.19.so
7f7c3a621000-7f7c3a622000 rw-p 00019000 08:05 4456543                    /lib/x86_64-linux-gnu/libpthread-2.19.so
7f7c3a622000-7f7c3a626000 rw-p 00000000 00:00 0 
7f7c3a626000-7f7c3a649000 r-xp 00000000 08:05 4456549                    /lib/x86_64-linux-gnu/ld-2.19.so
7f7c3a64c000-7f7c3a71e000 rw-p 00000000 00:00 0 
7f7c3a71e000-7f7c3a721000 ---p 00000000 00:00 0 
7f7c3a721000-7f7c3a823000 rw-p 00000000 00:00 0                          [stack:4341]
7f7c3a827000-7f7c3a83c000 rw-p 00000000 00:00 0 
7f7c3a83c000-7f7c3a844000 rw-s 00000000 08:05 13906368                   /tmp/hsperfdata_root/4337
7f7c3a844000-7f7c3a845000 rw-p 00000000 00:00 0 
7f7c3a845000-7f7c3a846000 ---p 00000000 00:00 0 
7f7c3a846000-7f7c3a848000 rw-p 00000000 00:00 0 
7f7c3a848000-7f7c3a849000 r--p 00022000 08:05 4456549                    /lib/x86_64-linux-gnu/ld-2.19.so
7f7c3a849000-7f7c3a84a000 rw-p 00023000 08:05 4456549                    /lib/x86_64-linux-gnu/ld-2.19.so
7f7c3a84a000-7f7c3a84b000 rw-p 00000000 00:00 0 
7fffb142b000-7fffb144c000 rw-p 00000000 00:00 0                          [stack]
7fffb1498000-7fffb149a000 r-xp 00000000 00:00 0                          [vdso]
7fffb149a000-7fffb149c000 r--p 00000000 00:00 0                          [vvar]
ffffffffff600000-ffffffffff601000 r-xp 00000000 00:00 0                  [vsyscall]

VM Arguments:
jvm_args: -Xmx1024M -Dfile.encoding=UTF-8 -Duser.country=IN -Duser.language=en -Duser.variant 
java_command: com.android.dx.command.Main --dex --output /home/arpit/AndroidStudioProjects/HttpServer/app/build/intermediates/pre-dexed/debug/classes-bc12fc2e0c710831ec3f9f1220a650f553456b9e.jar /home/arpit/AndroidStudioProjects/HttpServer/app/build/intermediates/exploded-aar/com.android.support/support-v4/22.1.1/jars/classes.jar
java_class_path (initial): /root/Android/Sdk/build-tools/22.0.1/lib/dx.jar
Launcher Type: SUN_STANDARD

Environment Variables:
PATH=/usr/local/sbin:/usr/local/bin:/usr/sbin:/usr/bin:/sbin:/bin
USERNAME=root
LD_LIBRARY_PATH=.:
SHELL=/bin/bash
DISPLAY=:0

Signal Handlers:
SIGSEGV: [libjvm.so+0xaad1e0], sa_mask[0]=11111111011111111101111111111110, sa_flags=SA_RESTART|SA_SIGINFO
SIGBUS: [libjvm.so+0xaad1e0], sa_mask[0]=11111111011111111101111111111110, sa_flags=SA_RESTART|SA_SIGINFO
SIGFPE: [libjvm.so+0x90b450], sa_mask[0]=11111111011111111101111111111110, sa_flags=SA_RESTART|SA_SIGINFO
SIGPIPE: [libjvm.so+0x90b450], sa_mask[0]=11111111011111111101111111111110, sa_flags=SA_RESTART|SA_SIGINFO
SIGXFSZ: [libjvm.so+0x90b450], sa_mask[0]=11111111011111111101111111111110, sa_flags=SA_RESTART|SA_SIGINFO
SIGILL: [libjvm.so+0x90b450], sa_mask[0]=11111111011111111101111111111110, sa_flags=SA_RESTART|SA_SIGINFO
SIGUSR1: SIG_DFL, sa_mask[0]=00000000000000000000000000000000, sa_flags=none
SIGUSR2: [libjvm.so+0x90ca90], sa_mask[0]=00100000000000000000000000000000, sa_flags=SA_RESTART|SA_SIGINFO
SIGHUP: [libjvm.so+0x90dde0], sa_mask[0]=11111111011111111101111111111110, sa_flags=SA_RESTART|SA_SIGINFO
SIGINT: [libjvm.so+0x90dde0], sa_mask[0]=11111111011111111101111111111110, sa_flags=SA_RESTART|SA_SIGINFO
SIGTERM: [libjvm.so+0x90dde0], sa_mask[0]=11111111011111111101111111111110, sa_flags=SA_RESTART|SA_SIGINFO
SIGQUIT: [libjvm.so+0x90dde0], sa_mask[0]=11111111011111111101111111111110, sa_flags=SA_RESTART|SA_SIGINFO


---------------  S Y S T E M  ---------------

OS:DISTRIB_ID=Ubuntu
DISTRIB_RELEASE=14.10
DISTRIB_CODENAME=utopic
DISTRIB_DESCRIPTION="Ubuntu 14.10"

uname:Linux 3.16.0-31-generic #43-Ubuntu SMP Tue Mar 10 17:37:36 UTC 2015 x86_64
libc:glibc 2.19 NPTL 2.19 
rlimit: STACK 8192k, CORE 0k, NPROC 14973, NOFILE 4096, AS infinity
load average:2.31 1.81 1.13

/proc/meminfo:
MemTotal:        3910064 kB
MemFree:          189812 kB
MemAvailable:     137744 kB
Buffers:             820 kB
Cached:           388280 kB
SwapCached:            0 kB
Active:          3161448 kB
Inactive:         339144 kB
Active(anon):    3145488 kB
Inactive(anon):   325080 kB
Active(file):      15960 kB
Inactive(file):    14064 kB
Unevictable:         144 kB
Mlocked:             144 kB
SwapTotal:             0 kB
SwapFree:              0 kB
Dirty:               416 kB
Writeback:             0 kB
AnonPages:       3112496 kB
Mapped:           181852 kB
Shmem:            358232 kB
Slab:              75504 kB
SReclaimable:      34772 kB
SUnreclaim:        40732 kB
KernelStack:       13744 kB
PageTables:        49772 kB
NFS_Unstable:          0 kB
Bounce:                0 kB
WritebackTmp:          0 kB
CommitLimit:     1955032 kB
Committed_AS:    8417548 kB
VmallocTotal:   34359738367 kB
VmallocUsed:      360780 kB
VmallocChunk:   34359296768 kB
HardwareCorrupted:     0 kB
AnonHugePages:    692224 kB
HugePages_Total:       0
HugePages_Free:        0
HugePages_Rsvd:        0
HugePages_Surp:        0
Hugepagesize:       2048 kB
DirectMap4k:       65784 kB
DirectMap2M:     3991552 kB


CPU:total 4 (2 cores per cpu, 2 threads per core) family 6 model 58 stepping 9, cmov, cx8, fxsr, mmx, sse, sse2, sse3, ssse3, sse4.1, sse4.2, popcnt, avx, aes, clmul, erms, ht, tsc, tscinvbit, tscinv

/proc/cpuinfo:
processor	: 0
vendor_id	: GenuineIntel
cpu family	: 6
model		: 58
model name	: Intel(R) Core(TM) i5-3230M CPU @ 2.60GHz
stepping	: 9
microcode	: 0x15
cpu MHz		: 2999.953
cache size	: 3072 KB
physical id	: 0
siblings	: 4
core id		: 0
cpu cores	: 2
apicid		: 0
initial apicid	: 0
fpu		: yes
fpu_exception	: yes
cpuid level	: 13
wp		: yes
flags		: fpu vme de pse tsc msr pae mce cx8 apic sep mtrr pge mca cmov pat pse36 clflush dts acpi mmx fxsr sse sse2 ss ht tm pbe syscall nx rdtscp lm constant_tsc arch_perfmon pebs bts rep_good nopl xtopology nonstop_tsc aperfmperf eagerfpu pni pclmulqdq dtes64 monitor ds_cpl vmx est tm2 ssse3 cx16 xtpr pdcm pcid sse4_1 sse4_2 x2apic popcnt tsc_deadline_timer aes xsave avx f16c rdrand lahf_lm ida arat epb xsaveopt pln pts dtherm tpr_shadow vnmi flexpriority ept vpid fsgsbase smep erms
bogomips	: 5188.38
clflush size	: 64
cache_alignment	: 64
address sizes	: 36 bits physical, 48 bits virtual
power management:

processor	: 1
vendor_id	: GenuineIntel
cpu family	: 6
model		: 58
model name	: Intel(R) Core(TM) i5-3230M CPU @ 2.60GHz
stepping	: 9
microcode	: 0x15
cpu MHz		: 3001.781
cache size	: 3072 KB
physical id	: 0
siblings	: 4
core id		: 0
cpu cores	: 2
apicid		: 1
initial apicid	: 1
fpu		: yes
fpu_exception	: yes
cpuid level	: 13
wp		: yes
flags		: fpu vme de pse tsc msr pae mce cx8 apic sep mtrr pge mca cmov pat pse36 clflush dts acpi mmx fxsr sse sse2 ss ht tm pbe syscall nx rdtscp lm constant_tsc arch_perfmon pebs bts rep_good nopl xtopology nonstop_tsc aperfmperf eagerfpu pni pclmulqdq dtes64 monitor ds_cpl vmx est tm2 ssse3 cx16 xtpr pdcm pcid sse4_1 sse4_2 x2apic popcnt tsc_deadline_timer aes xsave avx f16c rdrand lahf_lm ida arat epb xsaveopt pln pts dtherm tpr_shadow vnmi flexpriority ept vpid fsgsbase smep erms
bogomips	: 5188.38
clflush size	: 64
cache_alignment	: 64
address sizes	: 36 bits physical, 48 bits virtual
power management:

processor	: 2
vendor_id	: GenuineIntel
cpu family	: 6
model		: 58
model name	: Intel(R) Core(TM) i5-3230M CPU @ 2.60GHz
stepping	: 9
microcode	: 0x15
cpu MHz		: 3000.054
cache size	: 3072 KB
physical id	: 0
siblings	: 4
core id		: 1
cpu cores	: 2
apicid		: 2
initial apicid	: 2
fpu		: yes
fpu_exception	: yes
cpuid level	: 13
wp		: yes
flags		: fpu vme de pse tsc msr pae mce cx8 apic sep mtrr pge mca cmov pat pse36 clflush dts acpi mmx fxsr sse sse2 ss ht tm pbe syscall nx rdtscp lm constant_tsc arch_perfmon pebs bts rep_good nopl xtopology nonstop_tsc aperfmperf eagerfpu pni pclmulqdq dtes64 monitor ds_cpl vmx est tm2 ssse3 cx16 xtpr pdcm pcid sse4_1 sse4_2 x2apic popcnt tsc_deadline_timer aes xsave avx f16c rdrand lahf_lm ida arat epb xsaveopt pln pts dtherm tpr_shadow vnmi flexpriority ept vpid fsgsbase smep erms
bogomips	: 5188.38
clflush size	: 64
cache_alignment	: 64
address sizes	: 36 bits physical, 48 bits virtual
power management:

processor	: 3
vendor_id	: GenuineIntel
cpu family	: 6
model		: 58
model name	: Intel(R) Core(TM) i5-3230M CPU @ 2.60GHz
stepping	: 9
microcode	: 0x15
cpu MHz		: 2999.953
cache size	: 3072 KB
physical id	: 0
siblings	: 4
core id		: 1
cpu cores	: 2
apicid		: 3
initial apicid	: 3
fpu		: yes
fpu_exception	: yes
cpuid level	: 13
wp		: yes
flags		: fpu vme de pse tsc msr pae mce cx8 apic sep mtrr pge mca cmov pat pse36 clflush dts acpi mmx fxsr sse sse2 ss ht tm pbe syscall nx rdtscp lm constant_tsc arch_perfmon pebs bts rep_good nopl xtopology nonstop_tsc aperfmperf eagerfpu pni pclmulqdq dtes64 monitor ds_cpl vmx est tm2 ssse3 cx16 xtpr pdcm pcid sse4_1 sse4_2 x2apic popcnt tsc_deadline_timer aes xsave avx f16c rdrand lahf_lm ida arat epb xsaveopt pln pts dtherm tpr_shadow vnmi flexpriority ept vpid fsgsbase smep erms
bogomips	: 5188.38
clflush size	: 64
cache_alignment	: 64
address sizes	: 36 bits physical, 48 bits virtual
power management:



Memory: 4k page, physical 3910064k(189812k free), swap 0k(0k free)

vm_info: Java HotSpot(TM) 64-Bit Server VM (25.45-b02) for linux-amd64 JRE (1.8.0_45-b14), built on Apr 10 2015 10:07:45 by "java_re" with gcc 4.3.0 20080428 (Red Hat 4.3.0-8)

time: Mon May 25 11:49:10 2015
elapsed time: 8 seconds (0d 0h 0m 8s)

